[ 2014-06-21T12:23:42+08:00 ] 116.20.50.176 /Admin/index.php/index/index.html
INFO: [ view_parse ] --START--
INFO: ParseTemplate Behavior ::run [ RunTime:0.008203s ]
INFO: [ view_parse ] --END-- [ RunTime:0.008266s ]
INFO: [ view_filter ] --START--
INFO: ContentReplace Behavior ::run [ RunTime:0.000286s ]
INFO: TokenBuild Behavior ::run [ RunTime:0.000287s ]
INFO: WriteHtmlCache Behavior ::run [ RunTime:0.000197s ]
INFO: ShowRuntime Behavior ::run [ RunTime:0.000297s ]
INFO: [ view_filter ] --END-- [ RunTime:0.001198s ]
INFO: [ view_end ] --START--
INFO: ShowPageTrace Behavior ::run [ RunTime:0.000424s ]
INFO: [ view_end ] --END-- [ RunTime:0.000476s ]

[ 2014-06-21T12:23:45+08:00 ] 116.20.50.176 /Admin/index.php/Baoming/index/?_=1403324396465
INFO: [ app_begin ] --START--
INFO: ReadHtmlCache Behavior ::run [ RunTime:0.000345s ]
INFO: [ app_begin ] --END-- [ RunTime:0.000420s ]
NOTIC: [2048] Declaration of BaomingAction::_list() should be compatible with that of CommonAction::_list() /data/web/wxbosheng/public_html/Admin/Lib/Action/BaomingAction.class.php 第 3 行.
SQL: SHOW COLUMNS FROM `baoming` [ RunTime:0.000463s ]
SQL: SHOW COLUMNS FROM `baoming` [ RunTime:0.000324s ]
SQL: SELECT COUNT(id) AS tp_count FROM `baoming` LIMIT 1   [ RunTime:0.000051s ]
NOTIC: [8] Undefined variable: p /data/web/wxbosheng/public_html/Admin/Lib/Action/BaomingAction.class.php 第 74 行.
NOTIC: [8] Trying to get property of non-object /data/web/wxbosheng/public_html/Admin/Lib/Action/BaomingAction.class.php 第 74 行.
INFO: [ view_parse ] --START--
NOTIC: [8] Undefined index: _order /data/web/wxbosheng/public_html/Admin/Runtime/Cache/d507ed2f6fa19ce923ef8f0b4c95cbdd.php 第 3 行.
NOTIC: [8] Undefined index: _sort /data/web/wxbosheng/public_html/Admin/Runtime/Cache/d507ed2f6fa19ce923ef8f0b4c95cbdd.php 第 4 行.
NOTIC: [8] Undefined index: _order /data/web/wxbosheng/public_html/Admin/Runtime/Cache/d507ed2f6fa19ce923ef8f0b4c95cbdd.php 第 40 行.
NOTIC: [8] Undefined index: _order /data/web/wxbosheng/public_html/Admin/Runtime/Cache/d507ed2f6fa19ce923ef8f0b4c95cbdd.php 第 41 行.
NOTIC: [8] Undefined index: _order /data/web/wxbosheng/public_html/Admin/Runtime/Cache/d507ed2f6fa19ce923ef8f0b4c95cbdd.php 第 42 行.
NOTIC: [8] Undefined index: _order /data/web/wxbosheng/public_html/Admin/Runtime/Cache/d507ed2f6fa19ce923ef8f0b4c95cbdd.php 第 43 行.
NOTIC: [8] Undefined variable: list /data/web/wxbosheng/public_html/Admin/Runtime/Cache/d507ed2f6fa19ce923ef8f0b4c95cbdd.php 第 47 行.
INFO: ParseTemplate Behavior ::run [ RunTime:0.006666s ]
INFO: [ view_parse ] --END-- [ RunTime:0.006708s ]
INFO: [ view_filter ] --START--
INFO: ContentReplace Behavior ::run [ RunTime:0.000277s ]
INFO: TokenBuild Behavior ::run [ RunTime:0.000253s ]
INFO: WriteHtmlCache Behavior ::run [ RunTime:0.000194s ]
INFO: ShowRuntime Behavior ::run [ RunTime:0.000334s ]
INFO: [ view_filter ] --END-- [ RunTime:0.001171s ]
INFO: [ view_end ] --START--
INFO: ShowPageTrace Behavior ::run [ RunTime:0.000382s ]
INFO: [ view_end ] --END-- [ RunTime:0.000437s ]

[ 2014-06-21T12:23:48+08:00 ] 116.20.50.176 /Admin/index.php/Baoming/index/?_=1403324398502
INFO: [ app_begin ] --START--
INFO: ReadHtmlCache Behavior ::run [ RunTime:0.000366s ]
INFO: [ app_begin ] --END-- [ RunTime:0.000413s ]
NOTIC: [2048] Declaration of BaomingAction::_list() should be compatible with that of CommonAction::_list() /data/web/wxbosheng/public_html/Admin/Lib/Action/BaomingAction.class.php 第 3 行.
SQL: SHOW COLUMNS FROM `baoming` [ RunTime:0.000444s ]
SQL: SHOW COLUMNS FROM `baoming` [ RunTime:0.000327s ]
SQL: SELECT COUNT(id) AS tp_count FROM `baoming` LIMIT 1   [ RunTime:0.000051s ]
NOTIC: [8] Undefined variable: p /data/web/wxbosheng/public_html/Admin/Lib/Action/BaomingAction.class.php 第 74 行.
NOTIC: [8] Trying to get property of non-object /data/web/wxbosheng/public_html/Admin/Lib/Action/BaomingAction.class.php 第 74 行.
INFO: [ view_parse ] --START--
NOTIC: [8] Undefined index: _order /data/web/wxbosheng/public_html/Admin/Runtime/Cache/d507ed2f6fa19ce923ef8f0b4c95cbdd.php 第 3 行.
NOTIC: [8] Undefined index: _sort /data/web/wxbosheng/public_html/Admin/Runtime/Cache/d507ed2f6fa19ce923ef8f0b4c95cbdd.php 第 4 行.
NOTIC: [8] Undefined index: _order /data/web/wxbosheng/public_html/Admin/Runtime/Cache/d507ed2f6fa19ce923ef8f0b4c95cbdd.php 第 40 行.
NOTIC: [8] Undefined index: _order /data/web/wxbosheng/public_html/Admin/Runtime/Cache/d507ed2f6fa19ce923ef8f0b4c95cbdd.php 第 41 行.
NOTIC: [8] Undefined index: _order /data/web/wxbosheng/public_html/Admin/Runtime/Cache/d507ed2f6fa19ce923ef8f0b4c95cbdd.php 第 42 行.
NOTIC: [8] Undefined index: _order /data/web/wxbosheng/public_html/Admin/Runtime/Cache/d507ed2f6fa19ce923ef8f0b4c95cbdd.php 第 43 行.
NOTIC: [8] Undefined variable: list /data/web/wxbosheng/public_html/Admin/Runtime/Cache/d507ed2f6fa19ce923ef8f0b4c95cbdd.php 第 47 行.
INFO: ParseTemplate Behavior ::run [ RunTime:0.007056s ]
INFO: [ view_parse ] --END-- [ RunTime:0.007107s ]
INFO: [ view_filter ] --START--
INFO: ContentReplace Behavior ::run [ RunTime:0.000256s ]
INFO: TokenBuild Behavior ::run [ RunTime:0.000269s ]
INFO: WriteHtmlCache Behavior ::run [ RunTime:0.000180s ]
INFO: ShowRuntime Behavior ::run [ RunTime:0.000371s ]
INFO: [ view_filter ] --END-- [ RunTime:0.001192s ]
INFO: [ view_end ] --START--
INFO: ShowPageTrace Behavior ::run [ RunTime:0.000418s ]
INFO: [ view_end ] --END-- [ RunTime:0.000460s ]

[ 2014-06-21T12:23:48+08:00 ] 116.20.50.176 /Admin/index.php/Huodong/index/?_=1403324399159
INFO: [ app_begin ] --START--
INFO: ReadHtmlCache Behavior ::run [ RunTime:0.000354s ]
INFO: [ app_begin ] --END-- [ RunTime:0.000401s ]
SQL: SHOW COLUMNS FROM `huodong` [ RunTime:0.000428s ]
SQL: SELECT COUNT(id) AS tp_count FROM `huodong` LIMIT 1   [ RunTime:0.000110s ]
SQL: SELECT * FROM `huodong` ORDER BY `id` desc LIMIT 0,20   [ RunTime:0.000134s ]
INFO: [ view_parse ] --START--
NOTIC: [8] Undefined index: _order /data/web/wxbosheng/public_html/Admin/Runtime/Cache/aef406a3fa42528b707935cad8e8a169.php 第 3 行.
NOTIC: [8] Undefined index: _sort /data/web/wxbosheng/public_html/Admin/Runtime/Cache/aef406a3fa42528b707935cad8e8a169.php 第 4 行.
NOTIC: [8] Undefined index: _order /data/web/wxbosheng/public_html/Admin/Runtime/Cache/aef406a3fa42528b707935cad8e8a169.php 第 40 行.
NOTIC: [8] Undefined index: _order /data/web/wxbosheng/public_html/Admin/Runtime/Cache/aef406a3fa42528b707935cad8e8a169.php 第 41 行.
NOTIC: [8] Undefined index: _order /data/web/wxbosheng/public_html/Admin/Runtime/Cache/aef406a3fa42528b707935cad8e8a169.php 第 42 行.
NOTIC: [8] Undefined index: _order /data/web/wxbosheng/public_html/Admin/Runtime/Cache/aef406a3fa42528b707935cad8e8a169.php 第 43 行.
NOTIC: [8] Undefined index: _order /data/web/wxbosheng/public_html/Admin/Runtime/Cache/aef406a3fa42528b707935cad8e8a169.php 第 44 行.
INFO: ParseTemplate Behavior ::run [ RunTime:0.007021s ]
INFO: [ view_parse ] --END-- [ RunTime:0.007064s ]
INFO: [ view_filter ] --START--
INFO: ContentReplace Behavior ::run [ RunTime:0.000267s ]
INFO: TokenBuild Behavior ::run [ RunTime:0.000251s ]
INFO: WriteHtmlCache Behavior ::run [ RunTime:0.000213s ]
INFO: ShowRuntime Behavior ::run [ RunTime:0.000345s ]
INFO: [ view_filter ] --END-- [ RunTime:0.001191s ]
INFO: [ view_end ] --START--
INFO: ShowPageTrace Behavior ::run [ RunTime:0.000373s ]
INFO: [ view_end ] --END-- [ RunTime:0.000414s ]

[ 2014-06-21T12:24:03+08:00 ] 116.20.50.176 /Admin/index.php/huodong/edit/id/7?_=1403324413681
INFO: [ app_begin ] --START--
INFO: ReadHtmlCache Behavior ::run [ RunTime:0.000370s ]
INFO: [ app_begin ] --END-- [ RunTime:0.000421s ]
SQL: SHOW COLUMNS FROM `huodong` [ RunTime:0.000496s ]
SQL: SELECT * FROM `huodong` WHERE ( `id` = 7 ) LIMIT 1   [ RunTime:0.000150s ]
INFO: [ view_parse ] --START--
INFO: ParseTemplate Behavior ::run [ RunTime:0.005001s ]
INFO: [ view_parse ] --END-- [ RunTime:0.005061s ]
INFO: [ view_filter ] --START--
INFO: ContentReplace Behavior ::run [ RunTime:0.000289s ]
INFO: TokenBuild Behavior ::run [ RunTime:0.000269s ]
INFO: WriteHtmlCache Behavior ::run [ RunTime:0.000187s ]
INFO: ShowRuntime Behavior ::run [ RunTime:0.000389s ]
INFO: [ view_filter ] --END-- [ RunTime:0.001255s ]
INFO: [ view_end ] --START--
INFO: ShowPageTrace Behavior ::run [ RunTime:0.000430s ]
INFO: [ view_end ] --END-- [ RunTime:0.000474s ]

[ 2014-06-21T12:26:39+08:00 ] 116.20.50.176 /Admin/index.php/huodong/update/navTabId/Huodong
INFO: [ app_begin ] --START--
INFO: ReadHtmlCache Behavior ::run [ RunTime:0.000349s ]
INFO: [ app_begin ] --END-- [ RunTime:0.000396s ]
SQL: SHOW COLUMNS FROM `huodong` [ RunTime:0.000509s ]
NOTIC: 建议使用I方法替代_post
NOTIC: 建议使用I方法替代_post
SQL: UPDATE `huodong` SET `title`='旗舰馆招生！',`content`='<span id=\"comp-paste-div-8189\">咏春拳，中国拳术中南拳之一。其起源有3 种说法：一说是福建 永春县严三娘 创造，一说是由少林寺和尚至 善从福建带到广州光孝寺，另一说是方永春所创造。该拳内容主要包括小稔头、标子和寻桥 3套拳，以上、中、下三搒手为基本动作。身型要求护裆，沉肩，落膊，抱拳，护胸。主要手型有凤眼拳、柳叶掌等。主要手法有挫手、撩手、三搒手、左右破排手、沉桥、黏打。主要步法有三字马、追马等。攻防中多采用闪身、贴身、紧 迫和紧打，动作敏捷，快速，刚柔相间。<br /><br />顺德博胜咏春文化传播有限公司是一家集咏春拳推广、普及，咏春文化传播和中华传统武术文化宣传于一体的专业武术文化传播公司。顺德博胜咏春文化传播有限公司是一家集咏春拳推广、普及，咏春文化传播和中华传统武术文化宣传于一体的专业武术文化传播公司。<br /><br />博胜咏春馆教练团队组建于2007年，在顺德从事咏春拳教学至今，已向近千爱好者传播咏春拳术。我们秉持“博揽群英 胜在共赢”的企业文化理念，即向各地招揽精英武术教练,招揽有志将中华武术发扬光大的精英创业团队,招收有兴趣传承中华武术的精英学员,创造一个多方共赢的发展环境,将咏春拳文化发扬光大,实现帮助广大人民群众强身健体，提高自我保护能力的目的。<br /><br />博胜咏春馆教练团队组建于2007年，在顺德从事咏春拳教学至今，已向近千爱好者传播咏春拳术。我们秉持“博揽群英 胜在共赢”的企业文化理念，即向各地招揽精英武术教练,招揽有志将中华武术发扬光大的精英创业团队,招收有兴趣传承中华武术的精英学员,创造一个多方共赢的发展环境,将咏春拳文化发扬光大,实现帮助广大人民群众强身健体，提高自我保护能力的目的。</span>',`start_time`=1403193600,`stop_time`=1403280000 WHERE ( `id` = 7 ) [ RunTime:0.000190s ]
NOTIC: [8] Undefined index: rel /data/web/wxbosheng/public_html/ThinkPHP/Lib/Core/Action.class.php 第 377 行.
NOTIC: [8] Undefined index: callbackType /data/web/wxbosheng/public_html/ThinkPHP/Lib/Core/Action.class.php 第 378 行.
NOTIC: [8] Undefined index: forwardUrl /data/web/wxbosheng/public_html/ThinkPHP/Lib/Core/Action.class.php 第 379 行.
NOTIC: [8] Undefined index: confirmMsg /data/web/wxbosheng/public_html/ThinkPHP/Lib/Core/Action.class.php 第 380 行.

[ 2014-06-21T12:26:53+08:00 ] 116.20.50.176 /Admin/index.php/index/index.html
INFO: [ view_parse ] --START--
INFO: ParseTemplate Behavior ::run [ RunTime:0.007696s ]
INFO: [ view_parse ] --END-- [ RunTime:0.007748s ]
INFO: [ view_filter ] --START--
INFO: ContentReplace Behavior ::run [ RunTime:0.000271s ]
INFO: TokenBuild Behavior ::run [ RunTime:0.000282s ]
INFO: WriteHtmlCache Behavior ::run [ RunTime:0.000183s ]
INFO: ShowRuntime Behavior ::run [ RunTime:0.000290s ]
INFO: [ view_filter ] --END-- [ RunTime:0.001163s ]
INFO: [ view_end ] --START--
INFO: ShowPageTrace Behavior ::run [ RunTime:0.000404s ]
INFO: [ view_end ] --END-- [ RunTime:0.000448s ]

[ 2014-06-21T12:26:55+08:00 ] 116.20.50.176 /Admin/index.php/Baoming/index/?_=1403324586282
INFO: [ app_begin ] --START--
INFO: ReadHtmlCache Behavior ::run [ RunTime:0.000513s ]
INFO: [ app_begin ] --END-- [ RunTime:0.000559s ]
NOTIC: [2048] Declaration of BaomingAction::_list() should be compatible with that of CommonAction::_list() /data/web/wxbosheng/public_html/Admin/Lib/Action/BaomingAction.class.php 第 3 行.
SQL: SHOW COLUMNS FROM `baoming` [ RunTime:0.000471s ]
SQL: SHOW COLUMNS FROM `baoming` [ RunTime:0.000321s ]
SQL: SELECT COUNT(id) AS tp_count FROM `baoming` LIMIT 1   [ RunTime:0.000050s ]
NOTIC: [8] Undefined variable: p /data/web/wxbosheng/public_html/Admin/Lib/Action/BaomingAction.class.php 第 74 行.
NOTIC: [8] Trying to get property of non-object /data/web/wxbosheng/public_html/Admin/Lib/Action/BaomingAction.class.php 第 74 行.
INFO: [ view_parse ] --START--
NOTIC: [8] Undefined index: _order /data/web/wxbosheng/public_html/Admin/Runtime/Cache/d507ed2f6fa19ce923ef8f0b4c95cbdd.php 第 3 行.
NOTIC: [8] Undefined index: _sort /data/web/wxbosheng/public_html/Admin/Runtime/Cache/d507ed2f6fa19ce923ef8f0b4c95cbdd.php 第 4 行.
NOTIC: [8] Undefined index: _order /data/web/wxbosheng/public_html/Admin/Runtime/Cache/d507ed2f6fa19ce923ef8f0b4c95cbdd.php 第 40 行.
NOTIC: [8] Undefined index: _order /data/web/wxbosheng/public_html/Admin/Runtime/Cache/d507ed2f6fa19ce923ef8f0b4c95cbdd.php 第 41 行.
NOTIC: [8] Undefined index: _order /data/web/wxbosheng/public_html/Admin/Runtime/Cache/d507ed2f6fa19ce923ef8f0b4c95cbdd.php 第 42 行.
NOTIC: [8] Undefined index: _order /data/web/wxbosheng/public_html/Admin/Runtime/Cache/d507ed2f6fa19ce923ef8f0b4c95cbdd.php 第 43 行.
NOTIC: [8] Undefined variable: list /data/web/wxbosheng/public_html/Admin/Runtime/Cache/d507ed2f6fa19ce923ef8f0b4c95cbdd.php 第 47 行.
INFO: ParseTemplate Behavior ::run [ RunTime:0.006615s ]
INFO: [ view_parse ] --END-- [ RunTime:0.006657s ]
INFO: [ view_filter ] --START--
INFO: ContentReplace Behavior ::run [ RunTime:0.000246s ]
INFO: TokenBuild Behavior ::run [ RunTime:0.000252s ]
INFO: WriteHtmlCache Behavior ::run [ RunTime:0.000190s ]
INFO: ShowRuntime Behavior ::run [ RunTime:0.000334s ]
INFO: [ view_filter ] --END-- [ RunTime:0.001167s ]
INFO: [ view_end ] --START--
INFO: ShowPageTrace Behavior ::run [ RunTime:0.000406s ]
INFO: [ view_end ] --END-- [ RunTime:0.000445s ]

[ 2014-06-21T12:26:57+08:00 ] 116.20.50.176 /Admin/index.php/Liuyan/index/?_=1403324587662
INFO: [ app_begin ] --START--
INFO: ReadHtmlCache Behavior ::run [ RunTime:0.000372s ]
INFO: [ app_begin ] --END-- [ RunTime:0.000422s ]
NOTIC: [2048] Declaration of LiuyanAction::_list() should be compatible with that of CommonAction::_list() /data/web/wxbosheng/public_html/Admin/Lib/Action/LiuyanAction.class.php 第 3 行.
SQL: SHOW COLUMNS FROM `liuyan` [ RunTime:0.000500s ]
SQL: SHOW COLUMNS FROM `liuyan` [ RunTime:0.000371s ]
SQL: SELECT COUNT(id) AS tp_count FROM `liuyan` LIMIT 1   [ RunTime:0.000050s ]
SQL: SELECT liuyan.*,huodong.title FROM `liuyan` LEFT JOIN huodong ON huodong.id = liuyan.hd_id ORDER BY `id` desc LIMIT 0,20   [ RunTime:0.000220s ]
INFO: [ view_parse ] --START--
NOTIC: [8] Undefined index: _order /data/web/wxbosheng/public_html/Admin/Runtime/Cache/dc21392e7602d9b6ad1d37744a806c54.php 第 3 行.
NOTIC: [8] Undefined index: _sort /data/web/wxbosheng/public_html/Admin/Runtime/Cache/dc21392e7602d9b6ad1d37744a806c54.php 第 4 行.
NOTIC: [8] Undefined index: _order /data/web/wxbosheng/public_html/Admin/Runtime/Cache/dc21392e7602d9b6ad1d37744a806c54.php 第 40 行.
NOTIC: [8] Undefined index: _order /data/web/wxbosheng/public_html/Admin/Runtime/Cache/dc21392e7602d9b6ad1d37744a806c54.php 第 41 行.
NOTIC: [8] Undefined index: _order /data/web/wxbosheng/public_html/Admin/Runtime/Cache/dc21392e7602d9b6ad1d37744a806c54.php 第 42 行.
NOTIC: [8] Undefined index: _order /data/web/wxbosheng/public_html/Admin/Runtime/Cache/dc21392e7602d9b6ad1d37744a806c54.php 第 43 行.
NOTIC: [8] Undefined index: _order /data/web/wxbosheng/public_html/Admin/Runtime/Cache/dc21392e7602d9b6ad1d37744a806c54.php 第 44 行.
NOTIC: [8] Undefined index: _order /data/web/wxbosheng/public_html/Admin/Runtime/Cache/dc21392e7602d9b6ad1d37744a806c54.php 第 45 行.
NOTIC: [8] Undefined index: _order /data/web/wxbosheng/public_html/Admin/Runtime/Cache/dc21392e7602d9b6ad1d37744a806c54.php 第 46 行.
NOTIC: [8] Undefined index: _order /data/web/wxbosheng/public_html/Admin/Runtime/Cache/dc21392e7602d9b6ad1d37744a806c54.php 第 47 行.
NOTIC: [2] date() expects parameter 2 to be long, string given /data/web/wxbosheng/public_html/Admin/Runtime/Cache/dc21392e7602d9b6ad1d37744a806c54.php 第 59 行.
NOTIC: [2] date() expects parameter 2 to be long, string given /data/web/wxbosheng/public_html/Admin/Runtime/Cache/dc21392e7602d9b6ad1d37744a806c54.php 第 59 行.
NOTIC: [2] date() expects parameter 2 to be long, string given /data/web/wxbosheng/public_html/Admin/Runtime/Cache/dc21392e7602d9b6ad1d37744a806c54.php 第 59 行.
NOTIC: [2] date() expects parameter 2 to be long, string given /data/web/wxbosheng/public_html/Admin/Runtime/Cache/dc21392e7602d9b6ad1d37744a806c54.php 第 59 行.
NOTIC: [2] date() expects parameter 2 to be long, string given /data/web/wxbosheng/public_html/Admin/Runtime/Cache/dc21392e7602d9b6ad1d37744a806c54.php 第 59 行.
INFO: ParseTemplate Behavior ::run [ RunTime:0.008278s ]
INFO: [ view_parse ] --END-- [ RunTime:0.008325s ]
INFO: [ view_filter ] --START--
INFO: ContentReplace Behavior ::run [ RunTime:0.000287s ]
INFO: TokenBuild Behavior ::run [ RunTime:0.000260s ]
INFO: WriteHtmlCache Behavior ::run [ RunTime:0.000185s ]
INFO: ShowRuntime Behavior ::run [ RunTime:0.000343s ]
INFO: [ view_filter ] --END-- [ RunTime:0.001221s ]
INFO: [ view_end ] --START--
INFO: ShowPageTrace Behavior ::run [ RunTime:0.000375s ]
INFO: [ view_end ] --END-- [ RunTime:0.000420s ]

[ 2014-06-21T12:26:57+08:00 ] 116.20.50.176 /Admin/index.php/Huodong/index/?_=1403324588146
INFO: [ app_begin ] --START--
INFO: ReadHtmlCache Behavior ::run [ RunTime:0.000341s ]
INFO: [ app_begin ] --END-- [ RunTime:0.000394s ]
SQL: SHOW COLUMNS FROM `huodong` [ RunTime:0.000423s ]
SQL: SELECT COUNT(id) AS tp_count FROM `huodong` LIMIT 1   [ RunTime:0.000113s ]
SQL: SELECT * FROM `huodong` ORDER BY `id` desc LIMIT 0,20   [ RunTime:0.000136s ]
INFO: [ view_parse ] --START--
NOTIC: [8] Undefined index: _order /data/web/wxbosheng/public_html/Admin/Runtime/Cache/aef406a3fa42528b707935cad8e8a169.php 第 3 行.
NOTIC: [8] Undefined index: _sort /data/web/wxbosheng/public_html/Admin/Runtime/Cache/aef406a3fa42528b707935cad8e8a169.php 第 4 行.
NOTIC: [8] Undefined index: _order /data/web/wxbosheng/public_html/Admin/Runtime/Cache/aef406a3fa42528b707935cad8e8a169.php 第 40 行.
NOTIC: [8] Undefined index: _order /data/web/wxbosheng/public_html/Admin/Runtime/Cache/aef406a3fa42528b707935cad8e8a169.php 第 41 行.
NOTIC: [8] Undefined index: _order /data/web/wxbosheng/public_html/Admin/Runtime/Cache/aef406a3fa42528b707935cad8e8a169.php 第 42 行.
NOTIC: [8] Undefined index: _order /data/web/wxbosheng/public_html/Admin/Runtime/Cache/aef406a3fa42528b707935cad8e8a169.php 第 43 行.
NOTIC: [8] Undefined index: _order /data/web/wxbosheng/public_html/Admin/Runtime/Cache/aef406a3fa42528b707935cad8e8a169.php 第 44 行.
INFO: ParseTemplate Behavior ::run [ RunTime:0.006994s ]
INFO: [ view_parse ] --END-- [ RunTime:0.007040s ]
INFO: [ view_filter ] --START--
INFO: ContentReplace Behavior ::run [ RunTime:0.000254s ]
INFO: TokenBuild Behavior ::run [ RunTime:0.000281s ]
INFO: WriteHtmlCache Behavior ::run [ RunTime:0.000183s ]
INFO: ShowRuntime Behavior ::run [ RunTime:0.000353s ]
INFO: [ view_filter ] --END-- [ RunTime:0.001185s ]
INFO: [ view_end ] --START--
INFO: ShowPageTrace Behavior ::run [ RunTime:0.000405s ]
INFO: [ view_end ] --END-- [ RunTime:0.000446s ]

[ 2014-06-21T12:29:49+08:00 ] 116.20.50.176 /Admin/index.php/Baoming/index/?_=1403324759496
INFO: [ app_begin ] --START--
INFO: ReadHtmlCache Behavior ::run [ RunTime:0.000386s ]
INFO: [ app_begin ] --END-- [ RunTime:0.000433s ]
NOTIC: [2048] Declaration of BaomingAction::_list() should be compatible with that of CommonAction::_list() /data/web/wxbosheng/public_html/Admin/Lib/Action/BaomingAction.class.php 第 3 行.
SQL: SHOW COLUMNS FROM `baoming` [ RunTime:0.000478s ]
SQL: SHOW COLUMNS FROM `baoming` [ RunTime:0.000321s ]
SQL: SELECT COUNT(id) AS tp_count FROM `baoming` LIMIT 1   [ RunTime:0.000050s ]
NOTIC: [8] Undefined variable: p /data/web/wxbosheng/public_html/Admin/Lib/Action/BaomingAction.class.php 第 74 行.
NOTIC: [8] Trying to get property of non-object /data/web/wxbosheng/public_html/Admin/Lib/Action/BaomingAction.class.php 第 74 行.
INFO: [ view_parse ] --START--
NOTIC: [8] Undefined index: _order /data/web/wxbosheng/public_html/Admin/Runtime/Cache/d507ed2f6fa19ce923ef8f0b4c95cbdd.php 第 3 行.
NOTIC: [8] Undefined index: _sort /data/web/wxbosheng/public_html/Admin/Runtime/Cache/d507ed2f6fa19ce923ef8f0b4c95cbdd.php 第 4 行.
NOTIC: [8] Undefined index: _order /data/web/wxbosheng/public_html/Admin/Runtime/Cache/d507ed2f6fa19ce923ef8f0b4c95cbdd.php 第 40 行.
NOTIC: [8] Undefined index: _order /data/web/wxbosheng/public_html/Admin/Runtime/Cache/d507ed2f6fa19ce923ef8f0b4c95cbdd.php 第 41 行.
NOTIC: [8] Undefined index: _order /data/web/wxbosheng/public_html/Admin/Runtime/Cache/d507ed2f6fa19ce923ef8f0b4c95cbdd.php 第 42 行.
NOTIC: [8] Undefined index: _order /data/web/wxbosheng/public_html/Admin/Runtime/Cache/d507ed2f6fa19ce923ef8f0b4c95cbdd.php 第 43 行.
NOTIC: [8] Undefined variable: list /data/web/wxbosheng/public_html/Admin/Runtime/Cache/d507ed2f6fa19ce923ef8f0b4c95cbdd.php 第 47 行.
INFO: ParseTemplate Behavior ::run [ RunTime:0.006624s ]
INFO: [ view_parse ] --END-- [ RunTime:0.006698s ]
INFO: [ view_filter ] --START--
INFO: ContentReplace Behavior ::run [ RunTime:0.000251s ]
INFO: TokenBuild Behavior ::run [ RunTime:0.000255s ]
INFO: WriteHtmlCache Behavior ::run [ RunTime:0.000192s ]
INFO: ShowRuntime Behavior ::run [ RunTime:0.000339s ]
INFO: [ view_filter ] --END-- [ RunTime:0.001178s ]
INFO: [ view_end ] --START--
INFO: ShowPageTrace Behavior ::run [ RunTime:0.000412s ]
INFO: [ view_end ] --END-- [ RunTime:0.000453s ]

[ 2014-06-21T12:39:24+08:00 ] 120.83.134.173 /Admin/index.php/index/index.html
INFO: [ view_parse ] --START--
INFO: ParseTemplate Behavior ::run [ RunTime:0.007709s ]
INFO: [ view_parse ] --END-- [ RunTime:0.007762s ]
INFO: [ view_filter ] --START--
INFO: ContentReplace Behavior ::run [ RunTime:0.000273s ]
INFO: TokenBuild Behavior ::run [ RunTime:0.000260s ]
INFO: WriteHtmlCache Behavior ::run [ RunTime:0.000183s ]
INFO: ShowRuntime Behavior ::run [ RunTime:0.000320s ]
INFO: [ view_filter ] --END-- [ RunTime:0.001161s ]
INFO: [ view_end ] --START--
INFO: ShowPageTrace Behavior ::run [ RunTime:0.000387s ]
INFO: [ view_end ] --END-- [ RunTime:0.000429s ]

[ 2014-06-21T12:39:26+08:00 ] 120.83.134.173 /Admin/index.php/Role/index/?_=1403325565819
INFO: [ app_begin ] --START--
INFO: ReadHtmlCache Behavior ::run [ RunTime:0.000372s ]
INFO: [ app_begin ] --END-- [ RunTime:0.000419s ]
SQL: SHOW COLUMNS FROM `role` [ RunTime:0.000500s ]
NOTIC: [8] Undefined index: name /data/web/wxbosheng/public_html/Admin/Lib/Action/RoleAction.class.php 第 5 行.
SQL: SELECT COUNT(id) AS tp_count FROM `role` WHERE ( `name` LIKE '%%' ) LIMIT 1   [ RunTime:0.000051s ]
SQL: SELECT * FROM `role` WHERE ( `name` LIKE '%%' ) ORDER BY `id` desc LIMIT 0,20   [ RunTime:0.000055s ]
INFO: [ view_parse ] --START--
NOTIC: [8] Undefined index: _order /data/web/wxbosheng/public_html/Admin/Runtime/Cache/540802f0bd02d0614ae5d372827d97f4.php 第 3 行.
NOTIC: [8] Undefined index: _sort /data/web/wxbosheng/public_html/Admin/Runtime/Cache/540802f0bd02d0614ae5d372827d97f4.php 第 4 行.
NOTIC: [8] Undefined index: _order /data/web/wxbosheng/public_html/Admin/Runtime/Cache/540802f0bd02d0614ae5d372827d97f4.php 第 39 行.
NOTIC: [8] Undefined index: _order /data/web/wxbosheng/public_html/Admin/Runtime/Cache/540802f0bd02d0614ae5d372827d97f4.php 第 41 行.
NOTIC: [8] Use of undefined constant __PUBLIC__ - assumed '__PUBLIC__' /data/web/wxbosheng/public_html/Admin/Common/common.php 第 70 行.
NOTIC: [8] Use of undefined constant __PUBLIC__ - assumed '__PUBLIC__' /data/web/wxbosheng/public_html/Admin/Common/common.php 第 70 行.
NOTIC: [8] Use of undefined constant __PUBLIC__ - assumed '__PUBLIC__' /data/web/wxbosheng/public_html/Admin/Common/common.php 第 70 行.
INFO: ParseTemplate Behavior ::run [ RunTime:0.006710s ]
INFO: [ view_parse ] --END-- [ RunTime:0.006752s ]
INFO: [ view_filter ] --START--
INFO: ContentReplace Behavior ::run [ RunTime:0.000272s ]
INFO: TokenBuild Behavior ::run [ RunTime:0.000248s ]
INFO: WriteHtmlCache Behavior ::run [ RunTime:0.000211s ]
INFO: ShowRuntime Behavior ::run [ RunTime:0.000345s ]
INFO: [ view_filter ] --END-- [ RunTime:0.001193s ]
INFO: [ view_end ] --START--
INFO: ShowPageTrace Behavior ::run [ RunTime:0.000379s ]
INFO: [ view_end ] --END-- [ RunTime:0.000450s ]

[ 2014-06-21T12:39:27+08:00 ] 120.83.134.173 /Admin/index.php/Huodong/index/?_=1403325566705
INFO: [ app_begin ] --START--
INFO: ReadHtmlCache Behavior ::run [ RunTime:0.000375s ]
INFO: [ app_begin ] --END-- [ RunTime:0.000424s ]
SQL: SHOW COLUMNS FROM `huodong` [ RunTime:0.000448s ]
SQL: SELECT COUNT(id) AS tp_count FROM `huodong` LIMIT 1   [ RunTime:0.000111s ]
SQL: SELECT * FROM `huodong` ORDER BY `id` desc LIMIT 0,20   [ RunTime:0.000142s ]
INFO: [ view_parse ] --START--
NOTIC: [8] Undefined index: _order /data/web/wxbosheng/public_html/Admin/Runtime/Cache/aef406a3fa42528b707935cad8e8a169.php 第 3 行.
NOTIC: [8] Undefined index: _sort /data/web/wxbosheng/public_html/Admin/Runtime/Cache/aef406a3fa42528b707935cad8e8a169.php 第 4 行.
NOTIC: [8] Undefined index: _order /data/web/wxbosheng/public_html/Admin/Runtime/Cache/aef406a3fa42528b707935cad8e8a169.php 第 40 行.
NOTIC: [8] Undefined index: _order /data/web/wxbosheng/public_html/Admin/Runtime/Cache/aef406a3fa42528b707935cad8e8a169.php 第 41 行.
NOTIC: [8] Undefined index: _order /data/web/wxbosheng/public_html/Admin/Runtime/Cache/aef406a3fa42528b707935cad8e8a169.php 第 42 行.
NOTIC: [8] Undefined index: _order /data/web/wxbosheng/public_html/Admin/Runtime/Cache/aef406a3fa42528b707935cad8e8a169.php 第 43 行.
NOTIC: [8] Undefined index: _order /data/web/wxbosheng/public_html/Admin/Runtime/Cache/aef406a3fa42528b707935cad8e8a169.php 第 44 行.
INFO: ParseTemplate Behavior ::run [ RunTime:0.007860s ]
INFO: [ view_parse ] --END-- [ RunTime:0.007937s ]
INFO: [ view_filter ] --START--
INFO: ContentReplace Behavior ::run [ RunTime:0.000291s ]
INFO: TokenBuild Behavior ::run [ RunTime:0.000267s ]
INFO: WriteHtmlCache Behavior ::run [ RunTime:0.000189s ]
INFO: ShowRuntime Behavior ::run [ RunTime:0.000379s ]
INFO: [ view_filter ] --END-- [ RunTime:0.001245s ]
INFO: [ view_end ] --START--
INFO: ShowPageTrace Behavior ::run [ RunTime:0.000410s ]
INFO: [ view_end ] --END-- [ RunTime:0.000454s ]

[ 2014-06-21T12:42:27+08:00 ] 116.20.50.176 /Admin/index.php/Baoming/index/?_=1403325517618
INFO: [ app_begin ] --START--
INFO: ReadHtmlCache Behavior ::run [ RunTime:0.000340s ]
INFO: [ app_begin ] --END-- [ RunTime:0.000386s ]
NOTIC: [2048] Declaration of BaomingAction::_list() should be compatible with that of CommonAction::_list() /data/web/wxbosheng/public_html/Admin/Lib/Action/BaomingAction.class.php 第 3 行.
SQL: SHOW COLUMNS FROM `baoming` [ RunTime:0.000427s ]
SQL: SHOW COLUMNS FROM `baoming` [ RunTime:0.000343s ]
SQL: SELECT COUNT(id) AS tp_count FROM `baoming` LIMIT 1   [ RunTime:0.000051s ]
NOTIC: [8] Undefined variable: p /data/web/wxbosheng/public_html/Admin/Lib/Action/BaomingAction.class.php 第 74 行.
NOTIC: [8] Trying to get property of non-object /data/web/wxbosheng/public_html/Admin/Lib/Action/BaomingAction.class.php 第 74 行.
INFO: [ view_parse ] --START--
NOTIC: [8] Undefined index: _order /data/web/wxbosheng/public_html/Admin/Runtime/Cache/d507ed2f6fa19ce923ef8f0b4c95cbdd.php 第 3 行.
NOTIC: [8] Undefined index: _sort /data/web/wxbosheng/public_html/Admin/Runtime/Cache/d507ed2f6fa19ce923ef8f0b4c95cbdd.php 第 4 行.
NOTIC: [8] Undefined index: _order /data/web/wxbosheng/public_html/Admin/Runtime/Cache/d507ed2f6fa19ce923ef8f0b4c95cbdd.php 第 40 行.
NOTIC: [8] Undefined index: _order /data/web/wxbosheng/public_html/Admin/Runtime/Cache/d507ed2f6fa19ce923ef8f0b4c95cbdd.php 第 41 行.
NOTIC: [8] Undefined index: _order /data/web/wxbosheng/public_html/Admin/Runtime/Cache/d507ed2f6fa19ce923ef8f0b4c95cbdd.php 第 42 行.
NOTIC: [8] Undefined index: _order /data/web/wxbosheng/public_html/Admin/Runtime/Cache/d507ed2f6fa19ce923ef8f0b4c95cbdd.php 第 43 行.
NOTIC: [8] Undefined variable: list /data/web/wxbosheng/public_html/Admin/Runtime/Cache/d507ed2f6fa19ce923ef8f0b4c95cbdd.php 第 47 行.
INFO: ParseTemplate Behavior ::run [ RunTime:0.011672s ]
INFO: [ view_parse ] --END-- [ RunTime:0.011714s ]
INFO: [ view_filter ] --START--
INFO: ContentReplace Behavior ::run [ RunTime:0.000247s ]
INFO: TokenBuild Behavior ::run [ RunTime:0.000265s ]
INFO: WriteHtmlCache Behavior ::run [ RunTime:0.005220s ]
INFO: ShowRuntime Behavior ::run [ RunTime:0.000342s ]
INFO: [ view_filter ] --END-- [ RunTime:0.006189s ]
INFO: [ view_end ] --START--
INFO: ShowPageTrace Behavior ::run [ RunTime:0.000416s ]
INFO: [ view_end ] --END-- [ RunTime:0.000457s ]

[ 2014-06-21T12:42:32+08:00 ] 116.20.50.176 /Admin/index.php/Huodong/index/?_=1403325523283
INFO: [ app_begin ] --START--
INFO: ReadHtmlCache Behavior ::run [ RunTime:0.000369s ]
INFO: [ app_begin ] --END-- [ RunTime:0.000419s ]
SQL: SHOW COLUMNS FROM `huodong` [ RunTime:0.000515s ]
SQL: SELECT COUNT(id) AS tp_count FROM `huodong` LIMIT 1   [ RunTime:0.000110s ]
SQL: SELECT * FROM `huodong` ORDER BY `id` desc LIMIT 0,20   [ RunTime:0.000141s ]
INFO: [ view_parse ] --START--
NOTIC: [8] Undefined index: _order /data/web/wxbosheng/public_html/Admin/Runtime/Cache/aef406a3fa42528b707935cad8e8a169.php 第 3 行.
NOTIC: [8] Undefined index: _sort /data/web/wxbosheng/public_html/Admin/Runtime/Cache/aef406a3fa42528b707935cad8e8a169.php 第 4 行.
NOTIC: [8] Undefined index: _order /data/web/wxbosheng/public_html/Admin/Runtime/Cache/aef406a3fa42528b707935cad8e8a169.php 第 40 行.
NOTIC: [8] Undefined index: _order /data/web/wxbosheng/public_html/Admin/Runtime/Cache/aef406a3fa42528b707935cad8e8a169.php 第 41 行.
NOTIC: [8] Undefined index: _order /data/web/wxbosheng/public_html/Admin/Runtime/Cache/aef406a3fa42528b707935cad8e8a169.php 第 42 行.
NOTIC: [8] Undefined index: _order /data/web/wxbosheng/public_html/Admin/Runtime/Cache/aef406a3fa42528b707935cad8e8a169.php 第 43 行.
NOTIC: [8] Undefined index: _order /data/web/wxbosheng/public_html/Admin/Runtime/Cache/aef406a3fa42528b707935cad8e8a169.php 第 44 行.
INFO: ParseTemplate Behavior ::run [ RunTime:0.007509s ]
INFO: [ view_parse ] --END-- [ RunTime:0.007588s ]
INFO: [ view_filter ] --START--
INFO: ContentReplace Behavior ::run [ RunTime:0.000262s ]
INFO: TokenBuild Behavior ::run [ RunTime:0.000256s ]
INFO: WriteHtmlCache Behavior ::run [ RunTime:0.000204s ]
INFO: ShowRuntime Behavior ::run [ RunTime:0.000400s ]
INFO: [ view_filter ] --END-- [ RunTime:0.001240s ]
INFO: [ view_end ] --START--
INFO: ShowPageTrace Behavior ::run [ RunTime:0.000404s ]
INFO: [ view_end ] --END-- [ RunTime:0.000448s ]

[ 2014-06-21T12:44:52+08:00 ] 120.83.134.173 /Admin/
INFO: [ view_parse ] --START--
INFO: ParseTemplate Behavior ::run [ RunTime:0.007739s ]
INFO: [ view_parse ] --END-- [ RunTime:0.007792s ]
INFO: [ view_filter ] --START--
INFO: ContentReplace Behavior ::run [ RunTime:0.000284s ]
INFO: TokenBuild Behavior ::run [ RunTime:0.000256s ]
INFO: WriteHtmlCache Behavior ::run [ RunTime:0.000187s ]
INFO: ShowRuntime Behavior ::run [ RunTime:0.000310s ]
INFO: [ view_filter ] --END-- [ RunTime:0.001196s ]
INFO: [ view_end ] --START--
INFO: ShowPageTrace Behavior ::run [ RunTime:0.000409s ]
INFO: [ view_end ] --END-- [ RunTime:0.000453s ]

[ 2014-06-21T12:45:46+08:00 ] 120.83.134.173 /Admin/
INFO: [ view_parse ] --START--
INFO: ParseTemplate Behavior ::run [ RunTime:0.008131s ]
INFO: [ view_parse ] --END-- [ RunTime:0.008195s ]
INFO: [ view_filter ] --START--
INFO: ContentReplace Behavior ::run [ RunTime:0.000283s ]
INFO: TokenBuild Behavior ::run [ RunTime:0.000265s ]
INFO: WriteHtmlCache Behavior ::run [ RunTime:0.000218s ]
INFO: ShowRuntime Behavior ::run [ RunTime:0.000311s ]
INFO: [ view_filter ] --END-- [ RunTime:0.001210s ]
INFO: [ view_end ] --START--
INFO: ShowPageTrace Behavior ::run [ RunTime:0.000412s ]
INFO: [ view_end ] --END-- [ RunTime:0.000459s ]

[ 2014-06-21T12:45:47+08:00 ] 120.83.134.173 /Admin/
INFO: [ view_parse ] --START--
INFO: ParseTemplate Behavior ::run [ RunTime:0.007701s ]
INFO: [ view_parse ] --END-- [ RunTime:0.007754s ]
INFO: [ view_filter ] --START--
INFO: ContentReplace Behavior ::run [ RunTime:0.000280s ]
INFO: TokenBuild Behavior ::run [ RunTime:0.000279s ]
INFO: WriteHtmlCache Behavior ::run [ RunTime:0.000183s ]
INFO: ShowRuntime Behavior ::run [ RunTime:0.000305s ]
INFO: [ view_filter ] --END-- [ RunTime:0.001175s ]
INFO: [ view_end ] --START--
INFO: ShowPageTrace Behavior ::run [ RunTime:0.000408s ]
INFO: [ view_end ] --END-- [ RunTime:0.000452s ]

