[ 2014-06-16T17:05:21+08:00 ] 127.0.0.1 /activity/Admin/index.php/Index/index.html
INFO: [ view_parse ] --START--
INFO: ParseTemplate Behavior ::run [ RunTime:0.021002s ]
INFO: [ view_parse ] --END-- [ RunTime:0.021002s ]
INFO: [ view_filter ] --START--
INFO: ContentReplace Behavior ::run [ RunTime:0.001000s ]
INFO: TokenBuild Behavior ::run [ RunTime:0.001000s ]
INFO: WriteHtmlCache Behavior ::run [ RunTime:0.001000s ]
INFO: ShowRuntime Behavior ::run [ RunTime:0.001000s ]
INFO: [ view_filter ] --END-- [ RunTime:0.004000s ]
INFO: [ view_end ] --START--
INFO: ShowPageTrace Behavior ::run [ RunTime:0.001000s ]
INFO: [ view_end ] --END-- [ RunTime:0.001000s ]

[ 2014-06-16T17:05:45+08:00 ] 127.0.0.1 /activity/Admin/index.php/User/index/?_=1402909545570
INFO: [ app_begin ] --START--
INFO: ReadHtmlCache Behavior ::run [ RunTime:0.001000s ]
INFO: [ app_begin ] --END-- [ RunTime:0.001000s ]
SQL: SHOW COLUMNS FROM `user` [ RunTime:0.004000s ]
NOTIC: [8] Undefined index: account D:\upupw\htdocs\activity\Admin\Lib\Action\UserAction.class.php 第 6 行.
SQL: SELECT COUNT(id) AS tp_count FROM `user` WHERE ( `id` >= 2 ) AND ( `account` LIKE '%%' ) LIMIT 1   [ RunTime:0.000000s ]
SQL: SELECT * FROM `user` WHERE ( `id` >= 2 ) AND ( `account` LIKE '%%' ) ORDER BY `id` desc LIMIT 0,20   [ RunTime:0.001000s ]
INFO: [ view_parse ] --START--
NOTIC: [8] Undefined index: _order D:\upupw\htdocs\activity\Admin\Runtime\Cache\b281e7303a51708a2850bfab05f89f50.php 第 3 行.
NOTIC: [8] Undefined index: _sort D:\upupw\htdocs\activity\Admin\Runtime\Cache\b281e7303a51708a2850bfab05f89f50.php 第 4 行.
NOTIC: [8] Undefined index: _order D:\upupw\htdocs\activity\Admin\Runtime\Cache\b281e7303a51708a2850bfab05f89f50.php 第 41 行.
NOTIC: [8] Undefined index: _order D:\upupw\htdocs\activity\Admin\Runtime\Cache\b281e7303a51708a2850bfab05f89f50.php 第 42 行.
NOTIC: [8] Undefined index: _order D:\upupw\htdocs\activity\Admin\Runtime\Cache\b281e7303a51708a2850bfab05f89f50.php 第 43 行.
NOTIC: [8] Undefined index: _order D:\upupw\htdocs\activity\Admin\Runtime\Cache\b281e7303a51708a2850bfab05f89f50.php 第 44 行.
NOTIC: [8] Undefined index: _order D:\upupw\htdocs\activity\Admin\Runtime\Cache\b281e7303a51708a2850bfab05f89f50.php 第 45 行.
NOTIC: [8] Undefined index: _order D:\upupw\htdocs\activity\Admin\Runtime\Cache\b281e7303a51708a2850bfab05f89f50.php 第 46 行.
NOTIC: [8] Undefined index: _order D:\upupw\htdocs\activity\Admin\Runtime\Cache\b281e7303a51708a2850bfab05f89f50.php 第 47 行.
INFO: ParseTemplate Behavior ::run [ RunTime:0.023001s ]
INFO: [ view_parse ] --END-- [ RunTime:0.024001s ]
INFO: [ view_filter ] --START--
INFO: ContentReplace Behavior ::run [ RunTime:0.001000s ]
INFO: TokenBuild Behavior ::run [ RunTime:0.001000s ]
INFO: WriteHtmlCache Behavior ::run [ RunTime:0.001000s ]
INFO: ShowRuntime Behavior ::run [ RunTime:0.002000s ]
INFO: [ view_filter ] --END-- [ RunTime:0.005000s ]
INFO: [ view_end ] --START--
INFO: ShowPageTrace Behavior ::run [ RunTime:0.002001s ]
INFO: [ view_end ] --END-- [ RunTime:0.002001s ]

[ 2014-06-16T17:10:57+08:00 ] 127.0.0.1 /activity/Admin/index.php/User/index/?_=1402909857109
INFO: [ app_begin ] --START--
INFO: ReadHtmlCache Behavior ::run [ RunTime:0.001000s ]
INFO: [ app_begin ] --END-- [ RunTime:0.001000s ]
SQL: SHOW COLUMNS FROM `user` [ RunTime:0.003000s ]
NOTIC: [8] Undefined index: account D:\upupw\htdocs\activity\Admin\Lib\Action\UserAction.class.php 第 6 行.
SQL: SELECT COUNT(id) AS tp_count FROM `user` WHERE ( `id` >= 2 ) AND ( `account` LIKE '%%' ) LIMIT 1   [ RunTime:0.000000s ]
SQL: SELECT * FROM `user` WHERE ( `id` >= 2 ) AND ( `account` LIKE '%%' ) ORDER BY `id` desc LIMIT 0,20   [ RunTime:0.001000s ]
INFO: [ view_parse ] --START--
NOTIC: [8] Undefined index: _order D:\upupw\htdocs\activity\Admin\Runtime\Cache\b281e7303a51708a2850bfab05f89f50.php 第 3 行.
NOTIC: [8] Undefined index: _sort D:\upupw\htdocs\activity\Admin\Runtime\Cache\b281e7303a51708a2850bfab05f89f50.php 第 4 行.
NOTIC: [8] Undefined index: _order D:\upupw\htdocs\activity\Admin\Runtime\Cache\b281e7303a51708a2850bfab05f89f50.php 第 41 行.
NOTIC: [8] Undefined index: _order D:\upupw\htdocs\activity\Admin\Runtime\Cache\b281e7303a51708a2850bfab05f89f50.php 第 42 行.
NOTIC: [8] Undefined index: _order D:\upupw\htdocs\activity\Admin\Runtime\Cache\b281e7303a51708a2850bfab05f89f50.php 第 43 行.
NOTIC: [8] Undefined index: _order D:\upupw\htdocs\activity\Admin\Runtime\Cache\b281e7303a51708a2850bfab05f89f50.php 第 44 行.
NOTIC: [8] Undefined index: _order D:\upupw\htdocs\activity\Admin\Runtime\Cache\b281e7303a51708a2850bfab05f89f50.php 第 45 行.
NOTIC: [8] Undefined index: _order D:\upupw\htdocs\activity\Admin\Runtime\Cache\b281e7303a51708a2850bfab05f89f50.php 第 46 行.
NOTIC: [8] Undefined index: _order D:\upupw\htdocs\activity\Admin\Runtime\Cache\b281e7303a51708a2850bfab05f89f50.php 第 47 行.
INFO: ParseTemplate Behavior ::run [ RunTime:0.024002s ]
INFO: [ view_parse ] --END-- [ RunTime:0.024002s ]
INFO: [ view_filter ] --START--
INFO: ContentReplace Behavior ::run [ RunTime:0.001000s ]
INFO: TokenBuild Behavior ::run [ RunTime:0.001000s ]
INFO: WriteHtmlCache Behavior ::run [ RunTime:0.000000s ]
INFO: ShowRuntime Behavior ::run [ RunTime:0.001000s ]
INFO: [ view_filter ] --END-- [ RunTime:0.005000s ]
INFO: [ view_end ] --START--
INFO: ShowPageTrace Behavior ::run [ RunTime:0.001000s ]
INFO: [ view_end ] --END-- [ RunTime:0.002000s ]

[ 2014-06-16T17:10:58+08:00 ] 127.0.0.1 /activity/Admin/index.php/Role/index/?_=1402909858030
INFO: [ app_begin ] --START--
INFO: ReadHtmlCache Behavior ::run [ RunTime:0.002001s ]
INFO: [ app_begin ] --END-- [ RunTime:0.002001s ]
SQL: SHOW COLUMNS FROM `role` [ RunTime:0.004001s ]
NOTIC: [8] Undefined index: name D:\upupw\htdocs\activity\Admin\Lib\Action\RoleAction.class.php 第 5 行.
SQL: SELECT COUNT(id) AS tp_count FROM `role` WHERE ( `name` LIKE '%%' ) LIMIT 1   [ RunTime:0.000000s ]
SQL: SELECT * FROM `role` WHERE ( `name` LIKE '%%' ) ORDER BY `id` desc LIMIT 0,20   [ RunTime:0.000000s ]
INFO: [ view_parse ] --START--
NOTIC: [8] Undefined index: _order D:\upupw\htdocs\activity\Admin\Runtime\Cache\540802f0bd02d0614ae5d372827d97f4.php 第 3 行.
NOTIC: [8] Undefined index: _sort D:\upupw\htdocs\activity\Admin\Runtime\Cache\540802f0bd02d0614ae5d372827d97f4.php 第 4 行.
NOTIC: [8] Undefined index: _order D:\upupw\htdocs\activity\Admin\Runtime\Cache\540802f0bd02d0614ae5d372827d97f4.php 第 39 行.
NOTIC: [8] Undefined index: _order D:\upupw\htdocs\activity\Admin\Runtime\Cache\540802f0bd02d0614ae5d372827d97f4.php 第 41 行.
NOTIC: [8] Use of undefined constant __PUBLIC__ - assumed '__PUBLIC__' D:\upupw\htdocs\activity\Admin\Common\common.php 第 70 行.
NOTIC: [8] Use of undefined constant __PUBLIC__ - assumed '__PUBLIC__' D:\upupw\htdocs\activity\Admin\Common\common.php 第 70 行.
NOTIC: [8] Use of undefined constant __PUBLIC__ - assumed '__PUBLIC__' D:\upupw\htdocs\activity\Admin\Common\common.php 第 70 行.
INFO: ParseTemplate Behavior ::run [ RunTime:0.021001s ]
INFO: [ view_parse ] --END-- [ RunTime:0.021001s ]
INFO: [ view_filter ] --START--
INFO: ContentReplace Behavior ::run [ RunTime:0.001000s ]
INFO: TokenBuild Behavior ::run [ RunTime:0.001000s ]
INFO: WriteHtmlCache Behavior ::run [ RunTime:0.000000s ]
INFO: ShowRuntime Behavior ::run [ RunTime:0.001001s ]
INFO: [ view_filter ] --END-- [ RunTime:0.005001s ]
INFO: [ view_end ] --START--
INFO: ShowPageTrace Behavior ::run [ RunTime:0.001000s ]
INFO: [ view_end ] --END-- [ RunTime:0.001000s ]

[ 2014-06-16T17:11:03+08:00 ] 127.0.0.1 /activity/Admin/index.php/Role/add?_=1402909863110
INFO: [ app_begin ] --START--
INFO: ReadHtmlCache Behavior ::run [ RunTime:0.001000s ]
INFO: [ app_begin ] --END-- [ RunTime:0.001000s ]
SQL: SHOW COLUMNS FROM `role` [ RunTime:0.005000s ]
SQL: SELECT `id`,`name` FROM `role`  [ RunTime:0.001000s ]
INFO: [ view_parse ] --START--
INFO: ParseTemplate Behavior ::run [ RunTime:0.018002s ]
INFO: [ view_parse ] --END-- [ RunTime:0.019002s ]
INFO: [ view_filter ] --START--
INFO: ContentReplace Behavior ::run [ RunTime:0.001000s ]
INFO: TokenBuild Behavior ::run [ RunTime:0.002000s ]
INFO: WriteHtmlCache Behavior ::run [ RunTime:0.000000s ]
INFO: ShowRuntime Behavior ::run [ RunTime:0.001000s ]
INFO: [ view_filter ] --END-- [ RunTime:0.006000s ]
INFO: [ view_end ] --START--
INFO: ShowPageTrace Behavior ::run [ RunTime:0.001000s ]
INFO: [ view_end ] --END-- [ RunTime:0.001000s ]

[ 2014-06-16T17:20:05+08:00 ] 127.0.0.1 /activity/Admin/
INFO: [ view_parse ] --START--
INFO: ParseTemplate Behavior ::run [ RunTime:0.020001s ]
INFO: [ view_parse ] --END-- [ RunTime:0.021001s ]
INFO: [ view_filter ] --START--
INFO: ContentReplace Behavior ::run [ RunTime:0.001000s ]
INFO: TokenBuild Behavior ::run [ RunTime:0.001000s ]
INFO: WriteHtmlCache Behavior ::run [ RunTime:0.001000s ]
INFO: ShowRuntime Behavior ::run [ RunTime:0.001000s ]
INFO: [ view_filter ] --END-- [ RunTime:0.004000s ]
INFO: [ view_end ] --START--
INFO: ShowPageTrace Behavior ::run [ RunTime:0.001000s ]
INFO: [ view_end ] --END-- [ RunTime:0.002000s ]

[ 2014-06-16T17:20:35+08:00 ] 127.0.0.1 /activity/Admin/
INFO: [ view_parse ] --START--
INFO: ParseTemplate Behavior ::run [ RunTime:0.020001s ]
INFO: [ view_parse ] --END-- [ RunTime:0.020001s ]
INFO: [ view_filter ] --START--
INFO: ContentReplace Behavior ::run [ RunTime:0.001000s ]
INFO: TokenBuild Behavior ::run [ RunTime:0.001000s ]
INFO: WriteHtmlCache Behavior ::run [ RunTime:0.000000s ]
INFO: ShowRuntime Behavior ::run [ RunTime:0.001000s ]
INFO: [ view_filter ] --END-- [ RunTime:0.004000s ]
INFO: [ view_end ] --START--
INFO: ShowPageTrace Behavior ::run [ RunTime:0.001000s ]
INFO: [ view_end ] --END-- [ RunTime:0.001000s ]

