[ 2014-06-25T01:21:33+08:00 ] 116.20.93.86 /index.php/Index/index/id/7
INFO: [ route_check ] --START--
INFO: CheckRoute Behavior ::run [ RunTime:0.000546s ]
INFO: [ route_check ] --END-- [ RunTime:0.000645s ]
INFO: [ app_begin ] --START--
INFO: ReadHtmlCache Behavior ::run [ RunTime:0.000362s ]
INFO: [ app_begin ] --END-- [ RunTime:0.000413s ]
NOTIC: 建议使用I方法替代_get
SQL: SHOW COLUMNS FROM `huodong` [ RunTime:0.000515s ]
SQL: SELECT huodong.*,user.account FROM `huodong` LEFT JOIN user ON huodong.u_id=user.id WHERE ( huodong.id=7 and huodong.status=1 ) LIMIT 1   [ RunTime:0.000201s ]
SQL: UPDATE `huodong` SET `view`=39 WHERE ( id=7 and status=1 ) [ RunTime:0.000152s ]
SQL: SHOW COLUMNS FROM `baoming` [ RunTime:0.000373s ]
SQL: SELECT COUNT(*) AS tp_count FROM `baoming` WHERE ( hd_id=7 ) LIMIT 1   [ RunTime:0.000052s ]
SQL: SELECT * FROM `baoming` WHERE ( hd_id=7 ) ORDER BY c_time desc LIMIT 0,15   [ RunTime:0.000054s ]
SQL: SHOW COLUMNS FROM `liuyan` [ RunTime:0.000372s ]
SQL: SELECT COUNT(*) AS tp_count FROM `liuyan` WHERE ( hd_id=7 and status=1 ) LIMIT 1   [ RunTime:0.000051s ]
SQL: SELECT liuyan.*,user.account FROM `liuyan` LEFT JOIN user ON liuyan.re_id=user.id WHERE ( hd_id=7 and liuyan.status=1 ) ORDER BY c_time desc LIMIT 0,15   [ RunTime:0.000182s ]
SQL: SHOW COLUMNS FROM `dianpu` [ RunTime:0.000314s ]
SQL: SELECT * FROM `dianpu`  [ RunTime:0.000050s ]
INFO: [ view_parse ] --START--
NOTIC: [8] Undefined variable: error /data/web/wxbosheng/public_html/Index/Runtime/Cache/8a85ec2505939a6b24390e60f6c245f3.php 第 143 行.
INFO: ParseTemplate Behavior ::run [ RunTime:0.010182s ]
INFO: [ view_parse ] --END-- [ RunTime:0.010244s ]
INFO: [ view_filter ] --START--
INFO: ContentReplace Behavior ::run [ RunTime:0.000330s ]
INFO: TokenBuild Behavior ::run [ RunTime:0.000262s ]
INFO: WriteHtmlCache Behavior ::run [ RunTime:0.000189s ]
INFO: ShowRuntime Behavior ::run [ RunTime:0.000338s ]
INFO: [ view_filter ] --END-- [ RunTime:0.001248s ]
INFO: [ view_end ] --START--
INFO: ShowPageTrace Behavior ::run [ RunTime:0.000391s ]
INFO: [ view_end ] --END-- [ RunTime:0.000443s ]

[ 2014-06-25T01:22:02+08:00 ] 116.20.93.86 /index.php/Index/index/id/7
INFO: [ route_check ] --START--
INFO: CheckRoute Behavior ::run [ RunTime:0.000534s ]
INFO: [ route_check ] --END-- [ RunTime:0.000631s ]
INFO: [ app_begin ] --START--
INFO: ReadHtmlCache Behavior ::run [ RunTime:0.000387s ]
INFO: [ app_begin ] --END-- [ RunTime:0.000447s ]
NOTIC: 建议使用I方法替代_get
SQL: SHOW COLUMNS FROM `huodong` [ RunTime:0.000469s ]
SQL: SELECT huodong.*,user.account FROM `huodong` LEFT JOIN user ON huodong.u_id=user.id WHERE ( huodong.id=7 and huodong.status=1 ) LIMIT 1   [ RunTime:0.000237s ]
SQL: SHOW COLUMNS FROM `baoming` [ RunTime:0.000332s ]
SQL: SELECT COUNT(*) AS tp_count FROM `baoming` WHERE ( hd_id=7 ) LIMIT 1   [ RunTime:0.000052s ]
SQL: SELECT * FROM `baoming` WHERE ( hd_id=7 ) ORDER BY c_time desc LIMIT 0,15   [ RunTime:0.000053s ]
SQL: SHOW COLUMNS FROM `liuyan` [ RunTime:0.000418s ]
SQL: SELECT COUNT(*) AS tp_count FROM `liuyan` WHERE ( hd_id=7 and status=1 ) LIMIT 1   [ RunTime:0.000051s ]
SQL: SELECT liuyan.*,user.account FROM `liuyan` LEFT JOIN user ON liuyan.re_id=user.id WHERE ( hd_id=7 and liuyan.status=1 ) ORDER BY c_time desc LIMIT 0,15   [ RunTime:0.000084s ]
SQL: SHOW COLUMNS FROM `dianpu` [ RunTime:0.000285s ]
SQL: SELECT * FROM `dianpu`  [ RunTime:0.000102s ]
INFO: [ view_parse ] --START--
NOTIC: [8] Undefined variable: error /data/web/wxbosheng/public_html/Index/Runtime/Cache/8a85ec2505939a6b24390e60f6c245f3.php 第 143 行.
INFO: ParseTemplate Behavior ::run [ RunTime:0.010167s ]
INFO: [ view_parse ] --END-- [ RunTime:0.010220s ]
INFO: [ view_filter ] --START--
INFO: ContentReplace Behavior ::run [ RunTime:0.000297s ]
INFO: TokenBuild Behavior ::run [ RunTime:0.000257s ]
INFO: WriteHtmlCache Behavior ::run [ RunTime:0.000194s ]
INFO: ShowRuntime Behavior ::run [ RunTime:0.000321s ]
INFO: [ view_filter ] --END-- [ RunTime:0.001198s ]
INFO: [ view_end ] --START--
INFO: ShowPageTrace Behavior ::run [ RunTime:0.000385s ]
INFO: [ view_end ] --END-- [ RunTime:0.000437s ]

[ 2014-06-25T01:27:43+08:00 ] 116.20.93.86 /index.php/Index/index/id/7
INFO: [ route_check ] --START--
INFO: CheckRoute Behavior ::run [ RunTime:0.000495s ]
INFO: [ route_check ] --END-- [ RunTime:0.000558s ]
INFO: [ app_begin ] --START--
INFO: ReadHtmlCache Behavior ::run [ RunTime:0.000382s ]
INFO: [ app_begin ] --END-- [ RunTime:0.000429s ]
NOTIC: 建议使用I方法替代_get
SQL: SHOW COLUMNS FROM `huodong` [ RunTime:0.000514s ]
SQL: SELECT huodong.*,user.account FROM `huodong` LEFT JOIN user ON huodong.u_id=user.id WHERE ( huodong.id=7 and huodong.status=1 ) LIMIT 1   [ RunTime:0.000058s ]
SQL: SHOW COLUMNS FROM `baoming` [ RunTime:0.000324s ]
SQL: SELECT COUNT(*) AS tp_count FROM `baoming` WHERE ( hd_id=7 ) LIMIT 1   [ RunTime:0.000052s ]
SQL: SELECT * FROM `baoming` WHERE ( hd_id=7 ) ORDER BY c_time desc LIMIT 0,15   [ RunTime:0.000052s ]
SQL: SHOW COLUMNS FROM `liuyan` [ RunTime:0.000396s ]
SQL: SELECT COUNT(*) AS tp_count FROM `liuyan` WHERE ( hd_id=7 and status=1 ) LIMIT 1   [ RunTime:0.000051s ]
SQL: SELECT liuyan.*,user.account FROM `liuyan` LEFT JOIN user ON liuyan.re_id=user.id WHERE ( hd_id=7 and liuyan.status=1 ) ORDER BY c_time desc LIMIT 0,15   [ RunTime:0.000054s ]
SQL: SHOW COLUMNS FROM `dianpu` [ RunTime:0.000281s ]
SQL: SELECT * FROM `dianpu`  [ RunTime:0.000114s ]
INFO: [ view_parse ] --START--
NOTIC: [8] Undefined variable: error /data/web/wxbosheng/public_html/Index/Runtime/Cache/8a85ec2505939a6b24390e60f6c245f3.php 第 143 行.
INFO: ParseTemplate Behavior ::run [ RunTime:0.009568s ]
INFO: [ view_parse ] --END-- [ RunTime:0.009618s ]
INFO: [ view_filter ] --START--
INFO: ContentReplace Behavior ::run [ RunTime:0.000321s ]
INFO: TokenBuild Behavior ::run [ RunTime:0.000258s ]
INFO: WriteHtmlCache Behavior ::run [ RunTime:0.000183s ]
INFO: ShowRuntime Behavior ::run [ RunTime:0.000286s ]
INFO: [ view_filter ] --END-- [ RunTime:0.001186s ]
INFO: [ view_end ] --START--
INFO: ShowPageTrace Behavior ::run [ RunTime:0.000377s ]
INFO: [ view_end ] --END-- [ RunTime:0.000427s ]

[ 2014-06-25T02:23:44+08:00 ] 183.60.61.97 /index.php/Index/index/id/7
INFO: [ route_check ] --START--
INFO: CheckRoute Behavior ::run [ RunTime:0.000555s ]
INFO: [ route_check ] --END-- [ RunTime:0.000626s ]
INFO: [ app_begin ] --START--
INFO: ReadHtmlCache Behavior ::run [ RunTime:0.000773s ]
INFO: [ app_begin ] --END-- [ RunTime:0.000856s ]
NOTIC: 建议使用I方法替代_get
SQL: SHOW COLUMNS FROM `huodong` [ RunTime:0.000460s ]
SQL: SELECT huodong.*,user.account FROM `huodong` LEFT JOIN user ON huodong.u_id=user.id WHERE ( huodong.id=7 and huodong.status=1 ) LIMIT 1   [ RunTime:0.000061s ]
SQL: UPDATE `huodong` SET `view`=40 WHERE ( id=7 and status=1 ) [ RunTime:0.000175s ]
SQL: SHOW COLUMNS FROM `baoming` [ RunTime:0.000341s ]
SQL: SELECT COUNT(*) AS tp_count FROM `baoming` WHERE ( hd_id=7 ) LIMIT 1   [ RunTime:0.000052s ]
SQL: SELECT * FROM `baoming` WHERE ( hd_id=7 ) ORDER BY c_time desc LIMIT 0,15   [ RunTime:0.000053s ]
SQL: SHOW COLUMNS FROM `liuyan` [ RunTime:0.000398s ]
SQL: SELECT COUNT(*) AS tp_count FROM `liuyan` WHERE ( hd_id=7 and status=1 ) LIMIT 1   [ RunTime:0.000052s ]
SQL: SELECT liuyan.*,user.account FROM `liuyan` LEFT JOIN user ON liuyan.re_id=user.id WHERE ( hd_id=7 and liuyan.status=1 ) ORDER BY c_time desc LIMIT 0,15   [ RunTime:0.000053s ]
SQL: SHOW COLUMNS FROM `dianpu` [ RunTime:0.000287s ]
SQL: SELECT * FROM `dianpu`  [ RunTime:0.000051s ]
INFO: [ view_parse ] --START--
NOTIC: [8] Undefined variable: error /data/web/wxbosheng/public_html/Index/Runtime/Cache/8a85ec2505939a6b24390e60f6c245f3.php 第 143 行.
INFO: ParseTemplate Behavior ::run [ RunTime:0.010153s ]
INFO: [ view_parse ] --END-- [ RunTime:0.010233s ]
INFO: [ view_filter ] --START--
INFO: ContentReplace Behavior ::run [ RunTime:0.000290s ]
INFO: TokenBuild Behavior ::run [ RunTime:0.000266s ]
INFO: WriteHtmlCache Behavior ::run [ RunTime:0.000213s ]
INFO: ShowRuntime Behavior ::run [ RunTime:0.000289s ]
INFO: [ view_filter ] --END-- [ RunTime:0.001188s ]
INFO: [ view_end ] --START--
INFO: ShowPageTrace Behavior ::run [ RunTime:0.000397s ]
INFO: [ view_end ] --END-- [ RunTime:0.000494s ]

[ 2014-06-25T09:14:23+08:00 ] 120.237.14.95 /index.php/Index/index/id/7
INFO: [ route_check ] --START--
INFO: CheckRoute Behavior ::run [ RunTime:0.000504s ]
INFO: [ route_check ] --END-- [ RunTime:0.000568s ]
INFO: [ app_begin ] --START--
INFO: ReadHtmlCache Behavior ::run [ RunTime:0.000344s ]
INFO: [ app_begin ] --END-- [ RunTime:0.000393s ]
NOTIC: 建议使用I方法替代_get
SQL: SHOW COLUMNS FROM `huodong` [ RunTime:0.000475s ]
SQL: SELECT huodong.*,user.account FROM `huodong` LEFT JOIN user ON huodong.u_id=user.id WHERE ( huodong.id=7 and huodong.status=1 ) LIMIT 1   [ RunTime:0.000226s ]
SQL: UPDATE `huodong` SET `view`=41 WHERE ( id=7 and status=1 ) [ RunTime:0.000150s ]
SQL: SHOW COLUMNS FROM `baoming` [ RunTime:0.000334s ]
SQL: SELECT COUNT(*) AS tp_count FROM `baoming` WHERE ( hd_id=7 ) LIMIT 1   [ RunTime:0.000052s ]
SQL: SELECT * FROM `baoming` WHERE ( hd_id=7 ) ORDER BY c_time desc LIMIT 0,15   [ RunTime:0.000052s ]
SQL: SHOW COLUMNS FROM `liuyan` [ RunTime:0.000386s ]
SQL: SELECT COUNT(*) AS tp_count FROM `liuyan` WHERE ( hd_id=7 and status=1 ) LIMIT 1   [ RunTime:0.000051s ]
SQL: SELECT liuyan.*,user.account FROM `liuyan` LEFT JOIN user ON liuyan.re_id=user.id WHERE ( hd_id=7 and liuyan.status=1 ) ORDER BY c_time desc LIMIT 0,15   [ RunTime:0.000163s ]
SQL: SHOW COLUMNS FROM `dianpu` [ RunTime:0.000293s ]
SQL: SELECT * FROM `dianpu`  [ RunTime:0.000050s ]
INFO: [ view_parse ] --START--
NOTIC: [8] Undefined variable: error /data/web/wxbosheng/public_html/Index/Runtime/Cache/8a85ec2505939a6b24390e60f6c245f3.php 第 143 行.
INFO: ParseTemplate Behavior ::run [ RunTime:0.009599s ]
INFO: [ view_parse ] --END-- [ RunTime:0.009648s ]
INFO: [ view_filter ] --START--
INFO: ContentReplace Behavior ::run [ RunTime:0.000309s ]
INFO: TokenBuild Behavior ::run [ RunTime:0.000256s ]
INFO: WriteHtmlCache Behavior ::run [ RunTime:0.000184s ]
INFO: ShowRuntime Behavior ::run [ RunTime:0.000328s ]
INFO: [ view_filter ] --END-- [ RunTime:0.001207s ]
INFO: [ view_end ] --START--
INFO: ShowPageTrace Behavior ::run [ RunTime:0.000377s ]
INFO: [ view_end ] --END-- [ RunTime:0.000426s ]

[ 2014-06-25T09:14:37+08:00 ] 101.226.89.122 /index.php/Index/index/id/7
INFO: [ route_check ] --START--
INFO: CheckRoute Behavior ::run [ RunTime:0.000537s ]
INFO: [ route_check ] --END-- [ RunTime:0.000601s ]
INFO: [ app_begin ] --START--
INFO: ReadHtmlCache Behavior ::run [ RunTime:0.000343s ]
INFO: [ app_begin ] --END-- [ RunTime:0.000393s ]
NOTIC: 建议使用I方法替代_get
SQL: SHOW COLUMNS FROM `huodong` [ RunTime:0.000509s ]
SQL: SELECT huodong.*,user.account FROM `huodong` LEFT JOIN user ON huodong.u_id=user.id WHERE ( huodong.id=7 and huodong.status=1 ) LIMIT 1   [ RunTime:0.000211s ]
SQL: UPDATE `huodong` SET `view`=42 WHERE ( id=7 and status=1 ) [ RunTime:0.000162s ]
SQL: SHOW COLUMNS FROM `baoming` [ RunTime:0.000338s ]
SQL: SELECT COUNT(*) AS tp_count FROM `baoming` WHERE ( hd_id=7 ) LIMIT 1   [ RunTime:0.000052s ]
SQL: SELECT * FROM `baoming` WHERE ( hd_id=7 ) ORDER BY c_time desc LIMIT 0,15   [ RunTime:0.000052s ]
SQL: SHOW COLUMNS FROM `liuyan` [ RunTime:0.000402s ]
SQL: SELECT COUNT(*) AS tp_count FROM `liuyan` WHERE ( hd_id=7 and status=1 ) LIMIT 1   [ RunTime:0.000051s ]
SQL: SELECT liuyan.*,user.account FROM `liuyan` LEFT JOIN user ON liuyan.re_id=user.id WHERE ( hd_id=7 and liuyan.status=1 ) ORDER BY c_time desc LIMIT 0,15   [ RunTime:0.000080s ]
SQL: SHOW COLUMNS FROM `dianpu` [ RunTime:0.000281s ]
SQL: SELECT * FROM `dianpu`  [ RunTime:0.000050s ]
INFO: [ view_parse ] --START--
NOTIC: [8] Undefined variable: error /data/web/wxbosheng/public_html/Index/Runtime/Cache/8a85ec2505939a6b24390e60f6c245f3.php 第 143 行.
INFO: ParseTemplate Behavior ::run [ RunTime:0.009765s ]
INFO: [ view_parse ] --END-- [ RunTime:0.009815s ]
INFO: [ view_filter ] --START--
INFO: ContentReplace Behavior ::run [ RunTime:0.000291s ]
INFO: TokenBuild Behavior ::run [ RunTime:0.000295s ]
INFO: WriteHtmlCache Behavior ::run [ RunTime:0.000183s ]
INFO: ShowRuntime Behavior ::run [ RunTime:0.000295s ]
INFO: [ view_filter ] --END-- [ RunTime:0.001192s ]
INFO: [ view_end ] --START--
INFO: ShowPageTrace Behavior ::run [ RunTime:0.000388s ]
INFO: [ view_end ] --END-- [ RunTime:0.000441s ]

[ 2014-06-25T09:35:24+08:00 ] 183.60.52.11 /index.php/Index/index/id/7
INFO: [ route_check ] --START--
INFO: CheckRoute Behavior ::run [ RunTime:0.000569s ]
INFO: [ route_check ] --END-- [ RunTime:0.000638s ]
INFO: [ app_begin ] --START--
INFO: ReadHtmlCache Behavior ::run [ RunTime:0.000363s ]
INFO: [ app_begin ] --END-- [ RunTime:0.004092s ]
NOTIC: 建议使用I方法替代_get
SQL: SHOW COLUMNS FROM `huodong` [ RunTime:0.000483s ]
SQL: SELECT huodong.*,user.account FROM `huodong` LEFT JOIN user ON huodong.u_id=user.id WHERE ( huodong.id=7 and huodong.status=1 ) LIMIT 1   [ RunTime:0.000208s ]
SQL: UPDATE `huodong` SET `view`=43 WHERE ( id=7 and status=1 ) [ RunTime:0.000146s ]
SQL: SHOW COLUMNS FROM `baoming` [ RunTime:0.000341s ]
SQL: SELECT COUNT(*) AS tp_count FROM `baoming` WHERE ( hd_id=7 ) LIMIT 1   [ RunTime:0.000052s ]
SQL: SELECT * FROM `baoming` WHERE ( hd_id=7 ) ORDER BY c_time desc LIMIT 0,15   [ RunTime:0.000052s ]
SQL: SHOW COLUMNS FROM `liuyan` [ RunTime:0.000373s ]
SQL: SELECT COUNT(*) AS tp_count FROM `liuyan` WHERE ( hd_id=7 and status=1 ) LIMIT 1   [ RunTime:0.000051s ]
SQL: SELECT liuyan.*,user.account FROM `liuyan` LEFT JOIN user ON liuyan.re_id=user.id WHERE ( hd_id=7 and liuyan.status=1 ) ORDER BY c_time desc LIMIT 0,15   [ RunTime:0.000052s ]
SQL: SHOW COLUMNS FROM `dianpu` [ RunTime:0.000289s ]
SQL: SELECT * FROM `dianpu`  [ RunTime:0.000059s ]
INFO: [ view_parse ] --START--
NOTIC: [8] Undefined variable: error /data/web/wxbosheng/public_html/Index/Runtime/Cache/8a85ec2505939a6b24390e60f6c245f3.php 第 143 行.
INFO: ParseTemplate Behavior ::run [ RunTime:0.010635s ]
INFO: [ view_parse ] --END-- [ RunTime:0.010685s ]
INFO: [ view_filter ] --START--
INFO: ContentReplace Behavior ::run [ RunTime:0.000310s ]
INFO: TokenBuild Behavior ::run [ RunTime:0.000293s ]
INFO: WriteHtmlCache Behavior ::run [ RunTime:0.000190s ]
INFO: ShowRuntime Behavior ::run [ RunTime:0.000305s ]
INFO: [ view_filter ] --END-- [ RunTime:0.001227s ]
INFO: [ view_end ] --START--
INFO: ShowPageTrace Behavior ::run [ RunTime:0.000450s ]
INFO: [ view_end ] --END-- [ RunTime:0.000504s ]

