[ 2014-06-21T12:23:50+08:00 ] 116.20.50.176 /index.php/Index/index/id/7
INFO: [ route_check ] --START--
INFO: CheckRoute Behavior ::run [ RunTime:0.000524s ]
INFO: [ route_check ] --END-- [ RunTime:0.000587s ]
INFO: [ app_begin ] --START--
INFO: ReadHtmlCache Behavior ::run [ RunTime:0.000371s ]
INFO: [ app_begin ] --END-- [ RunTime:0.000421s ]
NOTIC: 建议使用I方法替代_get
SQL: SHOW COLUMNS FROM `huodong` [ RunTime:0.000475s ]
SQL: SELECT huodong.*,user.account FROM `huodong` LEFT JOIN user ON huodong.u_id=user.id WHERE ( huodong.id=7 and huodong.status=1 ) LIMIT 1   [ RunTime:0.000192s ]
SQL: UPDATE `huodong` SET `view`=7 WHERE ( id=7 and status=1 ) [ RunTime:0.000151s ]
SQL: SHOW COLUMNS FROM `baoming` [ RunTime:0.000314s ]
SQL: SELECT COUNT(*) AS tp_count FROM `baoming` WHERE ( hd_id=7 ) LIMIT 1   [ RunTime:0.000053s ]
SQL: SELECT * FROM `baoming` WHERE ( hd_id=7 ) ORDER BY c_time desc LIMIT 0,15   [ RunTime:0.000049s ]
NOTIC: [2] Invalid argument supplied for foreach() /data/web/wxbosheng/public_html/Index/Lib/Action/IndexAction.class.php 第 73 行.
SQL: SHOW COLUMNS FROM `liuyan` [ RunTime:0.000387s ]
SQL: SELECT COUNT(*) AS tp_count FROM `liuyan` WHERE ( hd_id=7 and status=1 ) LIMIT 1   [ RunTime:0.000050s ]
SQL: SELECT liuyan.*,user.account FROM `liuyan` LEFT JOIN user ON liuyan.re_id=user.id WHERE ( hd_id=7 and liuyan.status=1 ) ORDER BY c_time desc LIMIT 0,15   [ RunTime:0.000161s ]
INFO: [ view_parse ] --START--
NOTIC: [8] Undefined variable: error /data/web/wxbosheng/public_html/Index/Runtime/Cache/8a85ec2505939a6b24390e60f6c245f3.php 第 130 行.
INFO: ParseTemplate Behavior ::run [ RunTime:0.008741s ]
INFO: [ view_parse ] --END-- [ RunTime:0.008788s ]
INFO: [ view_filter ] --START--
INFO: ContentReplace Behavior ::run [ RunTime:0.000270s ]
INFO: TokenBuild Behavior ::run [ RunTime:0.000253s ]
INFO: WriteHtmlCache Behavior ::run [ RunTime:0.000184s ]
INFO: ShowRuntime Behavior ::run [ RunTime:0.000299s ]
INFO: [ view_filter ] --END-- [ RunTime:0.001172s ]
INFO: [ view_end ] --START--
INFO: ShowPageTrace Behavior ::run [ RunTime:0.000397s ]
INFO: [ view_end ] --END-- [ RunTime:0.000441s ]

[ 2014-06-21T12:26:50+08:00 ] 116.20.50.176 /index.php/Index/index/id/7
INFO: [ route_check ] --START--
INFO: CheckRoute Behavior ::run [ RunTime:0.000544s ]
INFO: [ route_check ] --END-- [ RunTime:0.000615s ]
INFO: [ app_begin ] --START--
INFO: ReadHtmlCache Behavior ::run [ RunTime:0.000362s ]
INFO: [ app_begin ] --END-- [ RunTime:0.000413s ]
NOTIC: 建议使用I方法替代_get
SQL: SHOW COLUMNS FROM `huodong` [ RunTime:0.000481s ]
SQL: SELECT huodong.*,user.account FROM `huodong` LEFT JOIN user ON huodong.u_id=user.id WHERE ( huodong.id=7 and huodong.status=1 ) LIMIT 1   [ RunTime:0.000200s ]
SQL: SHOW COLUMNS FROM `baoming` [ RunTime:0.000322s ]
SQL: SELECT COUNT(*) AS tp_count FROM `baoming` WHERE ( hd_id=7 ) LIMIT 1   [ RunTime:0.000053s ]
SQL: SELECT * FROM `baoming` WHERE ( hd_id=7 ) ORDER BY c_time desc LIMIT 0,15   [ RunTime:0.000050s ]
NOTIC: [2] Invalid argument supplied for foreach() /data/web/wxbosheng/public_html/Index/Lib/Action/IndexAction.class.php 第 73 行.
SQL: SHOW COLUMNS FROM `liuyan` [ RunTime:0.000396s ]
SQL: SELECT COUNT(*) AS tp_count FROM `liuyan` WHERE ( hd_id=7 and status=1 ) LIMIT 1   [ RunTime:0.000051s ]
SQL: SELECT liuyan.*,user.account FROM `liuyan` LEFT JOIN user ON liuyan.re_id=user.id WHERE ( hd_id=7 and liuyan.status=1 ) ORDER BY c_time desc LIMIT 0,15   [ RunTime:0.000054s ]
INFO: [ view_parse ] --START--
NOTIC: [8] Undefined variable: error /data/web/wxbosheng/public_html/Index/Runtime/Cache/8a85ec2505939a6b24390e60f6c245f3.php 第 130 行.
INFO: ParseTemplate Behavior ::run [ RunTime:0.009195s ]
INFO: [ view_parse ] --END-- [ RunTime:0.009246s ]
INFO: [ view_filter ] --START--
INFO: ContentReplace Behavior ::run [ RunTime:0.000288s ]
INFO: TokenBuild Behavior ::run [ RunTime:0.000255s ]
INFO: WriteHtmlCache Behavior ::run [ RunTime:0.000190s ]
INFO: ShowRuntime Behavior ::run [ RunTime:0.000286s ]
INFO: [ view_filter ] --END-- [ RunTime:0.001179s ]
INFO: [ view_end ] --START--
INFO: ShowPageTrace Behavior ::run [ RunTime:0.000413s ]
INFO: [ view_end ] --END-- [ RunTime:0.000462s ]

[ 2014-06-21T12:27:47+08:00 ] 116.20.50.176 /index.php/Index/index/id/7
INFO: [ route_check ] --START--
INFO: CheckRoute Behavior ::run [ RunTime:0.000540s ]
INFO: [ route_check ] --END-- [ RunTime:0.000610s ]
INFO: [ app_begin ] --START--
INFO: ReadHtmlCache Behavior ::run [ RunTime:0.000365s ]
INFO: [ app_begin ] --END-- [ RunTime:0.000417s ]
NOTIC: 建议使用I方法替代_get
SQL: SHOW COLUMNS FROM `huodong` [ RunTime:0.000474s ]
SQL: SELECT huodong.*,user.account FROM `huodong` LEFT JOIN user ON huodong.u_id=user.id WHERE ( huodong.id=7 and huodong.status=1 ) LIMIT 1   [ RunTime:0.000061s ]
SQL: UPDATE `huodong` SET `view`=8 WHERE ( id=7 and status=1 ) [ RunTime:0.000177s ]
SQL: SHOW COLUMNS FROM `baoming` [ RunTime:0.000322s ]
SQL: SELECT COUNT(*) AS tp_count FROM `baoming` WHERE ( hd_id=7 ) LIMIT 1   [ RunTime:0.000052s ]
SQL: SELECT * FROM `baoming` WHERE ( hd_id=7 ) ORDER BY c_time desc LIMIT 0,15   [ RunTime:0.000050s ]
NOTIC: [2] Invalid argument supplied for foreach() /data/web/wxbosheng/public_html/Index/Lib/Action/IndexAction.class.php 第 73 行.
SQL: SHOW COLUMNS FROM `liuyan` [ RunTime:0.000398s ]
SQL: SELECT COUNT(*) AS tp_count FROM `liuyan` WHERE ( hd_id=7 and status=1 ) LIMIT 1   [ RunTime:0.000050s ]
SQL: SELECT liuyan.*,user.account FROM `liuyan` LEFT JOIN user ON liuyan.re_id=user.id WHERE ( hd_id=7 and liuyan.status=1 ) ORDER BY c_time desc LIMIT 0,15   [ RunTime:0.000052s ]
INFO: [ view_parse ] --START--
NOTIC: [8] Undefined variable: error /data/web/wxbosheng/public_html/Index/Runtime/Cache/8a85ec2505939a6b24390e60f6c245f3.php 第 130 行.
INFO: ParseTemplate Behavior ::run [ RunTime:0.009181s ]
INFO: [ view_parse ] --END-- [ RunTime:0.009233s ]
INFO: [ view_filter ] --START--
INFO: ContentReplace Behavior ::run [ RunTime:0.000315s ]
INFO: TokenBuild Behavior ::run [ RunTime:0.000255s ]
INFO: WriteHtmlCache Behavior ::run [ RunTime:0.000192s ]
INFO: ShowRuntime Behavior ::run [ RunTime:0.000286s ]
INFO: [ view_filter ] --END-- [ RunTime:0.001178s ]
INFO: [ view_end ] --START--
INFO: ShowPageTrace Behavior ::run [ RunTime:0.000385s ]
INFO: [ view_end ] --END-- [ RunTime:0.000470s ]

[ 2014-06-21T12:28:38+08:00 ] 183.60.70.30 /index.php/Index/index/id/7
INFO: [ route_check ] --START--
INFO: CheckRoute Behavior ::run [ RunTime:0.000526s ]
INFO: [ route_check ] --END-- [ RunTime:0.000589s ]
INFO: [ app_begin ] --START--
INFO: ReadHtmlCache Behavior ::run [ RunTime:0.000351s ]
INFO: [ app_begin ] --END-- [ RunTime:0.000398s ]
NOTIC: 建议使用I方法替代_get
SQL: SHOW COLUMNS FROM `huodong` [ RunTime:0.000474s ]
SQL: SELECT huodong.*,user.account FROM `huodong` LEFT JOIN user ON huodong.u_id=user.id WHERE ( huodong.id=7 and huodong.status=1 ) LIMIT 1   [ RunTime:0.000232s ]
SQL: UPDATE `huodong` SET `view`=9 WHERE ( id=7 and status=1 ) [ RunTime:0.000134s ]
SQL: SHOW COLUMNS FROM `baoming` [ RunTime:0.000311s ]
SQL: SELECT COUNT(*) AS tp_count FROM `baoming` WHERE ( hd_id=7 ) LIMIT 1   [ RunTime:0.000061s ]
SQL: SELECT * FROM `baoming` WHERE ( hd_id=7 ) ORDER BY c_time desc LIMIT 0,15   [ RunTime:0.000050s ]
NOTIC: [2] Invalid argument supplied for foreach() /data/web/wxbosheng/public_html/Index/Lib/Action/IndexAction.class.php 第 73 行.
SQL: SHOW COLUMNS FROM `liuyan` [ RunTime:0.000392s ]
SQL: SELECT COUNT(*) AS tp_count FROM `liuyan` WHERE ( hd_id=7 and status=1 ) LIMIT 1   [ RunTime:0.000050s ]
SQL: SELECT liuyan.*,user.account FROM `liuyan` LEFT JOIN user ON liuyan.re_id=user.id WHERE ( hd_id=7 and liuyan.status=1 ) ORDER BY c_time desc LIMIT 0,15   [ RunTime:0.000052s ]
INFO: [ view_parse ] --START--
NOTIC: [8] Undefined variable: error /data/web/wxbosheng/public_html/Index/Runtime/Cache/8a85ec2505939a6b24390e60f6c245f3.php 第 130 行.
INFO: ParseTemplate Behavior ::run [ RunTime:0.008739s ]
INFO: [ view_parse ] --END-- [ RunTime:0.008790s ]
INFO: [ view_filter ] --START--
INFO: ContentReplace Behavior ::run [ RunTime:0.000279s ]
INFO: TokenBuild Behavior ::run [ RunTime:0.000266s ]
INFO: WriteHtmlCache Behavior ::run [ RunTime:0.000184s ]
INFO: ShowRuntime Behavior ::run [ RunTime:0.000317s ]
INFO: [ view_filter ] --END-- [ RunTime:0.001175s ]
INFO: [ view_end ] --START--
INFO: ShowPageTrace Behavior ::run [ RunTime:0.000381s ]
INFO: [ view_end ] --END-- [ RunTime:0.000425s ]

[ 2014-06-21T12:29:36+08:00 ] 116.20.50.176 /index.php/Index/index/id/7
INFO: [ route_check ] --START--
INFO: CheckRoute Behavior ::run [ RunTime:0.000542s ]
INFO: [ route_check ] --END-- [ RunTime:0.000612s ]
INFO: [ app_begin ] --START--
INFO: ReadHtmlCache Behavior ::run [ RunTime:0.000369s ]
INFO: [ app_begin ] --END-- [ RunTime:0.000421s ]
NOTIC: 建议使用I方法替代_get
SQL: SHOW COLUMNS FROM `huodong` [ RunTime:0.000490s ]
SQL: SELECT huodong.*,user.account FROM `huodong` LEFT JOIN user ON huodong.u_id=user.id WHERE ( huodong.id=7 and huodong.status=1 ) LIMIT 1   [ RunTime:0.000204s ]
SQL: SHOW COLUMNS FROM `baoming` [ RunTime:0.000329s ]
SQL: SELECT COUNT(*) AS tp_count FROM `baoming` WHERE ( hd_id=7 ) LIMIT 1   [ RunTime:0.000053s ]
SQL: SELECT * FROM `baoming` WHERE ( hd_id=7 ) ORDER BY c_time desc LIMIT 0,15   [ RunTime:0.000050s ]
NOTIC: [2] Invalid argument supplied for foreach() /data/web/wxbosheng/public_html/Index/Lib/Action/IndexAction.class.php 第 73 行.
SQL: SHOW COLUMNS FROM `liuyan` [ RunTime:0.000401s ]
SQL: SELECT COUNT(*) AS tp_count FROM `liuyan` WHERE ( hd_id=7 and status=1 ) LIMIT 1   [ RunTime:0.000051s ]
SQL: SELECT liuyan.*,user.account FROM `liuyan` LEFT JOIN user ON liuyan.re_id=user.id WHERE ( hd_id=7 and liuyan.status=1 ) ORDER BY c_time desc LIMIT 0,15   [ RunTime:0.000053s ]
INFO: [ view_parse ] --START--
NOTIC: [8] Undefined variable: error /data/web/wxbosheng/public_html/Index/Runtime/Cache/8a85ec2505939a6b24390e60f6c245f3.php 第 130 行.
INFO: ParseTemplate Behavior ::run [ RunTime:0.009215s ]
INFO: [ view_parse ] --END-- [ RunTime:0.009269s ]
INFO: [ view_filter ] --START--
INFO: ContentReplace Behavior ::run [ RunTime:0.000293s ]
INFO: TokenBuild Behavior ::run [ RunTime:0.000262s ]
INFO: WriteHtmlCache Behavior ::run [ RunTime:0.000233s ]
INFO: ShowRuntime Behavior ::run [ RunTime:0.000294s ]
INFO: [ view_filter ] --END-- [ RunTime:0.001240s ]
INFO: [ view_end ] --START--
INFO: ShowPageTrace Behavior ::run [ RunTime:0.000418s ]
INFO: [ view_end ] --END-- [ RunTime:0.000465s ]

[ 2014-06-21T12:30:21+08:00 ] 183.60.35.80 /index.php/Index/index/id/7
INFO: [ route_check ] --START--
INFO: CheckRoute Behavior ::run [ RunTime:0.000576s ]
INFO: [ route_check ] --END-- [ RunTime:0.000646s ]
INFO: [ app_begin ] --START--
INFO: ReadHtmlCache Behavior ::run [ RunTime:0.000385s ]
INFO: [ app_begin ] --END-- [ RunTime:0.000434s ]
NOTIC: 建议使用I方法替代_get
SQL: SHOW COLUMNS FROM `huodong` [ RunTime:0.000473s ]
SQL: SELECT huodong.*,user.account FROM `huodong` LEFT JOIN user ON huodong.u_id=user.id WHERE ( huodong.id=7 and huodong.status=1 ) LIMIT 1   [ RunTime:0.000060s ]
SQL: UPDATE `huodong` SET `view`=10 WHERE ( id=7 and status=1 ) [ RunTime:0.000158s ]
SQL: SHOW COLUMNS FROM `baoming` [ RunTime:0.000334s ]
SQL: SELECT COUNT(*) AS tp_count FROM `baoming` WHERE ( hd_id=7 ) LIMIT 1   [ RunTime:0.000069s ]
SQL: SELECT * FROM `baoming` WHERE ( hd_id=7 ) ORDER BY c_time desc LIMIT 0,15   [ RunTime:0.000051s ]
NOTIC: [2] Invalid argument supplied for foreach() /data/web/wxbosheng/public_html/Index/Lib/Action/IndexAction.class.php 第 73 行.
SQL: SHOW COLUMNS FROM `liuyan` [ RunTime:0.000425s ]
SQL: SELECT COUNT(*) AS tp_count FROM `liuyan` WHERE ( hd_id=7 and status=1 ) LIMIT 1   [ RunTime:0.000050s ]
SQL: SELECT liuyan.*,user.account FROM `liuyan` LEFT JOIN user ON liuyan.re_id=user.id WHERE ( hd_id=7 and liuyan.status=1 ) ORDER BY c_time desc LIMIT 0,15   [ RunTime:0.000054s ]
INFO: [ view_parse ] --START--
NOTIC: [8] Undefined variable: error /data/web/wxbosheng/public_html/Index/Runtime/Cache/8a85ec2505939a6b24390e60f6c245f3.php 第 130 行.
INFO: ParseTemplate Behavior ::run [ RunTime:0.009214s ]
INFO: [ view_parse ] --END-- [ RunTime:0.009269s ]
INFO: [ view_filter ] --START--
INFO: ContentReplace Behavior ::run [ RunTime:0.000290s ]
INFO: TokenBuild Behavior ::run [ RunTime:0.000291s ]
INFO: WriteHtmlCache Behavior ::run [ RunTime:0.000185s ]
INFO: ShowRuntime Behavior ::run [ RunTime:0.000290s ]
INFO: [ view_filter ] --END-- [ RunTime:0.001192s ]
INFO: [ view_end ] --START--
INFO: ShowPageTrace Behavior ::run [ RunTime:0.000418s ]
INFO: [ view_end ] --END-- [ RunTime:0.000469s ]

[ 2014-06-21T12:30:21+08:00 ] 183.60.1.241 /index.php/Index/index/id/7
INFO: [ route_check ] --START--
INFO: CheckRoute Behavior ::run [ RunTime:0.000490s ]
INFO: [ route_check ] --END-- [ RunTime:0.000573s ]
INFO: [ app_begin ] --START--
INFO: ReadHtmlCache Behavior ::run [ RunTime:0.000348s ]
INFO: [ app_begin ] --END-- [ RunTime:0.000396s ]
NOTIC: 建议使用I方法替代_get
SQL: SHOW COLUMNS FROM `huodong` [ RunTime:0.000402s ]
SQL: SELECT huodong.*,user.account FROM `huodong` LEFT JOIN user ON huodong.u_id=user.id WHERE ( huodong.id=7 and huodong.status=1 ) LIMIT 1   [ RunTime:0.000179s ]
SQL: UPDATE `huodong` SET `view`=11 WHERE ( id=7 and status=1 ) [ RunTime:0.000115s ]
SQL: SHOW COLUMNS FROM `baoming` [ RunTime:0.000314s ]
SQL: SELECT COUNT(*) AS tp_count FROM `baoming` WHERE ( hd_id=7 ) LIMIT 1   [ RunTime:0.000082s ]
SQL: SELECT * FROM `baoming` WHERE ( hd_id=7 ) ORDER BY c_time desc LIMIT 0,15   [ RunTime:0.000049s ]
NOTIC: [2] Invalid argument supplied for foreach() /data/web/wxbosheng/public_html/Index/Lib/Action/IndexAction.class.php 第 73 行.
SQL: SHOW COLUMNS FROM `liuyan` [ RunTime:0.000367s ]
SQL: SELECT COUNT(*) AS tp_count FROM `liuyan` WHERE ( hd_id=7 and status=1 ) LIMIT 1   [ RunTime:0.000062s ]
SQL: SELECT liuyan.*,user.account FROM `liuyan` LEFT JOIN user ON liuyan.re_id=user.id WHERE ( hd_id=7 and liuyan.status=1 ) ORDER BY c_time desc LIMIT 0,15   [ RunTime:0.000051s ]
INFO: [ view_parse ] --START--
NOTIC: [8] Undefined variable: error /data/web/wxbosheng/public_html/Index/Runtime/Cache/8a85ec2505939a6b24390e60f6c245f3.php 第 130 行.
INFO: ParseTemplate Behavior ::run [ RunTime:0.008724s ]
INFO: [ view_parse ] --END-- [ RunTime:0.008770s ]
INFO: [ view_filter ] --START--
INFO: ContentReplace Behavior ::run [ RunTime:0.000276s ]
INFO: TokenBuild Behavior ::run [ RunTime:0.000281s ]
INFO: WriteHtmlCache Behavior ::run [ RunTime:0.000190s ]
INFO: ShowRuntime Behavior ::run [ RunTime:0.000287s ]
INFO: [ view_filter ] --END-- [ RunTime:0.001163s ]
INFO: [ view_end ] --START--
INFO: ShowPageTrace Behavior ::run [ RunTime:0.000401s ]
INFO: [ view_end ] --END-- [ RunTime:0.000444s ]

[ 2014-06-21T12:30:30+08:00 ] 14.223.51.23 /index.php/Index/index/id/7
INFO: [ route_check ] --START--
INFO: CheckRoute Behavior ::run [ RunTime:0.000508s ]
INFO: [ route_check ] --END-- [ RunTime:0.000572s ]
INFO: [ app_begin ] --START--
INFO: ReadHtmlCache Behavior ::run [ RunTime:0.000355s ]
INFO: [ app_begin ] --END-- [ RunTime:0.000404s ]
NOTIC: 建议使用I方法替代_get
SQL: SHOW COLUMNS FROM `huodong` [ RunTime:0.000483s ]
SQL: SELECT huodong.*,user.account FROM `huodong` LEFT JOIN user ON huodong.u_id=user.id WHERE ( huodong.id=7 and huodong.status=1 ) LIMIT 1   [ RunTime:0.000198s ]
SQL: UPDATE `huodong` SET `view`=12 WHERE ( id=7 and status=1 ) [ RunTime:0.000161s ]
SQL: SHOW COLUMNS FROM `baoming` [ RunTime:0.000315s ]
SQL: SELECT COUNT(*) AS tp_count FROM `baoming` WHERE ( hd_id=7 ) LIMIT 1   [ RunTime:0.000053s ]
SQL: SELECT * FROM `baoming` WHERE ( hd_id=7 ) ORDER BY c_time desc LIMIT 0,15   [ RunTime:0.000050s ]
NOTIC: [2] Invalid argument supplied for foreach() /data/web/wxbosheng/public_html/Index/Lib/Action/IndexAction.class.php 第 73 行.
SQL: SHOW COLUMNS FROM `liuyan` [ RunTime:0.000360s ]
SQL: SELECT COUNT(*) AS tp_count FROM `liuyan` WHERE ( hd_id=7 and status=1 ) LIMIT 1   [ RunTime:0.000050s ]
SQL: SELECT liuyan.*,user.account FROM `liuyan` LEFT JOIN user ON liuyan.re_id=user.id WHERE ( hd_id=7 and liuyan.status=1 ) ORDER BY c_time desc LIMIT 0,15   [ RunTime:0.000051s ]
INFO: [ view_parse ] --START--
NOTIC: [8] Undefined variable: error /data/web/wxbosheng/public_html/Index/Runtime/Cache/8a85ec2505939a6b24390e60f6c245f3.php 第 130 行.
INFO: ParseTemplate Behavior ::run [ RunTime:0.008773s ]
INFO: [ view_parse ] --END-- [ RunTime:0.008820s ]
INFO: [ view_filter ] --START--
INFO: ContentReplace Behavior ::run [ RunTime:0.000304s ]
INFO: TokenBuild Behavior ::run [ RunTime:0.000258s ]
INFO: WriteHtmlCache Behavior ::run [ RunTime:0.000192s ]
INFO: ShowRuntime Behavior ::run [ RunTime:0.000285s ]
INFO: [ view_filter ] --END-- [ RunTime:0.001166s ]
INFO: [ view_end ] --START--
INFO: ShowPageTrace Behavior ::run [ RunTime:0.000402s ]
INFO: [ view_end ] --END-- [ RunTime:0.000446s ]

[ 2014-06-21T12:30:32+08:00 ] 116.20.50.176 /index.php/Index/index/id/7
INFO: [ route_check ] --START--
INFO: CheckRoute Behavior ::run [ RunTime:0.000580s ]
INFO: [ route_check ] --END-- [ RunTime:0.000652s ]
INFO: [ app_begin ] --START--
INFO: ReadHtmlCache Behavior ::run [ RunTime:0.000369s ]
INFO: [ app_begin ] --END-- [ RunTime:0.000450s ]
NOTIC: 建议使用I方法替代_get
SQL: SHOW COLUMNS FROM `huodong` [ RunTime:0.000506s ]
SQL: SELECT huodong.*,user.account FROM `huodong` LEFT JOIN user ON huodong.u_id=user.id WHERE ( huodong.id=7 and huodong.status=1 ) LIMIT 1   [ RunTime:0.000198s ]
SQL: SHOW COLUMNS FROM `baoming` [ RunTime:0.000349s ]
SQL: SELECT COUNT(*) AS tp_count FROM `baoming` WHERE ( hd_id=7 ) LIMIT 1   [ RunTime:0.000052s ]
SQL: SELECT * FROM `baoming` WHERE ( hd_id=7 ) ORDER BY c_time desc LIMIT 0,15   [ RunTime:0.000051s ]
NOTIC: [2] Invalid argument supplied for foreach() /data/web/wxbosheng/public_html/Index/Lib/Action/IndexAction.class.php 第 73 行.
SQL: SHOW COLUMNS FROM `liuyan` [ RunTime:0.000379s ]
SQL: SELECT COUNT(*) AS tp_count FROM `liuyan` WHERE ( hd_id=7 and status=1 ) LIMIT 1   [ RunTime:0.000051s ]
SQL: SELECT liuyan.*,user.account FROM `liuyan` LEFT JOIN user ON liuyan.re_id=user.id WHERE ( hd_id=7 and liuyan.status=1 ) ORDER BY c_time desc LIMIT 0,15   [ RunTime:0.000054s ]
INFO: [ view_parse ] --START--
NOTIC: [8] Undefined variable: error /data/web/wxbosheng/public_html/Index/Runtime/Cache/8a85ec2505939a6b24390e60f6c245f3.php 第 130 行.
INFO: ParseTemplate Behavior ::run [ RunTime:0.009841s ]
INFO: [ view_parse ] --END-- [ RunTime:0.009905s ]
INFO: [ view_filter ] --START--
INFO: ContentReplace Behavior ::run [ RunTime:0.000529s ]
INFO: TokenBuild Behavior ::run [ RunTime:0.000354s ]
INFO: WriteHtmlCache Behavior ::run [ RunTime:0.000204s ]
INFO: ShowRuntime Behavior ::run [ RunTime:0.000402s ]
INFO: [ view_filter ] --END-- [ RunTime:0.001659s ]
INFO: [ view_end ] --START--
INFO: ShowPageTrace Behavior ::run [ RunTime:0.000510s ]
INFO: [ view_end ] --END-- [ RunTime:0.000569s ]

[ 2014-06-21T12:31:03+08:00 ] 116.20.50.176 /index.php/Index/index/id/7
INFO: [ route_check ] --START--
INFO: CheckRoute Behavior ::run [ RunTime:0.000536s ]
INFO: [ route_check ] --END-- [ RunTime:0.000599s ]
INFO: [ app_begin ] --START--
INFO: ReadHtmlCache Behavior ::run [ RunTime:0.000378s ]
INFO: [ app_begin ] --END-- [ RunTime:0.000426s ]
NOTIC: 建议使用I方法替代_get
SQL: SHOW COLUMNS FROM `huodong` [ RunTime:0.000501s ]
SQL: SELECT huodong.*,user.account FROM `huodong` LEFT JOIN user ON huodong.u_id=user.id WHERE ( huodong.id=7 and huodong.status=1 ) LIMIT 1   [ RunTime:0.000058s ]
SQL: SHOW COLUMNS FROM `baoming` [ RunTime:0.000313s ]
SQL: SELECT COUNT(*) AS tp_count FROM `baoming` WHERE ( hd_id=7 ) LIMIT 1   [ RunTime:0.000064s ]
SQL: SELECT * FROM `baoming` WHERE ( hd_id=7 ) ORDER BY c_time desc LIMIT 0,15   [ RunTime:0.000049s ]
NOTIC: [2] Invalid argument supplied for foreach() /data/web/wxbosheng/public_html/Index/Lib/Action/IndexAction.class.php 第 73 行.
SQL: SHOW COLUMNS FROM `liuyan` [ RunTime:0.000391s ]
SQL: SELECT COUNT(*) AS tp_count FROM `liuyan` WHERE ( hd_id=7 and status=1 ) LIMIT 1   [ RunTime:0.000051s ]
SQL: SELECT liuyan.*,user.account FROM `liuyan` LEFT JOIN user ON liuyan.re_id=user.id WHERE ( hd_id=7 and liuyan.status=1 ) ORDER BY c_time desc LIMIT 0,15   [ RunTime:0.000053s ]
INFO: [ view_parse ] --START--
NOTIC: [8] Undefined variable: error /data/web/wxbosheng/public_html/Index/Runtime/Cache/8a85ec2505939a6b24390e60f6c245f3.php 第 130 行.
INFO: ParseTemplate Behavior ::run [ RunTime:0.008770s ]
INFO: [ view_parse ] --END-- [ RunTime:0.008819s ]
INFO: [ view_filter ] --START--
INFO: ContentReplace Behavior ::run [ RunTime:0.000276s ]
INFO: TokenBuild Behavior ::run [ RunTime:0.000257s ]
INFO: WriteHtmlCache Behavior ::run [ RunTime:0.000182s ]
INFO: ShowRuntime Behavior ::run [ RunTime:0.000321s ]
INFO: [ view_filter ] --END-- [ RunTime:0.001172s ]
INFO: [ view_end ] --START--
INFO: ShowPageTrace Behavior ::run [ RunTime:0.000383s ]
INFO: [ view_end ] --END-- [ RunTime:0.000428s ]

[ 2014-06-21T12:32:16+08:00 ] 116.20.50.176 /index.php/Index/index/id/7
INFO: [ route_check ] --START--
INFO: CheckRoute Behavior ::run [ RunTime:0.000547s ]
INFO: [ route_check ] --END-- [ RunTime:0.000618s ]
INFO: [ app_begin ] --START--
INFO: ReadHtmlCache Behavior ::run [ RunTime:0.000351s ]
INFO: [ app_begin ] --END-- [ RunTime:0.000411s ]
NOTIC: 建议使用I方法替代_get
SQL: SHOW COLUMNS FROM `huodong` [ RunTime:0.000498s ]
SQL: SELECT huodong.*,user.account FROM `huodong` LEFT JOIN user ON huodong.u_id=user.id WHERE ( huodong.id=7 and huodong.status=1 ) LIMIT 1   [ RunTime:0.000092s ]
SQL: SHOW COLUMNS FROM `baoming` [ RunTime:0.000338s ]
SQL: SELECT COUNT(*) AS tp_count FROM `baoming` WHERE ( hd_id=7 ) LIMIT 1   [ RunTime:0.000053s ]
SQL: SELECT * FROM `baoming` WHERE ( hd_id=7 ) ORDER BY c_time desc LIMIT 0,15   [ RunTime:0.000050s ]
NOTIC: [2] Invalid argument supplied for foreach() /data/web/wxbosheng/public_html/Index/Lib/Action/IndexAction.class.php 第 73 行.
SQL: SHOW COLUMNS FROM `liuyan` [ RunTime:0.000364s ]
SQL: SELECT COUNT(*) AS tp_count FROM `liuyan` WHERE ( hd_id=7 and status=1 ) LIMIT 1   [ RunTime:0.000051s ]
SQL: SELECT liuyan.*,user.account FROM `liuyan` LEFT JOIN user ON liuyan.re_id=user.id WHERE ( hd_id=7 and liuyan.status=1 ) ORDER BY c_time desc LIMIT 0,15   [ RunTime:0.000053s ]
INFO: [ view_parse ] --START--
NOTIC: [8] Undefined variable: error /data/web/wxbosheng/public_html/Index/Runtime/Cache/8a85ec2505939a6b24390e60f6c245f3.php 第 130 行.
INFO: ParseTemplate Behavior ::run [ RunTime:0.009230s ]
INFO: [ view_parse ] --END-- [ RunTime:0.009284s ]
INFO: [ view_filter ] --START--
INFO: ContentReplace Behavior ::run [ RunTime:0.000302s ]
INFO: TokenBuild Behavior ::run [ RunTime:0.000254s ]
INFO: WriteHtmlCache Behavior ::run [ RunTime:0.000184s ]
INFO: ShowRuntime Behavior ::run [ RunTime:0.000297s ]
INFO: [ view_filter ] --END-- [ RunTime:0.001195s ]
INFO: [ view_end ] --START--
INFO: ShowPageTrace Behavior ::run [ RunTime:0.000409s ]
INFO: [ view_end ] --END-- [ RunTime:0.000458s ]

[ 2014-06-21T12:33:00+08:00 ] 116.20.50.176 /index.php/Index/index/id/7
INFO: [ route_check ] --START--
INFO: CheckRoute Behavior ::run [ RunTime:0.000525s ]
INFO: [ route_check ] --END-- [ RunTime:0.000588s ]
INFO: [ app_begin ] --START--
INFO: ReadHtmlCache Behavior ::run [ RunTime:0.000340s ]
INFO: [ app_begin ] --END-- [ RunTime:0.000389s ]
NOTIC: 建议使用I方法替代_get
SQL: SHOW COLUMNS FROM `huodong` [ RunTime:0.000472s ]
SQL: SELECT huodong.*,user.account FROM `huodong` LEFT JOIN user ON huodong.u_id=user.id WHERE ( huodong.id=7 and huodong.status=1 ) LIMIT 1   [ RunTime:0.000058s ]
SQL: SHOW COLUMNS FROM `baoming` [ RunTime:0.000310s ]
SQL: SELECT COUNT(*) AS tp_count FROM `baoming` WHERE ( hd_id=7 ) LIMIT 1   [ RunTime:0.000052s ]
SQL: SELECT * FROM `baoming` WHERE ( hd_id=7 ) ORDER BY c_time desc LIMIT 0,15   [ RunTime:0.000050s ]
NOTIC: [2] Invalid argument supplied for foreach() /data/web/wxbosheng/public_html/Index/Lib/Action/IndexAction.class.php 第 73 行.
SQL: SHOW COLUMNS FROM `liuyan` [ RunTime:0.000360s ]
SQL: SELECT COUNT(*) AS tp_count FROM `liuyan` WHERE ( hd_id=7 and status=1 ) LIMIT 1   [ RunTime:0.000051s ]
SQL: SELECT liuyan.*,user.account FROM `liuyan` LEFT JOIN user ON liuyan.re_id=user.id WHERE ( hd_id=7 and liuyan.status=1 ) ORDER BY c_time desc LIMIT 0,15   [ RunTime:0.000052s ]
INFO: [ view_parse ] --START--
NOTIC: [8] Undefined variable: error /data/web/wxbosheng/public_html/Index/Runtime/Cache/8a85ec2505939a6b24390e60f6c245f3.php 第 130 行.
INFO: ParseTemplate Behavior ::run [ RunTime:0.008821s ]
INFO: [ view_parse ] --END-- [ RunTime:0.008869s ]
INFO: [ view_filter ] --START--
INFO: ContentReplace Behavior ::run [ RunTime:0.000308s ]
INFO: TokenBuild Behavior ::run [ RunTime:0.000254s ]
INFO: WriteHtmlCache Behavior ::run [ RunTime:0.000184s ]
INFO: ShowRuntime Behavior ::run [ RunTime:0.000285s ]
INFO: [ view_filter ] --END-- [ RunTime:0.001166s ]
INFO: [ view_end ] --START--
INFO: ShowPageTrace Behavior ::run [ RunTime:0.000382s ]
INFO: [ view_end ] --END-- [ RunTime:0.000427s ]

[ 2014-06-21T12:33:08+08:00 ] 112.96.109.87 /index.php/Index/index/id/7
INFO: [ route_check ] --START--
INFO: CheckRoute Behavior ::run [ RunTime:0.000537s ]
INFO: [ route_check ] --END-- [ RunTime:0.000601s ]
INFO: [ app_begin ] --START--
INFO: ReadHtmlCache Behavior ::run [ RunTime:0.000351s ]
INFO: [ app_begin ] --END-- [ RunTime:0.000401s ]
NOTIC: 建议使用I方法替代_get
SQL: SHOW COLUMNS FROM `huodong` [ RunTime:0.000458s ]
SQL: SELECT huodong.*,user.account FROM `huodong` LEFT JOIN user ON huodong.u_id=user.id WHERE ( huodong.id=7 and huodong.status=1 ) LIMIT 1   [ RunTime:0.000058s ]
SQL: UPDATE `huodong` SET `view`=13 WHERE ( id=7 and status=1 ) [ RunTime:0.000166s ]
SQL: SHOW COLUMNS FROM `baoming` [ RunTime:0.000314s ]
SQL: SELECT COUNT(*) AS tp_count FROM `baoming` WHERE ( hd_id=7 ) LIMIT 1   [ RunTime:0.000054s ]
SQL: SELECT * FROM `baoming` WHERE ( hd_id=7 ) ORDER BY c_time desc LIMIT 0,15   [ RunTime:0.000050s ]
NOTIC: [2] Invalid argument supplied for foreach() /data/web/wxbosheng/public_html/Index/Lib/Action/IndexAction.class.php 第 73 行.
SQL: SHOW COLUMNS FROM `liuyan` [ RunTime:0.000391s ]
SQL: SELECT COUNT(*) AS tp_count FROM `liuyan` WHERE ( hd_id=7 and status=1 ) LIMIT 1   [ RunTime:0.000051s ]
SQL: SELECT liuyan.*,user.account FROM `liuyan` LEFT JOIN user ON liuyan.re_id=user.id WHERE ( hd_id=7 and liuyan.status=1 ) ORDER BY c_time desc LIMIT 0,15   [ RunTime:0.000053s ]
INFO: [ view_parse ] --START--
NOTIC: [8] Undefined variable: error /data/web/wxbosheng/public_html/Index/Runtime/Cache/8a85ec2505939a6b24390e60f6c245f3.php 第 130 行.
INFO: ParseTemplate Behavior ::run [ RunTime:0.008825s ]
INFO: [ view_parse ] --END-- [ RunTime:0.008879s ]
INFO: [ view_filter ] --START--
INFO: ContentReplace Behavior ::run [ RunTime:0.000283s ]
INFO: TokenBuild Behavior ::run [ RunTime:0.000253s ]
INFO: WriteHtmlCache Behavior ::run [ RunTime:0.000219s ]
INFO: ShowRuntime Behavior ::run [ RunTime:0.000297s ]
INFO: [ view_filter ] --END-- [ RunTime:0.001180s ]
INFO: [ view_end ] --START--
INFO: ShowPageTrace Behavior ::run [ RunTime:0.000370s ]
INFO: [ view_end ] --END-- [ RunTime:0.000415s ]

[ 2014-06-21T12:33:10+08:00 ] 116.20.50.176 /index.php/Index/index/id/7
INFO: [ route_check ] --START--
INFO: CheckRoute Behavior ::run [ RunTime:0.000567s ]
INFO: [ route_check ] --END-- [ RunTime:0.000637s ]
INFO: [ app_begin ] --START--
INFO: ReadHtmlCache Behavior ::run [ RunTime:0.000355s ]
INFO: [ app_begin ] --END-- [ RunTime:0.000406s ]
NOTIC: 建议使用I方法替代_get
SQL: SHOW COLUMNS FROM `huodong` [ RunTime:0.000486s ]
SQL: SELECT huodong.*,user.account FROM `huodong` LEFT JOIN user ON huodong.u_id=user.id WHERE ( huodong.id=7 and huodong.status=1 ) LIMIT 1   [ RunTime:0.000201s ]
SQL: UPDATE `huodong` SET `view`=14 WHERE ( id=7 and status=1 ) [ RunTime:0.000161s ]
SQL: SHOW COLUMNS FROM `baoming` [ RunTime:0.000359s ]
SQL: SELECT COUNT(*) AS tp_count FROM `baoming` WHERE ( hd_id=7 ) LIMIT 1   [ RunTime:0.000055s ]
SQL: SELECT * FROM `baoming` WHERE ( hd_id=7 ) ORDER BY c_time desc LIMIT 0,15   [ RunTime:0.000051s ]
NOTIC: [2] Invalid argument supplied for foreach() /data/web/wxbosheng/public_html/Index/Lib/Action/IndexAction.class.php 第 73 行.
SQL: SHOW COLUMNS FROM `liuyan` [ RunTime:0.000367s ]
SQL: SELECT COUNT(*) AS tp_count FROM `liuyan` WHERE ( hd_id=7 and status=1 ) LIMIT 1   [ RunTime:0.000053s ]
SQL: SELECT liuyan.*,user.account FROM `liuyan` LEFT JOIN user ON liuyan.re_id=user.id WHERE ( hd_id=7 and liuyan.status=1 ) ORDER BY c_time desc LIMIT 0,15   [ RunTime:0.000053s ]
INFO: [ view_parse ] --START--
NOTIC: [8] Undefined variable: error /data/web/wxbosheng/public_html/Index/Runtime/Cache/8a85ec2505939a6b24390e60f6c245f3.php 第 130 行.
INFO: ParseTemplate Behavior ::run [ RunTime:0.009261s ]
INFO: [ view_parse ] --END-- [ RunTime:0.009315s ]
INFO: [ view_filter ] --START--
INFO: ContentReplace Behavior ::run [ RunTime:0.000291s ]
INFO: TokenBuild Behavior ::run [ RunTime:0.000290s ]
INFO: WriteHtmlCache Behavior ::run [ RunTime:0.000188s ]
INFO: ShowRuntime Behavior ::run [ RunTime:0.000301s ]
INFO: [ view_filter ] --END-- [ RunTime:0.001200s ]
INFO: [ view_end ] --START--
INFO: ShowPageTrace Behavior ::run [ RunTime:0.000417s ]
INFO: [ view_end ] --END-- [ RunTime:0.000466s ]

[ 2014-06-21T12:33:53+08:00 ] 112.96.109.87 /index.php/Index/index/id/7
INFO: [ route_check ] --START--
INFO: CheckRoute Behavior ::run [ RunTime:0.000528s ]
INFO: [ route_check ] --END-- [ RunTime:0.000593s ]
INFO: [ app_begin ] --START--
INFO: ReadHtmlCache Behavior ::run [ RunTime:0.000345s ]
INFO: [ app_begin ] --END-- [ RunTime:0.000393s ]
NOTIC: 建议使用I方法替代_get
SQL: SHOW COLUMNS FROM `huodong` [ RunTime:0.000480s ]
SQL: SELECT huodong.*,user.account FROM `huodong` LEFT JOIN user ON huodong.u_id=user.id WHERE ( huodong.id=7 and huodong.status=1 ) LIMIT 1   [ RunTime:0.000227s ]
SQL: SHOW COLUMNS FROM `baoming` [ RunTime:0.000327s ]
SQL: SELECT COUNT(*) AS tp_count FROM `baoming` WHERE ( hd_id=7 ) LIMIT 1   [ RunTime:0.000052s ]
SQL: SELECT * FROM `baoming` WHERE ( hd_id=7 ) ORDER BY c_time desc LIMIT 0,15   [ RunTime:0.000050s ]
NOTIC: [2] Invalid argument supplied for foreach() /data/web/wxbosheng/public_html/Index/Lib/Action/IndexAction.class.php 第 73 行.
SQL: SHOW COLUMNS FROM `liuyan` [ RunTime:0.000357s ]
SQL: SELECT COUNT(*) AS tp_count FROM `liuyan` WHERE ( hd_id=7 and status=1 ) LIMIT 1   [ RunTime:0.000051s ]
SQL: SELECT liuyan.*,user.account FROM `liuyan` LEFT JOIN user ON liuyan.re_id=user.id WHERE ( hd_id=7 and liuyan.status=1 ) ORDER BY c_time desc LIMIT 0,15   [ RunTime:0.000052s ]
INFO: [ view_parse ] --START--
NOTIC: [8] Undefined variable: error /data/web/wxbosheng/public_html/Index/Runtime/Cache/8a85ec2505939a6b24390e60f6c245f3.php 第 130 行.
INFO: ParseTemplate Behavior ::run [ RunTime:0.008704s ]
INFO: [ view_parse ] --END-- [ RunTime:0.008753s ]
INFO: [ view_filter ] --START--
INFO: ContentReplace Behavior ::run [ RunTime:0.000303s ]
INFO: TokenBuild Behavior ::run [ RunTime:0.000268s ]
INFO: WriteHtmlCache Behavior ::run [ RunTime:0.000183s ]
INFO: ShowRuntime Behavior ::run [ RunTime:0.000345s ]
INFO: [ view_filter ] --END-- [ RunTime:0.001226s ]
INFO: [ view_end ] --START--
INFO: ShowPageTrace Behavior ::run [ RunTime:0.000384s ]
INFO: [ view_end ] --END-- [ RunTime:0.000429s ]

[ 2014-06-21T12:34:03+08:00 ] 14.223.51.23 /index.php/Index/index/id/7
INFO: [ route_check ] --START--
INFO: CheckRoute Behavior ::run [ RunTime:0.000596s ]
INFO: [ route_check ] --END-- [ RunTime:0.000668s ]
INFO: [ app_begin ] --START--
INFO: ReadHtmlCache Behavior ::run [ RunTime:0.000403s ]
INFO: [ app_begin ] --END-- [ RunTime:0.000455s ]
NOTIC: 建议使用I方法替代_get
SQL: SHOW COLUMNS FROM `huodong` [ RunTime:0.000479s ]
SQL: SELECT huodong.*,user.account FROM `huodong` LEFT JOIN user ON huodong.u_id=user.id WHERE ( huodong.id=7 and huodong.status=1 ) LIMIT 1   [ RunTime:0.000060s ]
SQL: UPDATE `huodong` SET `view`=15 WHERE ( id=7 and status=1 ) [ RunTime:0.000185s ]
SQL: SHOW COLUMNS FROM `baoming` [ RunTime:0.000332s ]
SQL: SELECT COUNT(*) AS tp_count FROM `baoming` WHERE ( hd_id=7 ) LIMIT 1   [ RunTime:0.000054s ]
SQL: SELECT * FROM `baoming` WHERE ( hd_id=7 ) ORDER BY c_time desc LIMIT 0,15   [ RunTime:0.000060s ]
NOTIC: [2] Invalid argument supplied for foreach() /data/web/wxbosheng/public_html/Index/Lib/Action/IndexAction.class.php 第 73 行.
SQL: SHOW COLUMNS FROM `liuyan` [ RunTime:0.000366s ]
SQL: SELECT COUNT(*) AS tp_count FROM `liuyan` WHERE ( hd_id=7 and status=1 ) LIMIT 1   [ RunTime:0.000050s ]
SQL: SELECT liuyan.*,user.account FROM `liuyan` LEFT JOIN user ON liuyan.re_id=user.id WHERE ( hd_id=7 and liuyan.status=1 ) ORDER BY c_time desc LIMIT 0,15   [ RunTime:0.000052s ]
INFO: [ view_parse ] --START--
NOTIC: [8] Undefined variable: error /data/web/wxbosheng/public_html/Index/Runtime/Cache/8a85ec2505939a6b24390e60f6c245f3.php 第 130 行.
INFO: ParseTemplate Behavior ::run [ RunTime:0.009318s ]
INFO: [ view_parse ] --END-- [ RunTime:0.009372s ]
INFO: [ view_filter ] --START--
INFO: ContentReplace Behavior ::run [ RunTime:0.000289s ]
INFO: TokenBuild Behavior ::run [ RunTime:0.000286s ]
INFO: WriteHtmlCache Behavior ::run [ RunTime:0.000188s ]
INFO: ShowRuntime Behavior ::run [ RunTime:0.000296s ]
INFO: [ view_filter ] --END-- [ RunTime:0.001189s ]
INFO: [ view_end ] --START--
INFO: ShowPageTrace Behavior ::run [ RunTime:0.000413s ]
INFO: [ view_end ] --END-- [ RunTime:0.000465s ]

[ 2014-06-21T12:39:29+08:00 ] 120.83.134.173 /index.php/Index/index/id/7
INFO: [ route_check ] --START--
INFO: CheckRoute Behavior ::run [ RunTime:0.000691s ]
INFO: [ route_check ] --END-- [ RunTime:0.000775s ]
INFO: [ app_begin ] --START--
INFO: ReadHtmlCache Behavior ::run [ RunTime:0.000375s ]
INFO: [ app_begin ] --END-- [ RunTime:0.000423s ]
NOTIC: 建议使用I方法替代_get
SQL: SHOW COLUMNS FROM `huodong` [ RunTime:0.000468s ]
SQL: SELECT huodong.*,user.account FROM `huodong` LEFT JOIN user ON huodong.u_id=user.id WHERE ( huodong.id=7 and huodong.status=1 ) LIMIT 1   [ RunTime:0.000198s ]
SQL: UPDATE `huodong` SET `view`=16 WHERE ( id=7 and status=1 ) [ RunTime:0.000145s ]
SQL: SHOW COLUMNS FROM `baoming` [ RunTime:0.000348s ]
SQL: SELECT COUNT(*) AS tp_count FROM `baoming` WHERE ( hd_id=7 ) LIMIT 1   [ RunTime:0.000053s ]
SQL: SELECT * FROM `baoming` WHERE ( hd_id=7 ) ORDER BY c_time desc LIMIT 0,15   [ RunTime:0.000080s ]
NOTIC: [2] Invalid argument supplied for foreach() /data/web/wxbosheng/public_html/Index/Lib/Action/IndexAction.class.php 第 73 行.
SQL: SHOW COLUMNS FROM `liuyan` [ RunTime:0.000372s ]
SQL: SELECT COUNT(*) AS tp_count FROM `liuyan` WHERE ( hd_id=7 and status=1 ) LIMIT 1   [ RunTime:0.000051s ]
SQL: SELECT liuyan.*,user.account FROM `liuyan` LEFT JOIN user ON liuyan.re_id=user.id WHERE ( hd_id=7 and liuyan.status=1 ) ORDER BY c_time desc LIMIT 0,15   [ RunTime:0.000169s ]
INFO: [ view_parse ] --START--
NOTIC: [8] Undefined variable: error /data/web/wxbosheng/public_html/Index/Runtime/Cache/8a85ec2505939a6b24390e60f6c245f3.php 第 130 行.
INFO: ParseTemplate Behavior ::run [ RunTime:0.008749s ]
INFO: [ view_parse ] --END-- [ RunTime:0.008796s ]
INFO: [ view_filter ] --START--
INFO: ContentReplace Behavior ::run [ RunTime:0.000275s ]
INFO: TokenBuild Behavior ::run [ RunTime:0.000281s ]
INFO: WriteHtmlCache Behavior ::run [ RunTime:0.000184s ]
INFO: ShowRuntime Behavior ::run [ RunTime:0.000295s ]
INFO: [ view_filter ] --END-- [ RunTime:0.001163s ]
INFO: [ view_end ] --START--
INFO: ShowPageTrace Behavior ::run [ RunTime:0.000403s ]
INFO: [ view_end ] --END-- [ RunTime:0.000447s ]

[ 2014-06-21T12:40:19+08:00 ] 120.83.134.173 /index.php/Index/index/id/7
INFO: [ route_check ] --START--
INFO: CheckRoute Behavior ::run [ RunTime:0.000506s ]
INFO: [ route_check ] --END-- [ RunTime:0.000569s ]
INFO: [ app_begin ] --START--
INFO: ReadHtmlCache Behavior ::run [ RunTime:0.000379s ]
INFO: [ app_begin ] --END-- [ RunTime:0.000427s ]
NOTIC: 建议使用I方法替代_get
SQL: SHOW COLUMNS FROM `huodong` [ RunTime:0.000493s ]
SQL: SELECT huodong.*,user.account FROM `huodong` LEFT JOIN user ON huodong.u_id=user.id WHERE ( huodong.id=7 and huodong.status=1 ) LIMIT 1   [ RunTime:0.000208s ]
SQL: UPDATE `huodong` SET `view`=17 WHERE ( id=7 and status=1 ) [ RunTime:0.000134s ]
SQL: SHOW COLUMNS FROM `baoming` [ RunTime:0.000342s ]
SQL: SELECT COUNT(*) AS tp_count FROM `baoming` WHERE ( hd_id=7 ) LIMIT 1   [ RunTime:0.000052s ]
SQL: SELECT * FROM `baoming` WHERE ( hd_id=7 ) ORDER BY c_time desc LIMIT 0,15   [ RunTime:0.000051s ]
NOTIC: [2] Invalid argument supplied for foreach() /data/web/wxbosheng/public_html/Index/Lib/Action/IndexAction.class.php 第 73 行.
SQL: SHOW COLUMNS FROM `liuyan` [ RunTime:0.000377s ]
SQL: SELECT COUNT(*) AS tp_count FROM `liuyan` WHERE ( hd_id=7 and status=1 ) LIMIT 1   [ RunTime:0.000051s ]
SQL: SELECT liuyan.*,user.account FROM `liuyan` LEFT JOIN user ON liuyan.re_id=user.id WHERE ( hd_id=7 and liuyan.status=1 ) ORDER BY c_time desc LIMIT 0,15   [ RunTime:0.000052s ]
INFO: [ view_parse ] --START--
NOTIC: [8] Undefined variable: error /data/web/wxbosheng/public_html/Index/Runtime/Cache/8a85ec2505939a6b24390e60f6c245f3.php 第 130 行.
INFO: ParseTemplate Behavior ::run [ RunTime:0.008865s ]
INFO: [ view_parse ] --END-- [ RunTime:0.008912s ]
INFO: [ view_filter ] --START--
INFO: ContentReplace Behavior ::run [ RunTime:0.000310s ]
INFO: TokenBuild Behavior ::run [ RunTime:0.000255s ]
INFO: WriteHtmlCache Behavior ::run [ RunTime:0.000191s ]
INFO: ShowRuntime Behavior ::run [ RunTime:0.000285s ]
INFO: [ view_filter ] --END-- [ RunTime:0.001168s ]
INFO: [ view_end ] --START--
INFO: ShowPageTrace Behavior ::run [ RunTime:0.000408s ]
INFO: [ view_end ] --END-- [ RunTime:0.000453s ]

[ 2014-06-21T12:51:45+08:00 ] 119.147.207.158 /index.php/Index/index/id/7
INFO: [ route_check ] --START--
INFO: CheckRoute Behavior ::run [ RunTime:0.000557s ]
INFO: [ route_check ] --END-- [ RunTime:0.000621s ]
INFO: [ app_begin ] --START--
INFO: ReadHtmlCache Behavior ::run [ RunTime:0.000353s ]
INFO: [ app_begin ] --END-- [ RunTime:0.000402s ]
NOTIC: 建议使用I方法替代_get
SQL: SHOW COLUMNS FROM `huodong` [ RunTime:0.000461s ]
SQL: SELECT huodong.*,user.account FROM `huodong` LEFT JOIN user ON huodong.u_id=user.id WHERE ( huodong.id=7 and huodong.status=1 ) LIMIT 1   [ RunTime:0.000198s ]
SQL: UPDATE `huodong` SET `view`=18 WHERE ( id=7 and status=1 ) [ RunTime:0.000153s ]
SQL: SHOW COLUMNS FROM `baoming` [ RunTime:0.000325s ]
SQL: SELECT COUNT(*) AS tp_count FROM `baoming` WHERE ( hd_id=7 ) LIMIT 1   [ RunTime:0.000053s ]
SQL: SELECT * FROM `baoming` WHERE ( hd_id=7 ) ORDER BY c_time desc LIMIT 0,15   [ RunTime:0.000052s ]
NOTIC: [2] Invalid argument supplied for foreach() /data/web/wxbosheng/public_html/Index/Lib/Action/IndexAction.class.php 第 73 行.
SQL: SHOW COLUMNS FROM `liuyan` [ RunTime:0.000388s ]
SQL: SELECT COUNT(*) AS tp_count FROM `liuyan` WHERE ( hd_id=7 and status=1 ) LIMIT 1   [ RunTime:0.000082s ]
SQL: SELECT liuyan.*,user.account FROM `liuyan` LEFT JOIN user ON liuyan.re_id=user.id WHERE ( hd_id=7 and liuyan.status=1 ) ORDER BY c_time desc LIMIT 0,15   [ RunTime:0.000052s ]
INFO: [ view_parse ] --START--
NOTIC: [8] Undefined variable: error /data/web/wxbosheng/public_html/Index/Runtime/Cache/8a85ec2505939a6b24390e60f6c245f3.php 第 130 行.
INFO: ParseTemplate Behavior ::run [ RunTime:0.008998s ]
INFO: [ view_parse ] --END-- [ RunTime:0.009046s ]
INFO: [ view_filter ] --START--
INFO: ContentReplace Behavior ::run [ RunTime:0.000286s ]
INFO: TokenBuild Behavior ::run [ RunTime:0.000286s ]
INFO: WriteHtmlCache Behavior ::run [ RunTime:0.000183s ]
INFO: ShowRuntime Behavior ::run [ RunTime:0.000286s ]
INFO: [ view_filter ] --END-- [ RunTime:0.001168s ]
INFO: [ view_end ] --START--
INFO: ShowPageTrace Behavior ::run [ RunTime:0.000406s ]
INFO: [ view_end ] --END-- [ RunTime:0.000467s ]

[ 2014-06-21T12:56:36+08:00 ] 27.36.52.143 /index.php/Index/index/id/7?from=singlemessage&isappinstalled=0
INFO: [ route_check ] --START--
INFO: CheckRoute Behavior ::run [ RunTime:0.000504s ]
INFO: [ route_check ] --END-- [ RunTime:0.000569s ]
INFO: [ app_begin ] --START--
INFO: ReadHtmlCache Behavior ::run [ RunTime:0.000342s ]
INFO: [ app_begin ] --END-- [ RunTime:0.000392s ]
NOTIC: 建议使用I方法替代_get
SQL: SHOW COLUMNS FROM `huodong` [ RunTime:0.000490s ]
SQL: SELECT huodong.*,user.account FROM `huodong` LEFT JOIN user ON huodong.u_id=user.id WHERE ( huodong.id=7 and huodong.status=1 ) LIMIT 1   [ RunTime:0.000207s ]
SQL: UPDATE `huodong` SET `view`=19 WHERE ( id=7 and status=1 ) [ RunTime:0.000163s ]
SQL: SHOW COLUMNS FROM `baoming` [ RunTime:0.000311s ]
SQL: SELECT COUNT(*) AS tp_count FROM `baoming` WHERE ( hd_id=7 ) LIMIT 1   [ RunTime:0.000053s ]
SQL: SELECT * FROM `baoming` WHERE ( hd_id=7 ) ORDER BY c_time desc LIMIT 0,15   [ RunTime:0.000066s ]
NOTIC: [2] Invalid argument supplied for foreach() /data/web/wxbosheng/public_html/Index/Lib/Action/IndexAction.class.php 第 73 行.
SQL: SHOW COLUMNS FROM `liuyan` [ RunTime:0.000369s ]
SQL: SELECT COUNT(*) AS tp_count FROM `liuyan` WHERE ( hd_id=7 and status=1 ) LIMIT 1   [ RunTime:0.000051s ]
SQL: SELECT liuyan.*,user.account FROM `liuyan` LEFT JOIN user ON liuyan.re_id=user.id WHERE ( hd_id=7 and liuyan.status=1 ) ORDER BY c_time desc LIMIT 0,15   [ RunTime:0.000060s ]
INFO: [ view_parse ] --START--
NOTIC: [8] Undefined variable: error /data/web/wxbosheng/public_html/Index/Runtime/Cache/8a85ec2505939a6b24390e60f6c245f3.php 第 130 行.
INFO: ParseTemplate Behavior ::run [ RunTime:0.008721s ]
INFO: [ view_parse ] --END-- [ RunTime:0.008783s ]
INFO: [ view_filter ] --START--
INFO: ContentReplace Behavior ::run [ RunTime:0.000304s ]
INFO: TokenBuild Behavior ::run [ RunTime:0.000282s ]
INFO: WriteHtmlCache Behavior ::run [ RunTime:0.000181s ]
INFO: ShowRuntime Behavior ::run [ RunTime:0.000295s ]
INFO: [ view_filter ] --END-- [ RunTime:0.001189s ]
INFO: [ view_end ] --START--
INFO: ShowPageTrace Behavior ::run [ RunTime:0.000370s ]
INFO: [ view_end ] --END-- [ RunTime:0.000416s ]

[ 2014-06-21T13:07:08+08:00 ] 120.83.134.173 /index.php/Index/index/id/7
INFO: [ route_check ] --START--
INFO: CheckRoute Behavior ::run [ RunTime:0.000540s ]
INFO: [ route_check ] --END-- [ RunTime:0.000610s ]
INFO: [ app_begin ] --START--
INFO: ReadHtmlCache Behavior ::run [ RunTime:0.000370s ]
INFO: [ app_begin ] --END-- [ RunTime:0.000421s ]
NOTIC: 建议使用I方法替代_get
SQL: SHOW COLUMNS FROM `huodong` [ RunTime:0.000477s ]
SQL: SELECT huodong.*,user.account FROM `huodong` LEFT JOIN user ON huodong.u_id=user.id WHERE ( huodong.id=7 and huodong.status=1 ) LIMIT 1   [ RunTime:0.000201s ]
SQL: SHOW COLUMNS FROM `baoming` [ RunTime:0.000318s ]
SQL: SELECT COUNT(*) AS tp_count FROM `baoming` WHERE ( hd_id=7 ) LIMIT 1   [ RunTime:0.000055s ]
SQL: SELECT * FROM `baoming` WHERE ( hd_id=7 ) ORDER BY c_time desc LIMIT 0,15   [ RunTime:0.000051s ]
NOTIC: [2] Invalid argument supplied for foreach() /data/web/wxbosheng/public_html/Index/Lib/Action/IndexAction.class.php 第 73 行.
SQL: SHOW COLUMNS FROM `liuyan` [ RunTime:0.000401s ]
SQL: SELECT COUNT(*) AS tp_count FROM `liuyan` WHERE ( hd_id=7 and status=1 ) LIMIT 1   [ RunTime:0.000093s ]
SQL: SELECT liuyan.*,user.account FROM `liuyan` LEFT JOIN user ON liuyan.re_id=user.id WHERE ( hd_id=7 and liuyan.status=1 ) ORDER BY c_time desc LIMIT 0,15   [ RunTime:0.000053s ]
INFO: [ view_parse ] --START--
NOTIC: [8] Undefined variable: error /data/web/wxbosheng/public_html/Index/Runtime/Cache/8a85ec2505939a6b24390e60f6c245f3.php 第 136 行.
INFO: ParseTemplate Behavior ::run [ RunTime:0.009348s ]
INFO: [ view_parse ] --END-- [ RunTime:0.009410s ]
INFO: [ view_filter ] --START--
INFO: ContentReplace Behavior ::run [ RunTime:0.000322s ]
INFO: TokenBuild Behavior ::run [ RunTime:0.000269s ]
INFO: WriteHtmlCache Behavior ::run [ RunTime:0.000188s ]
INFO: ShowRuntime Behavior ::run [ RunTime:0.000322s ]
INFO: [ view_filter ] --END-- [ RunTime:0.001230s ]
INFO: [ view_end ] --START--
INFO: ShowPageTrace Behavior ::run [ RunTime:0.000403s ]
INFO: [ view_end ] --END-- [ RunTime:0.000450s ]

[ 2014-06-21T13:07:34+08:00 ] 120.83.134.173 /index.php/Index/index
INFO: [ route_check ] --START--
INFO: CheckRoute Behavior ::run [ RunTime:0.000559s ]
INFO: [ route_check ] --END-- [ RunTime:0.000624s ]
INFO: [ app_begin ] --START--
INFO: ReadHtmlCache Behavior ::run [ RunTime:0.000378s ]
INFO: [ app_begin ] --END-- [ RunTime:0.000426s ]
NOTIC: 建议使用I方法替代_post
SQL: SHOW COLUMNS FROM `baoming` [ RunTime:0.000451s ]
NOTIC: 建议使用I方法替代_post
SQL: SELECT * FROM `baoming` WHERE ( hd_id=7 and name='测试' ) LIMIT 1   [ RunTime:0.000143s ]
NOTIC: 建议使用I方法替代_post
SQL: SELECT * FROM `baoming` WHERE ( hd_id=7 and phone='15307578392' ) LIMIT 1   [ RunTime:0.000112s ]
NOTIC: 建议使用I方法替代_post
NOTIC: 建议使用I方法替代_post
NOTIC: 建议使用I方法替代_post
SQL: INSERT INTO `baoming` (`hd_id`,`name`,`phone`,`remarks`,`c_time`) VALUES (7,'测试','15307578392','测试',1403327254) [ RunTime:0.000137s ]

[ 2014-06-21T13:07:37+08:00 ] 120.83.134.173 /index.php/index/index/id/7.html
INFO: [ route_check ] --START--
INFO: CheckRoute Behavior ::run [ RunTime:0.000572s ]
INFO: [ route_check ] --END-- [ RunTime:0.000644s ]
INFO: [ app_begin ] --START--
INFO: ReadHtmlCache Behavior ::run [ RunTime:0.000380s ]
INFO: [ app_begin ] --END-- [ RunTime:0.000430s ]
NOTIC: 建议使用I方法替代_get
SQL: SHOW COLUMNS FROM `huodong` [ RunTime:0.000493s ]
SQL: SELECT huodong.*,user.account FROM `huodong` LEFT JOIN user ON huodong.u_id=user.id WHERE ( huodong.id=7 and huodong.status=1 ) LIMIT 1   [ RunTime:0.000060s ]
SQL: SHOW COLUMNS FROM `baoming` [ RunTime:0.000356s ]
SQL: SELECT COUNT(*) AS tp_count FROM `baoming` WHERE ( hd_id=7 ) LIMIT 1   [ RunTime:0.000175s ]
SQL: SELECT * FROM `baoming` WHERE ( hd_id=7 ) ORDER BY c_time desc LIMIT 0,15   [ RunTime:0.000121s ]
SQL: SHOW COLUMNS FROM `liuyan` [ RunTime:0.000364s ]
SQL: SELECT COUNT(*) AS tp_count FROM `liuyan` WHERE ( hd_id=7 and status=1 ) LIMIT 1   [ RunTime:0.000052s ]
SQL: SELECT liuyan.*,user.account FROM `liuyan` LEFT JOIN user ON liuyan.re_id=user.id WHERE ( hd_id=7 and liuyan.status=1 ) ORDER BY c_time desc LIMIT 0,15   [ RunTime:0.000052s ]
INFO: [ view_parse ] --START--
NOTIC: [8] Undefined variable: error /data/web/wxbosheng/public_html/Index/Runtime/Cache/8a85ec2505939a6b24390e60f6c245f3.php 第 136 行.
INFO: ParseTemplate Behavior ::run [ RunTime:0.009296s ]
INFO: [ view_parse ] --END-- [ RunTime:0.009348s ]
INFO: [ view_filter ] --START--
INFO: ContentReplace Behavior ::run [ RunTime:0.000297s ]
INFO: TokenBuild Behavior ::run [ RunTime:0.000287s ]
INFO: WriteHtmlCache Behavior ::run [ RunTime:0.000183s ]
INFO: ShowRuntime Behavior ::run [ RunTime:0.000297s ]
INFO: [ view_filter ] --END-- [ RunTime:0.001195s ]
INFO: [ view_end ] --START--
INFO: ShowPageTrace Behavior ::run [ RunTime:0.000416s ]
INFO: [ view_end ] --END-- [ RunTime:0.000463s ]

[ 2014-06-21T13:07:45+08:00 ] 120.83.134.173 /index.php/Index/index
INFO: [ route_check ] --START--
INFO: CheckRoute Behavior ::run [ RunTime:0.000559s ]
INFO: [ route_check ] --END-- [ RunTime:0.000623s ]
INFO: [ app_begin ] --START--
INFO: ReadHtmlCache Behavior ::run [ RunTime:0.000343s ]
INFO: [ app_begin ] --END-- [ RunTime:0.000392s ]
NOTIC: 建议使用I方法替代_post
SQL: SHOW COLUMNS FROM `baoming` [ RunTime:0.000468s ]
NOTIC: 建议使用I方法替代_post
SQL: SELECT * FROM `baoming` WHERE ( hd_id=7 and name='测试' ) LIMIT 1   [ RunTime:0.000159s ]
NOTIC: 建议使用I方法替代_post
SQL: SHOW COLUMNS FROM `huodong` [ RunTime:0.000351s ]
SQL: SELECT huodong.*,user.account FROM `huodong` LEFT JOIN user ON huodong.u_id=user.id WHERE ( huodong.id=7 and huodong.status=1 ) LIMIT 1   [ RunTime:0.000055s ]
SQL: SELECT COUNT(*) AS tp_count FROM `baoming` WHERE ( hd_id=7 ) LIMIT 1   [ RunTime:0.000052s ]
SQL: SELECT * FROM `baoming` WHERE ( hd_id=7 ) ORDER BY c_time desc LIMIT 0,15   [ RunTime:0.000050s ]
SQL: SHOW COLUMNS FROM `liuyan` [ RunTime:0.000369s ]
SQL: SELECT COUNT(*) AS tp_count FROM `liuyan` WHERE ( hd_id=7 and status=1 ) LIMIT 1   [ RunTime:0.000052s ]
SQL: SELECT liuyan.*,user.account FROM `liuyan` LEFT JOIN user ON liuyan.re_id=user.id WHERE ( hd_id=7 and liuyan.status=1 ) ORDER BY c_time desc LIMIT 0,15   [ RunTime:0.000052s ]
INFO: [ view_parse ] --START--
INFO: ParseTemplate Behavior ::run [ RunTime:0.008820s ]
INFO: [ view_parse ] --END-- [ RunTime:0.008873s ]
INFO: [ view_filter ] --START--
INFO: ContentReplace Behavior ::run [ RunTime:0.000286s ]
INFO: TokenBuild Behavior ::run [ RunTime:0.000280s ]
INFO: WriteHtmlCache Behavior ::run [ RunTime:0.000184s ]
INFO: ShowRuntime Behavior ::run [ RunTime:0.000295s ]
INFO: [ view_filter ] --END-- [ RunTime:0.001171s ]
INFO: [ view_end ] --START--
INFO: ShowPageTrace Behavior ::run [ RunTime:0.000401s ]
INFO: [ view_end ] --END-- [ RunTime:0.000446s ]

[ 2014-06-21T13:13:40+08:00 ] 183.60.52.11 /index.php
INFO: [ app_begin ] --START--
INFO: ReadHtmlCache Behavior ::run [ RunTime:0.000374s ]
INFO: [ app_begin ] --END-- [ RunTime:0.000471s ]
INFO: [ view_parse ] --START--
INFO: ParseTemplate Behavior ::run [ RunTime:0.004845s ]
INFO: [ view_parse ] --END-- [ RunTime:0.004913s ]
INFO: [ view_filter ] --START--
INFO: ContentReplace Behavior ::run [ RunTime:0.000290s ]
INFO: TokenBuild Behavior ::run [ RunTime:0.000267s ]
INFO: WriteHtmlCache Behavior ::run [ RunTime:0.000202s ]
INFO: ShowRuntime Behavior ::run [ RunTime:0.000372s ]
INFO: [ view_filter ] --END-- [ RunTime:0.001269s ]
INFO: [ view_end ] --START--
INFO: ShowPageTrace Behavior ::run [ RunTime:0.000419s ]
INFO: [ view_end ] --END-- [ RunTime:0.000465s ]

[ 2014-06-21T13:16:20+08:00 ] 27.36.52.143 /index.php/Index/index/id/7?from=singlemessage&isappinstalled=0
INFO: [ route_check ] --START--
INFO: CheckRoute Behavior ::run [ RunTime:0.000524s ]
INFO: [ route_check ] --END-- [ RunTime:0.000589s ]
INFO: [ app_begin ] --START--
INFO: ReadHtmlCache Behavior ::run [ RunTime:0.000353s ]
INFO: [ app_begin ] --END-- [ RunTime:0.000401s ]
NOTIC: 建议使用I方法替代_get
SQL: SHOW COLUMNS FROM `huodong` [ RunTime:0.000496s ]
SQL: SELECT huodong.*,user.account FROM `huodong` LEFT JOIN user ON huodong.u_id=user.id WHERE ( huodong.id=7 and huodong.status=1 ) LIMIT 1   [ RunTime:0.000058s ]
SQL: SHOW COLUMNS FROM `baoming` [ RunTime:0.000310s ]
SQL: SELECT COUNT(*) AS tp_count FROM `baoming` WHERE ( hd_id=7 ) LIMIT 1   [ RunTime:0.000051s ]
SQL: SELECT * FROM `baoming` WHERE ( hd_id=7 ) ORDER BY c_time desc LIMIT 0,15   [ RunTime:0.000052s ]
SQL: SHOW COLUMNS FROM `liuyan` [ RunTime:0.000365s ]
SQL: SELECT COUNT(*) AS tp_count FROM `liuyan` WHERE ( hd_id=7 and status=1 ) LIMIT 1   [ RunTime:0.000053s ]
SQL: SELECT liuyan.*,user.account FROM `liuyan` LEFT JOIN user ON liuyan.re_id=user.id WHERE ( hd_id=7 and liuyan.status=1 ) ORDER BY c_time desc LIMIT 0,15   [ RunTime:0.000051s ]
INFO: [ view_parse ] --START--
NOTIC: [8] Undefined variable: error /data/web/wxbosheng/public_html/Index/Runtime/Cache/8a85ec2505939a6b24390e60f6c245f3.php 第 136 行.
INFO: ParseTemplate Behavior ::run [ RunTime:0.008870s ]
INFO: [ view_parse ] --END-- [ RunTime:0.008967s ]
INFO: [ view_filter ] --START--
INFO: ContentReplace Behavior ::run [ RunTime:0.000440s ]
INFO: TokenBuild Behavior ::run [ RunTime:0.000262s ]
INFO: WriteHtmlCache Behavior ::run [ RunTime:0.000212s ]
INFO: ShowRuntime Behavior ::run [ RunTime:0.000287s ]
INFO: [ view_filter ] --END-- [ RunTime:0.001353s ]
INFO: [ view_end ] --START--
INFO: ShowPageTrace Behavior ::run [ RunTime:0.000371s ]
INFO: [ view_end ] --END-- [ RunTime:0.000417s ]

[ 2014-06-21T13:27:30+08:00 ] 101.226.33.219 /index.php
INFO: [ app_begin ] --START--
INFO: ReadHtmlCache Behavior ::run [ RunTime:0.000359s ]
INFO: [ app_begin ] --END-- [ RunTime:0.000459s ]
INFO: [ view_parse ] --START--
INFO: ParseTemplate Behavior ::run [ RunTime:0.004738s ]
INFO: [ view_parse ] --END-- [ RunTime:0.004804s ]
INFO: [ view_filter ] --START--
INFO: ContentReplace Behavior ::run [ RunTime:0.000246s ]
INFO: TokenBuild Behavior ::run [ RunTime:0.000297s ]
INFO: WriteHtmlCache Behavior ::run [ RunTime:0.000188s ]
INFO: ShowRuntime Behavior ::run [ RunTime:0.000308s ]
INFO: [ view_filter ] --END-- [ RunTime:0.001174s ]
INFO: [ view_end ] --START--
INFO: ShowPageTrace Behavior ::run [ RunTime:0.000430s ]
INFO: [ view_end ] --END-- [ RunTime:0.000476s ]

[ 2014-06-21T13:36:15+08:00 ] 183.60.61.97 /index.php/index/index/id/7.html
INFO: [ route_check ] --START--
INFO: CheckRoute Behavior ::run [ RunTime:0.000542s ]
INFO: [ route_check ] --END-- [ RunTime:0.000614s ]
INFO: [ app_begin ] --START--
INFO: ReadHtmlCache Behavior ::run [ RunTime:0.000353s ]
INFO: [ app_begin ] --END-- [ RunTime:0.000405s ]
NOTIC: 建议使用I方法替代_get
SQL: SHOW COLUMNS FROM `huodong` [ RunTime:0.000458s ]
SQL: SELECT huodong.*,user.account FROM `huodong` LEFT JOIN user ON huodong.u_id=user.id WHERE ( huodong.id=7 and huodong.status=1 ) LIMIT 1   [ RunTime:0.000060s ]
SQL: UPDATE `huodong` SET `view`=20 WHERE ( id=7 and status=1 ) [ RunTime:0.000158s ]
SQL: SHOW COLUMNS FROM `baoming` [ RunTime:0.000320s ]
SQL: SELECT COUNT(*) AS tp_count FROM `baoming` WHERE ( hd_id=7 ) LIMIT 1   [ RunTime:0.000051s ]
SQL: SELECT * FROM `baoming` WHERE ( hd_id=7 ) ORDER BY c_time desc LIMIT 0,15   [ RunTime:0.000051s ]
SQL: SHOW COLUMNS FROM `liuyan` [ RunTime:0.000378s ]
SQL: SELECT COUNT(*) AS tp_count FROM `liuyan` WHERE ( hd_id=7 and status=1 ) LIMIT 1   [ RunTime:0.000053s ]
SQL: SELECT liuyan.*,user.account FROM `liuyan` LEFT JOIN user ON liuyan.re_id=user.id WHERE ( hd_id=7 and liuyan.status=1 ) ORDER BY c_time desc LIMIT 0,15   [ RunTime:0.000051s ]
INFO: [ view_parse ] --START--
NOTIC: [8] Undefined variable: error /data/web/wxbosheng/public_html/Index/Runtime/Cache/8a85ec2505939a6b24390e60f6c245f3.php 第 136 行.
INFO: ParseTemplate Behavior ::run [ RunTime:0.009787s ]
INFO: [ view_parse ] --END-- [ RunTime:0.009839s ]
INFO: [ view_filter ] --START--
INFO: ContentReplace Behavior ::run [ RunTime:0.000292s ]
INFO: TokenBuild Behavior ::run [ RunTime:0.000296s ]
INFO: WriteHtmlCache Behavior ::run [ RunTime:0.000189s ]
INFO: ShowRuntime Behavior ::run [ RunTime:0.000293s ]
INFO: [ view_filter ] --END-- [ RunTime:0.001200s ]
INFO: [ view_end ] --START--
INFO: ShowPageTrace Behavior ::run [ RunTime:0.000437s ]
INFO: [ view_end ] --END-- [ RunTime:0.000485s ]

[ 2014-06-21T13:36:16+08:00 ] 119.147.207.158 /index.php/Index/index
INFO: [ route_check ] --START--
INFO: CheckRoute Behavior ::run [ RunTime:0.000534s ]
INFO: [ route_check ] --END-- [ RunTime:0.000595s ]
INFO: [ app_begin ] --START--
INFO: ReadHtmlCache Behavior ::run [ RunTime:0.000342s ]
INFO: [ app_begin ] --END-- [ RunTime:0.000389s ]
INFO: [ view_parse ] --START--
INFO: ParseTemplate Behavior ::run [ RunTime:0.004477s ]
INFO: [ view_parse ] --END-- [ RunTime:0.004530s ]
INFO: [ view_filter ] --START--
INFO: ContentReplace Behavior ::run [ RunTime:0.000243s ]
INFO: TokenBuild Behavior ::run [ RunTime:0.000252s ]
INFO: WriteHtmlCache Behavior ::run [ RunTime:0.000183s ]
INFO: ShowRuntime Behavior ::run [ RunTime:0.000325s ]
INFO: [ view_filter ] --END-- [ RunTime:0.001126s ]
INFO: [ view_end ] --START--
INFO: ShowPageTrace Behavior ::run [ RunTime:0.000381s ]
INFO: [ view_end ] --END-- [ RunTime:0.000424s ]

[ 2014-06-21T13:36:16+08:00 ] 119.147.207.158 /index.php/Index/index/id/7?from%3Dsinglemessage%26isappinstalled%3D0
INFO: [ route_check ] --START--
INFO: CheckRoute Behavior ::run [ RunTime:0.000535s ]
INFO: [ route_check ] --END-- [ RunTime:0.000626s ]
INFO: [ app_begin ] --START--
INFO: ReadHtmlCache Behavior ::run [ RunTime:0.000356s ]
INFO: [ app_begin ] --END-- [ RunTime:0.000408s ]
NOTIC: 建议使用I方法替代_get
SQL: SHOW COLUMNS FROM `huodong` [ RunTime:0.000454s ]
SQL: SELECT huodong.*,user.account FROM `huodong` LEFT JOIN user ON huodong.u_id=user.id WHERE ( huodong.id=7 and huodong.status=1 ) LIMIT 1   [ RunTime:0.000200s ]
SQL: UPDATE `huodong` SET `view`=21 WHERE ( id=7 and status=1 ) [ RunTime:0.000134s ]
SQL: SHOW COLUMNS FROM `baoming` [ RunTime:0.000365s ]
SQL: SELECT COUNT(*) AS tp_count FROM `baoming` WHERE ( hd_id=7 ) LIMIT 1   [ RunTime:0.000052s ]
SQL: SELECT * FROM `baoming` WHERE ( hd_id=7 ) ORDER BY c_time desc LIMIT 0,15   [ RunTime:0.000052s ]
SQL: SHOW COLUMNS FROM `liuyan` [ RunTime:0.000365s ]
SQL: SELECT COUNT(*) AS tp_count FROM `liuyan` WHERE ( hd_id=7 and status=1 ) LIMIT 1   [ RunTime:0.000052s ]
SQL: SELECT liuyan.*,user.account FROM `liuyan` LEFT JOIN user ON liuyan.re_id=user.id WHERE ( hd_id=7 and liuyan.status=1 ) ORDER BY c_time desc LIMIT 0,15   [ RunTime:0.000051s ]
INFO: [ view_parse ] --START--
NOTIC: [8] Undefined variable: error /data/web/wxbosheng/public_html/Index/Runtime/Cache/8a85ec2505939a6b24390e60f6c245f3.php 第 136 行.
INFO: ParseTemplate Behavior ::run [ RunTime:0.009328s ]
INFO: [ view_parse ] --END-- [ RunTime:0.009383s ]
INFO: [ view_filter ] --START--
INFO: ContentReplace Behavior ::run [ RunTime:0.000292s ]
INFO: TokenBuild Behavior ::run [ RunTime:0.000259s ]
INFO: WriteHtmlCache Behavior ::run [ RunTime:0.000215s ]
INFO: ShowRuntime Behavior ::run [ RunTime:0.000295s ]
INFO: [ view_filter ] --END-- [ RunTime:0.001197s ]
INFO: [ view_end ] --START--
INFO: ShowPageTrace Behavior ::run [ RunTime:0.000390s ]
INFO: [ view_end ] --END-- [ RunTime:0.000437s ]

[ 2014-06-21T13:50:05+08:00 ] 180.153.206.32 /index.php/Index/index
INFO: [ route_check ] --START--
INFO: CheckRoute Behavior ::run [ RunTime:0.000542s ]
INFO: [ route_check ] --END-- [ RunTime:0.000614s ]
INFO: [ app_begin ] --START--
INFO: ReadHtmlCache Behavior ::run [ RunTime:0.000387s ]
INFO: [ app_begin ] --END-- [ RunTime:0.000437s ]
INFO: [ view_parse ] --START--
INFO: ParseTemplate Behavior ::run [ RunTime:0.004818s ]
INFO: [ view_parse ] --END-- [ RunTime:0.004876s ]
INFO: [ view_filter ] --START--
INFO: ContentReplace Behavior ::run [ RunTime:0.000249s ]
INFO: TokenBuild Behavior ::run [ RunTime:0.000277s ]
INFO: WriteHtmlCache Behavior ::run [ RunTime:0.000183s ]
INFO: ShowRuntime Behavior ::run [ RunTime:0.000329s ]
INFO: [ view_filter ] --END-- [ RunTime:0.001169s ]
INFO: [ view_end ] --START--
INFO: ShowPageTrace Behavior ::run [ RunTime:0.000438s ]
INFO: [ view_end ] --END-- [ RunTime:0.000485s ]

[ 2014-06-21T13:50:06+08:00 ] 112.64.235.251 /index.php/Index/index/id/7?from=singlemessage&isappinstalled=0
INFO: [ route_check ] --START--
INFO: CheckRoute Behavior ::run [ RunTime:0.000501s ]
INFO: [ route_check ] --END-- [ RunTime:0.000592s ]
INFO: [ app_begin ] --START--
INFO: ReadHtmlCache Behavior ::run [ RunTime:0.000349s ]
INFO: [ app_begin ] --END-- [ RunTime:0.000399s ]
NOTIC: 建议使用I方法替代_get
SQL: SHOW COLUMNS FROM `huodong` [ RunTime:0.000456s ]
SQL: SELECT huodong.*,user.account FROM `huodong` LEFT JOIN user ON huodong.u_id=user.id WHERE ( huodong.id=7 and huodong.status=1 ) LIMIT 1   [ RunTime:0.000195s ]
SQL: UPDATE `huodong` SET `view`=22 WHERE ( id=7 and status=1 ) [ RunTime:0.000137s ]
SQL: SHOW COLUMNS FROM `baoming` [ RunTime:0.000322s ]
SQL: SELECT COUNT(*) AS tp_count FROM `baoming` WHERE ( hd_id=7 ) LIMIT 1   [ RunTime:0.000052s ]
SQL: SELECT * FROM `baoming` WHERE ( hd_id=7 ) ORDER BY c_time desc LIMIT 0,15   [ RunTime:0.000051s ]
SQL: SHOW COLUMNS FROM `liuyan` [ RunTime:0.000394s ]
SQL: SELECT COUNT(*) AS tp_count FROM `liuyan` WHERE ( hd_id=7 and status=1 ) LIMIT 1   [ RunTime:0.000052s ]
SQL: SELECT liuyan.*,user.account FROM `liuyan` LEFT JOIN user ON liuyan.re_id=user.id WHERE ( hd_id=7 and liuyan.status=1 ) ORDER BY c_time desc LIMIT 0,15   [ RunTime:0.000052s ]
INFO: [ view_parse ] --START--
NOTIC: [8] Undefined variable: error /data/web/wxbosheng/public_html/Index/Runtime/Cache/8a85ec2505939a6b24390e60f6c245f3.php 第 136 行.
INFO: ParseTemplate Behavior ::run [ RunTime:0.008810s ]
INFO: [ view_parse ] --END-- [ RunTime:0.008858s ]
INFO: [ view_filter ] --START--
INFO: ContentReplace Behavior ::run [ RunTime:0.000276s ]
INFO: TokenBuild Behavior ::run [ RunTime:0.000262s ]
INFO: WriteHtmlCache Behavior ::run [ RunTime:0.000183s ]
INFO: ShowRuntime Behavior ::run [ RunTime:0.000290s ]
INFO: [ view_filter ] --END-- [ RunTime:0.001164s ]
INFO: [ view_end ] --START--
INFO: ShowPageTrace Behavior ::run [ RunTime:0.000381s ]
INFO: [ view_end ] --END-- [ RunTime:0.000425s ]

