[ 2014-06-17T10:33:12+08:00 ] 127.0.0.1 /activity/index.php/Index/baoming
NOTIC: 建议使用I方法替代_post
NOTIC: 建议使用I方法替代_post
NOTIC: 建议使用I方法替代_post
NOTIC: 建议使用I方法替代_post

[ 2014-06-17T10:38:27+08:00 ] 127.0.0.1 /activity/index.php/Index/baoming
NOTIC: 建议使用I方法替代_post

[ 2014-06-17T10:38:33+08:00 ] 127.0.0.1 /activity/index.php/Index/baoming
NOTIC: 建议使用I方法替代_post
NOTIC: 建议使用I方法替代_post
NOTIC: 建议使用I方法替代_post
NOTIC: 建议使用I方法替代_post
NOTIC: 建议使用I方法替代_post
NOTIC: 建议使用I方法替代_post

[ 2014-06-17T10:38:42+08:00 ] 127.0.0.1 /activity/index.php/Index/baoming
NOTIC: 建议使用I方法替代_post
NOTIC: 建议使用I方法替代_post
NOTIC: 建议使用I方法替代_post
NOTIC: 建议使用I方法替代_post
NOTIC: 建议使用I方法替代_post
NOTIC: 建议使用I方法替代_post

[ 2014-06-17T10:41:03+08:00 ] 127.0.0.1 /activity/index.php/Index/baoming
NOTIC: 建议使用I方法替代_post
NOTIC: 建议使用I方法替代_post

[ 2014-06-17T11:10:07+08:00 ] 127.0.0.1 /activity/index.php/Index/index
NOTIC: 建议使用I方法替代_post
NOTIC: 建议使用I方法替代_post

[ 2014-06-17T11:11:57+08:00 ] 127.0.0.1 /activity/index.php/Index/index
NOTIC: 建议使用I方法替代_post
NOTIC: 建议使用I方法替代_post

[ 2014-06-17T11:13:04+08:00 ] 127.0.0.1 /activity/index.php/Index/index
NOTIC: 建议使用I方法替代_post
NOTIC: 建议使用I方法替代_post
NOTIC: 建议使用I方法替代_post
NOTIC: 建议使用I方法替代_post
NOTIC: 建议使用I方法替代_post
NOTIC: 建议使用I方法替代_post

[ 2014-06-17T14:23:41+08:00 ] 127.0.0.1 /activity/index.php/Index/liuyan
ERR: 非法操作:liuyan

[ 2014-06-17T14:27:22+08:00 ] 127.0.0.1 /activity/index.php/Index/liuyan
ERR: 非法操作:liuyan

[ 2014-06-17T14:27:48+08:00 ] 127.0.0.1 /activity/index.php/Index/liuyan
ERR: 非法操作:liuyan

[ 2014-06-17T14:57:25+08:00 ] 127.0.0.1 /activity/index.php/index/index/p/liuyan
INFO: [ app_begin ] --START--
INFO: ReadHtmlCache Behavior ::run [ RunTime:0.002000s ]
INFO: [ app_begin ] --END-- [ RunTime:0.003000s ]
SQL: SHOW COLUMNS FROM `huodong` [ RunTime:0.003000s ]
SQL: SELECT * FROM `huodong` LIMIT 1   [ RunTime:0.001000s ]
SQL: SHOW COLUMNS FROM `baoming` [ RunTime:0.003000s ]
SQL: SELECT COUNT(*) AS tp_count FROM `baoming` WHERE ( hd_id=1 ) LIMIT 1   [ RunTime:0.000000s ]
SQL: SELECT * FROM `baoming` WHERE ( hd_id=1 ) ORDER BY c_time LIMIT 0,15   [ RunTime:0.000000s ]
INFO: [ view_parse ] --START--
NOTIC: [8] Undefined variable: error D:\upupw\htdocs\activity\Index\Runtime\Cache\8a85ec2505939a6b24390e60f6c245f3.php 第 110 行.
INFO: ParseTemplate Behavior ::run [ RunTime:0.018001s ]
INFO: [ view_parse ] --END-- [ RunTime:0.018001s ]
INFO: [ view_filter ] --START--
INFO: ContentReplace Behavior ::run [ RunTime:0.000000s ]
INFO: TokenBuild Behavior ::run [ RunTime:0.001000s ]
INFO: WriteHtmlCache Behavior ::run [ RunTime:0.000000s ]
INFO: ShowRuntime Behavior ::run [ RunTime:0.001000s ]
INFO: [ view_filter ] --END-- [ RunTime:0.005000s ]
INFO: [ view_end ] --START--
INFO: ShowPageTrace Behavior ::run [ RunTime:0.001000s ]
INFO: [ view_end ] --END-- [ RunTime:0.002000s ]

[ 2014-06-17T14:58:31+08:00 ] 127.0.0.1 /activity/index.php/index/index/p/Index/liuyan
INFO: [ app_begin ] --START--
INFO: ReadHtmlCache Behavior ::run [ RunTime:0.001000s ]
INFO: [ app_begin ] --END-- [ RunTime:0.001000s ]
SQL: SHOW COLUMNS FROM `huodong` [ RunTime:0.003000s ]
SQL: SELECT * FROM `huodong` LIMIT 1   [ RunTime:0.000000s ]
SQL: SHOW COLUMNS FROM `baoming` [ RunTime:0.003000s ]
SQL: SELECT COUNT(*) AS tp_count FROM `baoming` WHERE ( hd_id=1 ) LIMIT 1   [ RunTime:0.001000s ]
SQL: SELECT * FROM `baoming` WHERE ( hd_id=1 ) ORDER BY c_time LIMIT 0,15   [ RunTime:0.000000s ]
INFO: [ view_parse ] --START--
NOTIC: [8] Undefined variable: error D:\upupw\htdocs\activity\Index\Runtime\Cache\8a85ec2505939a6b24390e60f6c245f3.php 第 110 行.
INFO: ParseTemplate Behavior ::run [ RunTime:0.017001s ]
INFO: [ view_parse ] --END-- [ RunTime:0.018001s ]
INFO: [ view_filter ] --START--
INFO: ContentReplace Behavior ::run [ RunTime:0.000000s ]
INFO: TokenBuild Behavior ::run [ RunTime:0.000000s ]
INFO: WriteHtmlCache Behavior ::run [ RunTime:0.000000s ]
INFO: ShowRuntime Behavior ::run [ RunTime:0.001001s ]
INFO: [ view_filter ] --END-- [ RunTime:0.004001s ]
INFO: [ view_end ] --START--
INFO: ShowPageTrace Behavior ::run [ RunTime:0.001000s ]
INFO: [ view_end ] --END-- [ RunTime:0.001000s ]

[ 2014-06-17T14:58:59+08:00 ] 127.0.0.1 /activity/index.php/index/index/Index/liuyan
INFO: [ app_begin ] --START--
INFO: ReadHtmlCache Behavior ::run [ RunTime:0.002000s ]
INFO: [ app_begin ] --END-- [ RunTime:0.002000s ]
SQL: SHOW COLUMNS FROM `huodong` [ RunTime:0.003000s ]
SQL: SELECT * FROM `huodong` LIMIT 1   [ RunTime:0.000000s ]
SQL: SHOW COLUMNS FROM `baoming` [ RunTime:0.003000s ]
SQL: SELECT COUNT(*) AS tp_count FROM `baoming` WHERE ( hd_id=1 ) LIMIT 1   [ RunTime:0.000000s ]
SQL: SELECT * FROM `baoming` WHERE ( hd_id=1 ) ORDER BY c_time LIMIT 0,15   [ RunTime:0.001000s ]
INFO: [ view_parse ] --START--
NOTIC: [8] Undefined variable: error D:\upupw\htdocs\activity\Index\Runtime\Cache\8a85ec2505939a6b24390e60f6c245f3.php 第 110 行.
INFO: ParseTemplate Behavior ::run [ RunTime:0.018001s ]
INFO: [ view_parse ] --END-- [ RunTime:0.018001s ]
INFO: [ view_filter ] --START--
INFO: ContentReplace Behavior ::run [ RunTime:0.002000s ]
INFO: TokenBuild Behavior ::run [ RunTime:0.001000s ]
INFO: WriteHtmlCache Behavior ::run [ RunTime:0.001000s ]
INFO: ShowRuntime Behavior ::run [ RunTime:0.001000s ]
INFO: [ view_filter ] --END-- [ RunTime:0.005000s ]
INFO: [ view_end ] --START--
INFO: ShowPageTrace Behavior ::run [ RunTime:0.001000s ]
INFO: [ view_end ] --END-- [ RunTime:0.001000s ]

[ 2014-06-17T15:02:16+08:00 ] 127.0.0.1 /activity/index.php/index/index/p/1.html
INFO: [ app_begin ] --START--
INFO: ReadHtmlCache Behavior ::run [ RunTime:0.002000s ]
INFO: [ app_begin ] --END-- [ RunTime:0.002000s ]
SQL: SHOW COLUMNS FROM `huodong` [ RunTime:0.003001s ]
SQL: SELECT * FROM `huodong` LIMIT 1   [ RunTime:0.000000s ]
SQL: SHOW COLUMNS FROM `baoming` [ RunTime:0.002000s ]
SQL: SELECT COUNT(*) AS tp_count FROM `baoming` WHERE ( hd_id=1 ) LIMIT 1   [ RunTime:0.001000s ]
SQL: SELECT * FROM `baoming` WHERE ( hd_id=1 ) ORDER BY c_time LIMIT 0,15   [ RunTime:0.000000s ]
INFO: [ view_parse ] --START--
NOTIC: [8] Undefined variable: error D:\upupw\htdocs\activity\Index\Runtime\Cache\8a85ec2505939a6b24390e60f6c245f3.php 第 111 行.
INFO: ParseTemplate Behavior ::run [ RunTime:0.016001s ]
INFO: [ view_parse ] --END-- [ RunTime:0.017001s ]
INFO: [ view_filter ] --START--
INFO: ContentReplace Behavior ::run [ RunTime:0.001000s ]
INFO: TokenBuild Behavior ::run [ RunTime:0.000000s ]
INFO: WriteHtmlCache Behavior ::run [ RunTime:0.000000s ]
INFO: ShowRuntime Behavior ::run [ RunTime:0.001000s ]
INFO: [ view_filter ] --END-- [ RunTime:0.003000s ]
INFO: [ view_end ] --START--
INFO: ShowPageTrace Behavior ::run [ RunTime:0.000000s ]
INFO: [ view_end ] --END-- [ RunTime:0.001000s ]

[ 2014-06-17T15:03:52+08:00 ] 127.0.0.1 /activity/index.php/Index/liuyan
INFO: [ app_begin ] --START--
INFO: ReadHtmlCache Behavior ::run [ RunTime:0.002000s ]
INFO: [ app_begin ] --END-- [ RunTime:0.002000s ]

[ 2014-06-17T15:04:11+08:00 ] 127.0.0.1 /activity/index.php/Index/liuyan
INFO: [ app_begin ] --START--
INFO: ReadHtmlCache Behavior ::run [ RunTime:0.001000s ]
INFO: [ app_begin ] --END-- [ RunTime:0.002001s ]

[ 2014-06-17T15:04:20+08:00 ] 127.0.0.1 /activity/index.php/Index/liuyan
INFO: [ app_begin ] --START--
INFO: ReadHtmlCache Behavior ::run [ RunTime:0.001000s ]
INFO: [ app_begin ] --END-- [ RunTime:0.001000s ]

[ 2014-06-17T15:15:12+08:00 ] 127.0.0.1 /activity/index.php/Index/liuyan
INFO: [ app_begin ] --START--
INFO: ReadHtmlCache Behavior ::run [ RunTime:0.002000s ]
INFO: [ app_begin ] --END-- [ RunTime:0.002000s ]
SQL: SHOW COLUMNS FROM `liuyan` [ RunTime:0.003000s ]
NOTIC: 建议使用I方法替代_post
NOTIC: 建议使用I方法替代_post
NOTIC: 建议使用I方法替代_post
SQL: INSERT INTO `liuyan` (`name`,`phone`,`liuyan`,`c_time`) VALUES ('aa','15914345140','asdasd',1402989312) [ RunTime:0.000000s ]

[ 2014-06-17T15:15:25+08:00 ] 127.0.0.1 /activity/index.php/Index/liuyan
INFO: [ app_begin ] --START--
INFO: ReadHtmlCache Behavior ::run [ RunTime:0.001001s ]
INFO: [ app_begin ] --END-- [ RunTime:0.001001s ]
SQL: SHOW COLUMNS FROM `liuyan` [ RunTime:0.004000s ]
NOTIC: 建议使用I方法替代_post
NOTIC: 建议使用I方法替代_post
NOTIC: 建议使用I方法替代_post
SQL: INSERT INTO `liuyan` (`name`,`phone`,`liuyan`,`c_time`) VALUES ('asdasd','15914345140','asdasd',1402989325) [ RunTime:0.001000s ]

[ 2014-06-17T15:16:06+08:00 ] 127.0.0.1 /activity/index.php/Index/liuyan
INFO: [ app_begin ] --START--
INFO: ReadHtmlCache Behavior ::run [ RunTime:0.001000s ]
INFO: [ app_begin ] --END-- [ RunTime:0.001000s ]
SQL: SHOW COLUMNS FROM `liuyan` [ RunTime:0.003000s ]
NOTIC: 建议使用I方法替代_post
NOTIC: 建议使用I方法替代_post
NOTIC: 建议使用I方法替代_post
SQL: INSERT INTO `liuyan` (`name`,`phone`,`liuyan`,`c_time`) VALUES ('asdasd','15914345140','asdasd',1402989366) [ RunTime:0.000000s ]

[ 2014-06-17T15:16:09+08:00 ] 127.0.0.1 /activity/index.php/Index/liuyan
INFO: [ app_begin ] --START--
INFO: ReadHtmlCache Behavior ::run [ RunTime:0.001000s ]
INFO: [ app_begin ] --END-- [ RunTime:0.001000s ]
SQL: SHOW COLUMNS FROM `liuyan` [ RunTime:0.003000s ]
NOTIC: 建议使用I方法替代_post
NOTIC: 建议使用I方法替代_post
NOTIC: 建议使用I方法替代_post
SQL: INSERT INTO `liuyan` (`name`,`phone`,`liuyan`,`c_time`) VALUES ('asdasd','15914345140','asdasd',1402989369) [ RunTime:0.000000s ]

[ 2014-06-17T15:16:15+08:00 ] 127.0.0.1 /activity/index.php/Index/liuyan
INFO: [ app_begin ] --START--
INFO: ReadHtmlCache Behavior ::run [ RunTime:0.001000s ]
INFO: [ app_begin ] --END-- [ RunTime:0.002000s ]
SQL: SHOW COLUMNS FROM `liuyan` [ RunTime:0.003000s ]
NOTIC: 建议使用I方法替代_post
NOTIC: 建议使用I方法替代_post
NOTIC: 建议使用I方法替代_post
SQL: INSERT INTO `liuyan` (`name`,`phone`,`liuyan`,`c_time`) VALUES ('asdasd','15914345140','asdasd',1402989375) [ RunTime:0.000000s ]

[ 2014-06-17T15:17:33+08:00 ] 127.0.0.1 /activity/index.php/Index/liuyan
INFO: [ app_begin ] --START--
INFO: ReadHtmlCache Behavior ::run [ RunTime:0.001000s ]
INFO: [ app_begin ] --END-- [ RunTime:0.002000s ]
SQL: SHOW COLUMNS FROM `liuyan` [ RunTime:0.003000s ]
NOTIC: 建议使用I方法替代_post
NOTIC: 建议使用I方法替代_post
NOTIC: 建议使用I方法替代_post
SQL: INSERT INTO `liuyan` (`name`,`phone`,`liuyan`,`c_time`) VALUES ('asdasd','15914345140','asdasd',1402989453) [ RunTime:0.000000s ]

[ 2014-06-17T15:19:15+08:00 ] 127.0.0.1 /activity/index.php/Index/liuyan
INFO: [ app_begin ] --START--
INFO: ReadHtmlCache Behavior ::run [ RunTime:0.001000s ]
INFO: [ app_begin ] --END-- [ RunTime:0.002000s ]
SQL: SHOW COLUMNS FROM `liuyan` [ RunTime:0.003000s ]
NOTIC: 建议使用I方法替代_post
NOTIC: 建议使用I方法替代_post
NOTIC: 建议使用I方法替代_post
SQL: INSERT INTO `liuyan` (`name`,`phone`,`liuyan`,`c_time`) VALUES ('asdasd','15914345140','asdasd',1402989555) [ RunTime:0.000000s ]

[ 2014-06-17T15:19:43+08:00 ] 127.0.0.1 /activity/index.php/Index/liuyan
INFO: [ app_begin ] --START--
INFO: ReadHtmlCache Behavior ::run [ RunTime:0.001000s ]
INFO: [ app_begin ] --END-- [ RunTime:0.002000s ]
SQL: SHOW COLUMNS FROM `liuyan` [ RunTime:0.004000s ]
NOTIC: 建议使用I方法替代_post
NOTIC: 建议使用I方法替代_post
NOTIC: 建议使用I方法替代_post
SQL: INSERT INTO `liuyan` (`name`,`phone`,`liuyan`,`c_time`) VALUES ('asdasd','15914345140','asdasd',1402989583) [ RunTime:0.000000s ]

[ 2014-06-17T15:22:55+08:00 ] 127.0.0.1 /activity/index.php/Index/liuyan
INFO: [ app_begin ] --START--
INFO: ReadHtmlCache Behavior ::run [ RunTime:0.001000s ]
INFO: [ app_begin ] --END-- [ RunTime:0.001000s ]
SQL: SHOW COLUMNS FROM `liuyan` [ RunTime:0.003000s ]
NOTIC: 建议使用I方法替代_post
NOTIC: 建议使用I方法替代_post
NOTIC: 建议使用I方法替代_post
SQL: INSERT INTO `liuyan` (`name`,`phone`,`liuyan`,`c_time`) VALUES ('admin','15914345140','asdasd',1402989775) [ RunTime:0.000000s ]

[ 2014-06-17T15:33:33+08:00 ] 127.0.0.1 /activity/index.php/Index/liuyan
INFO: [ app_begin ] --START--
INFO: ReadHtmlCache Behavior ::run [ RunTime:0.002001s ]
INFO: [ app_begin ] --END-- [ RunTime:0.002001s ]
SQL: SHOW COLUMNS FROM `liuyan` [ RunTime:0.004001s ]
NOTIC: 建议使用I方法替代_post
NOTIC: 建议使用I方法替代_post
NOTIC: 建议使用I方法替代_post
NOTIC: 建议使用I方法替代_post
SQL: INSERT INTO `liuyan` (`hd_id`,`name`,`phone`,`liuyan`,`c_time`) VALUES (1,'admin','15914345140','asdasd',1402990413) [ RunTime:0.000000s ]

[ 2014-06-17T16:19:56+08:00 ] 127.0.0.1 /activity/index.php/Index/liuyan
INFO: [ app_begin ] --START--
INFO: ReadHtmlCache Behavior ::run [ RunTime:0.001000s ]
INFO: [ app_begin ] --END-- [ RunTime:0.002000s ]
SQL: SHOW COLUMNS FROM `liuyan` [ RunTime:0.003001s ]
NOTIC: 建议使用I方法替代_post
NOTIC: 建议使用I方法替代_post
NOTIC: 建议使用I方法替代_post
NOTIC: 建议使用I方法替代_post
SQL: INSERT INTO `liuyan` (`hd_id`,`name`,`phone`,`liuyan`,`c_time`) VALUES (1,'aaa','15914345140','dasdasd',1402993196) [ RunTime:0.001000s ]

