[ 2014-06-23T07:42:34+08:00 ] 14.223.15.220 /index.php/Index/index/id/7
INFO: [ route_check ] --START--
INFO: CheckRoute Behavior ::run [ RunTime:0.000506s ]
INFO: [ route_check ] --END-- [ RunTime:0.000570s ]
INFO: [ app_begin ] --START--
INFO: ReadHtmlCache Behavior ::run [ RunTime:0.000381s ]
INFO: [ app_begin ] --END-- [ RunTime:0.000430s ]
NOTIC: 建议使用I方法替代_get
SQL: SHOW COLUMNS FROM `huodong` [ RunTime:0.000519s ]
SQL: SELECT huodong.*,user.account FROM `huodong` LEFT JOIN user ON huodong.u_id=user.id WHERE ( huodong.id=7 and huodong.status=1 ) LIMIT 1   [ RunTime:0.000200s ]
SQL: SHOW COLUMNS FROM `baoming` [ RunTime:0.000347s ]
SQL: SELECT COUNT(*) AS tp_count FROM `baoming` WHERE ( hd_id=7 ) LIMIT 1   [ RunTime:0.000051s ]
SQL: SELECT * FROM `baoming` WHERE ( hd_id=7 ) ORDER BY c_time desc LIMIT 0,15   [ RunTime:0.000053s ]
SQL: SHOW COLUMNS FROM `liuyan` [ RunTime:0.000368s ]
SQL: SELECT COUNT(*) AS tp_count FROM `liuyan` WHERE ( hd_id=7 and status=1 ) LIMIT 1   [ RunTime:0.000051s ]
SQL: SELECT liuyan.*,user.account FROM `liuyan` LEFT JOIN user ON liuyan.re_id=user.id WHERE ( hd_id=7 and liuyan.status=1 ) ORDER BY c_time desc LIMIT 0,15   [ RunTime:0.000052s ]
INFO: [ view_parse ] --START--
NOTIC: [8] Undefined variable: error /data/web/wxbosheng/public_html/Index/Runtime/Cache/8a85ec2505939a6b24390e60f6c245f3.php 第 136 行.
INFO: ParseTemplate Behavior ::run [ RunTime:0.008904s ]
INFO: [ view_parse ] --END-- [ RunTime:0.008950s ]
INFO: [ view_filter ] --START--
INFO: ContentReplace Behavior ::run [ RunTime:0.000281s ]
INFO: TokenBuild Behavior ::run [ RunTime:0.000265s ]
INFO: WriteHtmlCache Behavior ::run [ RunTime:0.000181s ]
INFO: ShowRuntime Behavior ::run [ RunTime:0.000283s ]
INFO: [ view_filter ] --END-- [ RunTime:0.001166s ]
INFO: [ view_end ] --START--
INFO: ShowPageTrace Behavior ::run [ RunTime:0.000419s ]
INFO: [ view_end ] --END-- [ RunTime:0.000463s ]

[ 2014-06-23T07:44:12+08:00 ] 14.223.15.220 /index.php/Index/index/id/7
INFO: [ route_check ] --START--
INFO: CheckRoute Behavior ::run [ RunTime:0.000600s ]
INFO: [ route_check ] --END-- [ RunTime:0.000672s ]
INFO: [ app_begin ] --START--
INFO: ReadHtmlCache Behavior ::run [ RunTime:0.000407s ]
INFO: [ app_begin ] --END-- [ RunTime:0.000459s ]
NOTIC: 建议使用I方法替代_get
SQL: SHOW COLUMNS FROM `huodong` [ RunTime:0.000501s ]
SQL: SELECT huodong.*,user.account FROM `huodong` LEFT JOIN user ON huodong.u_id=user.id WHERE ( huodong.id=7 and huodong.status=1 ) LIMIT 1   [ RunTime:0.000060s ]
SQL: SHOW COLUMNS FROM `baoming` [ RunTime:0.000369s ]
SQL: SELECT COUNT(*) AS tp_count FROM `baoming` WHERE ( hd_id=7 ) LIMIT 1   [ RunTime:0.000083s ]
SQL: SELECT * FROM `baoming` WHERE ( hd_id=7 ) ORDER BY c_time desc LIMIT 0,15   [ RunTime:0.000052s ]
SQL: SHOW COLUMNS FROM `liuyan` [ RunTime:0.000380s ]
SQL: SELECT COUNT(*) AS tp_count FROM `liuyan` WHERE ( hd_id=7 and status=1 ) LIMIT 1   [ RunTime:0.000052s ]
SQL: SELECT liuyan.*,user.account FROM `liuyan` LEFT JOIN user ON liuyan.re_id=user.id WHERE ( hd_id=7 and liuyan.status=1 ) ORDER BY c_time desc LIMIT 0,15   [ RunTime:0.000054s ]
INFO: [ view_parse ] --START--
NOTIC: [8] Undefined variable: error /data/web/wxbosheng/public_html/Index/Runtime/Cache/8a85ec2505939a6b24390e60f6c245f3.php 第 136 行.
INFO: ParseTemplate Behavior ::run [ RunTime:0.009444s ]
INFO: [ view_parse ] --END-- [ RunTime:0.009500s ]
INFO: [ view_filter ] --START--
INFO: ContentReplace Behavior ::run [ RunTime:0.000292s ]
INFO: TokenBuild Behavior ::run [ RunTime:0.000340s ]
INFO: WriteHtmlCache Behavior ::run [ RunTime:0.000190s ]
INFO: ShowRuntime Behavior ::run [ RunTime:0.000293s ]
INFO: [ view_filter ] --END-- [ RunTime:0.001243s ]
INFO: [ view_end ] --START--
INFO: ShowPageTrace Behavior ::run [ RunTime:0.000439s ]
INFO: [ view_end ] --END-- [ RunTime:0.000488s ]

[ 2014-06-23T07:44:31+08:00 ] 14.223.15.220 /index.php/Index/index/id/7
INFO: [ route_check ] --START--
INFO: CheckRoute Behavior ::run [ RunTime:0.000548s ]
INFO: [ route_check ] --END-- [ RunTime:0.000614s ]
INFO: [ app_begin ] --START--
INFO: ReadHtmlCache Behavior ::run [ RunTime:0.000385s ]
INFO: [ app_begin ] --END-- [ RunTime:0.000433s ]
NOTIC: 建议使用I方法替代_get
SQL: SHOW COLUMNS FROM `huodong` [ RunTime:0.000564s ]
SQL: SELECT huodong.*,user.account FROM `huodong` LEFT JOIN user ON huodong.u_id=user.id WHERE ( huodong.id=7 and huodong.status=1 ) LIMIT 1   [ RunTime:0.000057s ]
SQL: SHOW COLUMNS FROM `baoming` [ RunTime:0.000481s ]
SQL: SELECT COUNT(*) AS tp_count FROM `baoming` WHERE ( hd_id=7 ) LIMIT 1   [ RunTime:0.000050s ]
SQL: SELECT * FROM `baoming` WHERE ( hd_id=7 ) ORDER BY c_time desc LIMIT 0,15   [ RunTime:0.000052s ]
SQL: SHOW COLUMNS FROM `liuyan` [ RunTime:0.000363s ]
SQL: SELECT COUNT(*) AS tp_count FROM `liuyan` WHERE ( hd_id=7 and status=1 ) LIMIT 1   [ RunTime:0.000051s ]
SQL: SELECT liuyan.*,user.account FROM `liuyan` LEFT JOIN user ON liuyan.re_id=user.id WHERE ( hd_id=7 and liuyan.status=1 ) ORDER BY c_time desc LIMIT 0,15   [ RunTime:0.000051s ]
INFO: [ view_parse ] --START--
NOTIC: [8] Undefined variable: error /data/web/wxbosheng/public_html/Index/Runtime/Cache/8a85ec2505939a6b24390e60f6c245f3.php 第 136 行.
INFO: ParseTemplate Behavior ::run [ RunTime:0.013812s ]
INFO: [ view_parse ] --END-- [ RunTime:0.013863s ]
INFO: [ view_filter ] --START--
INFO: ContentReplace Behavior ::run [ RunTime:0.000307s ]
INFO: TokenBuild Behavior ::run [ RunTime:0.000266s ]
INFO: WriteHtmlCache Behavior ::run [ RunTime:0.000182s ]
INFO: ShowRuntime Behavior ::run [ RunTime:0.000310s ]
INFO: [ view_filter ] --END-- [ RunTime:0.001192s ]
INFO: [ view_end ] --START--
INFO: ShowPageTrace Behavior ::run [ RunTime:0.000387s ]
INFO: [ view_end ] --END-- [ RunTime:0.000436s ]

[ 2014-06-23T07:44:31+08:00 ] 183.60.35.78 /index.php/Index/index/id/7
INFO: [ route_check ] --START--
INFO: CheckRoute Behavior ::run [ RunTime:0.000541s ]
INFO: [ route_check ] --END-- [ RunTime:0.000603s ]
INFO: [ app_begin ] --START--
INFO: ReadHtmlCache Behavior ::run [ RunTime:0.002557s ]
INFO: [ app_begin ] --END-- [ RunTime:0.002609s ]
NOTIC: 建议使用I方法替代_get
SQL: SHOW COLUMNS FROM `huodong` [ RunTime:0.000394s ]
SQL: SELECT huodong.*,user.account FROM `huodong` LEFT JOIN user ON huodong.u_id=user.id WHERE ( huodong.id=7 and huodong.status=1 ) LIMIT 1   [ RunTime:0.000090s ]
SQL: UPDATE `huodong` SET `view`=23 WHERE ( id=7 and status=1 ) [ RunTime:0.000159s ]
SQL: SHOW COLUMNS FROM `baoming` [ RunTime:0.000334s ]
SQL: SELECT COUNT(*) AS tp_count FROM `baoming` WHERE ( hd_id=7 ) LIMIT 1   [ RunTime:0.000051s ]
SQL: SELECT * FROM `baoming` WHERE ( hd_id=7 ) ORDER BY c_time desc LIMIT 0,15   [ RunTime:0.000051s ]
SQL: SHOW COLUMNS FROM `liuyan` [ RunTime:0.000409s ]
SQL: SELECT COUNT(*) AS tp_count FROM `liuyan` WHERE ( hd_id=7 and status=1 ) LIMIT 1   [ RunTime:0.000050s ]
SQL: SELECT liuyan.*,user.account FROM `liuyan` LEFT JOIN user ON liuyan.re_id=user.id WHERE ( hd_id=7 and liuyan.status=1 ) ORDER BY c_time desc LIMIT 0,15   [ RunTime:0.000052s ]
INFO: [ view_parse ] --START--
NOTIC: [8] Undefined variable: error /data/web/wxbosheng/public_html/Index/Runtime/Cache/8a85ec2505939a6b24390e60f6c245f3.php 第 136 行.
INFO: ParseTemplate Behavior ::run [ RunTime:0.009380s ]
INFO: [ view_parse ] --END-- [ RunTime:0.009432s ]
INFO: [ view_filter ] --START--
INFO: ContentReplace Behavior ::run [ RunTime:0.000342s ]
INFO: TokenBuild Behavior ::run [ RunTime:0.000257s ]
INFO: WriteHtmlCache Behavior ::run [ RunTime:0.000180s ]
INFO: ShowRuntime Behavior ::run [ RunTime:0.000326s ]
INFO: [ view_filter ] --END-- [ RunTime:0.001235s ]
INFO: [ view_end ] --START--
INFO: ShowPageTrace Behavior ::run [ RunTime:0.000392s ]
INFO: [ view_end ] --END-- [ RunTime:0.000439s ]

[ 2014-06-23T07:45:04+08:00 ] 14.223.15.220 /index.php/Index/index/id/7
INFO: [ route_check ] --START--
INFO: CheckRoute Behavior ::run [ RunTime:0.000536s ]
INFO: [ route_check ] --END-- [ RunTime:0.000605s ]
INFO: [ app_begin ] --START--
INFO: ReadHtmlCache Behavior ::run [ RunTime:0.000376s ]
INFO: [ app_begin ] --END-- [ RunTime:0.000432s ]
NOTIC: 建议使用I方法替代_get
SQL: SHOW COLUMNS FROM `huodong` [ RunTime:0.000529s ]
SQL: SELECT huodong.*,user.account FROM `huodong` LEFT JOIN user ON huodong.u_id=user.id WHERE ( huodong.id=7 and huodong.status=1 ) LIMIT 1   [ RunTime:0.000208s ]
SQL: UPDATE `huodong` SET `view`=24 WHERE ( id=7 and status=1 ) [ RunTime:0.000140s ]
SQL: SHOW COLUMNS FROM `baoming` [ RunTime:0.000328s ]
SQL: SELECT COUNT(*) AS tp_count FROM `baoming` WHERE ( hd_id=7 ) LIMIT 1   [ RunTime:0.000053s ]
SQL: SELECT * FROM `baoming` WHERE ( hd_id=7 ) ORDER BY c_time desc LIMIT 0,15   [ RunTime:0.000052s ]
SQL: SHOW COLUMNS FROM `liuyan` [ RunTime:0.000364s ]
SQL: SELECT COUNT(*) AS tp_count FROM `liuyan` WHERE ( hd_id=7 and status=1 ) LIMIT 1   [ RunTime:0.000052s ]
SQL: SELECT liuyan.*,user.account FROM `liuyan` LEFT JOIN user ON liuyan.re_id=user.id WHERE ( hd_id=7 and liuyan.status=1 ) ORDER BY c_time desc LIMIT 0,15   [ RunTime:0.000052s ]
INFO: [ view_parse ] --START--
NOTIC: [8] Undefined variable: error /data/web/wxbosheng/public_html/Index/Runtime/Cache/8a85ec2505939a6b24390e60f6c245f3.php 第 136 行.
INFO: ParseTemplate Behavior ::run [ RunTime:0.008941s ]
INFO: [ view_parse ] --END-- [ RunTime:0.009051s ]
INFO: [ view_filter ] --START--
INFO: ContentReplace Behavior ::run [ RunTime:0.000287s ]
INFO: TokenBuild Behavior ::run [ RunTime:0.000258s ]
INFO: WriteHtmlCache Behavior ::run [ RunTime:0.000184s ]
INFO: ShowRuntime Behavior ::run [ RunTime:0.000324s ]
INFO: [ view_filter ] --END-- [ RunTime:0.001181s ]
INFO: [ view_end ] --START--
INFO: ShowPageTrace Behavior ::run [ RunTime:0.000401s ]
INFO: [ view_end ] --END-- [ RunTime:0.000446s ]

[ 2014-06-23T07:45:11+08:00 ] 14.223.15.220 /index.php/Index/index/id/7
INFO: [ route_check ] --START--
INFO: CheckRoute Behavior ::run [ RunTime:0.000548s ]
INFO: [ route_check ] --END-- [ RunTime:0.000622s ]
INFO: [ app_begin ] --START--
INFO: ReadHtmlCache Behavior ::run [ RunTime:0.000399s ]
INFO: [ app_begin ] --END-- [ RunTime:0.000450s ]
NOTIC: 建议使用I方法替代_get
SQL: SHOW COLUMNS FROM `huodong` [ RunTime:0.000520s ]
SQL: SELECT huodong.*,user.account FROM `huodong` LEFT JOIN user ON huodong.u_id=user.id WHERE ( huodong.id=7 and huodong.status=1 ) LIMIT 1   [ RunTime:0.000212s ]
SQL: SHOW COLUMNS FROM `baoming` [ RunTime:0.000374s ]
SQL: SELECT COUNT(*) AS tp_count FROM `baoming` WHERE ( hd_id=7 ) LIMIT 1   [ RunTime:0.000051s ]
SQL: SELECT * FROM `baoming` WHERE ( hd_id=7 ) ORDER BY c_time desc LIMIT 0,15   [ RunTime:0.000051s ]
SQL: SHOW COLUMNS FROM `liuyan` [ RunTime:0.000417s ]
SQL: SELECT COUNT(*) AS tp_count FROM `liuyan` WHERE ( hd_id=7 and status=1 ) LIMIT 1   [ RunTime:0.000081s ]
SQL: SELECT liuyan.*,user.account FROM `liuyan` LEFT JOIN user ON liuyan.re_id=user.id WHERE ( hd_id=7 and liuyan.status=1 ) ORDER BY c_time desc LIMIT 0,15   [ RunTime:0.000053s ]
INFO: [ view_parse ] --START--
NOTIC: [8] Undefined variable: error /data/web/wxbosheng/public_html/Index/Runtime/Cache/8a85ec2505939a6b24390e60f6c245f3.php 第 136 行.
INFO: ParseTemplate Behavior ::run [ RunTime:0.009649s ]
INFO: [ view_parse ] --END-- [ RunTime:0.009710s ]
INFO: [ view_filter ] --START--
INFO: ContentReplace Behavior ::run [ RunTime:0.000298s ]
INFO: TokenBuild Behavior ::run [ RunTime:0.000258s ]
INFO: WriteHtmlCache Behavior ::run [ RunTime:0.000216s ]
INFO: ShowRuntime Behavior ::run [ RunTime:0.000303s ]
INFO: [ view_filter ] --END-- [ RunTime:0.001204s ]
INFO: [ view_end ] --START--
INFO: ShowPageTrace Behavior ::run [ RunTime:0.000390s ]
INFO: [ view_end ] --END-- [ RunTime:0.000438s ]

[ 2014-06-23T07:45:14+08:00 ] 14.223.15.220 /index.php/Index/index/id/7
INFO: [ route_check ] --START--
INFO: CheckRoute Behavior ::run [ RunTime:0.000531s ]
INFO: [ route_check ] --END-- [ RunTime:0.000602s ]
INFO: [ app_begin ] --START--
INFO: ReadHtmlCache Behavior ::run [ RunTime:0.000354s ]
INFO: [ app_begin ] --END-- [ RunTime:0.000413s ]
NOTIC: 建议使用I方法替代_get
SQL: SHOW COLUMNS FROM `huodong` [ RunTime:0.000475s ]
SQL: SELECT huodong.*,user.account FROM `huodong` LEFT JOIN user ON huodong.u_id=user.id WHERE ( huodong.id=7 and huodong.status=1 ) LIMIT 1   [ RunTime:0.000072s ]
SQL: SHOW COLUMNS FROM `baoming` [ RunTime:0.000322s ]
SQL: SELECT COUNT(*) AS tp_count FROM `baoming` WHERE ( hd_id=7 ) LIMIT 1   [ RunTime:0.000051s ]
SQL: SELECT * FROM `baoming` WHERE ( hd_id=7 ) ORDER BY c_time desc LIMIT 0,15   [ RunTime:0.000050s ]
SQL: SHOW COLUMNS FROM `liuyan` [ RunTime:0.000412s ]
SQL: SELECT COUNT(*) AS tp_count FROM `liuyan` WHERE ( hd_id=7 and status=1 ) LIMIT 1   [ RunTime:0.000050s ]
SQL: SELECT liuyan.*,user.account FROM `liuyan` LEFT JOIN user ON liuyan.re_id=user.id WHERE ( hd_id=7 and liuyan.status=1 ) ORDER BY c_time desc LIMIT 0,15   [ RunTime:0.000060s ]
INFO: [ view_parse ] --START--
NOTIC: [8] Undefined variable: error /data/web/wxbosheng/public_html/Index/Runtime/Cache/8a85ec2505939a6b24390e60f6c245f3.php 第 136 行.
INFO: ParseTemplate Behavior ::run [ RunTime:0.009427s ]
INFO: [ view_parse ] --END-- [ RunTime:0.009488s ]
INFO: [ view_filter ] --START--
INFO: ContentReplace Behavior ::run [ RunTime:0.000324s ]
INFO: TokenBuild Behavior ::run [ RunTime:0.000254s ]
INFO: WriteHtmlCache Behavior ::run [ RunTime:0.000181s ]
INFO: ShowRuntime Behavior ::run [ RunTime:0.000315s ]
INFO: [ view_filter ] --END-- [ RunTime:0.001205s ]
INFO: [ view_end ] --START--
INFO: ShowPageTrace Behavior ::run [ RunTime:0.000391s ]
INFO: [ view_end ] --END-- [ RunTime:0.000440s ]

[ 2014-06-23T08:10:33+08:00 ] 119.147.207.158 /index.php/Index/index/id/7
INFO: [ route_check ] --START--
INFO: CheckRoute Behavior ::run [ RunTime:0.000542s ]
INFO: [ route_check ] --END-- [ RunTime:0.000612s ]
INFO: [ app_begin ] --START--
INFO: ReadHtmlCache Behavior ::run [ RunTime:0.000414s ]
INFO: [ app_begin ] --END-- [ RunTime:0.000495s ]
NOTIC: 建议使用I方法替代_get
SQL: SHOW COLUMNS FROM `huodong` [ RunTime:0.000463s ]
SQL: SELECT huodong.*,user.account FROM `huodong` LEFT JOIN user ON huodong.u_id=user.id WHERE ( huodong.id=7 and huodong.status=1 ) LIMIT 1   [ RunTime:0.000062s ]
SQL: UPDATE `huodong` SET `view`=25 WHERE ( id=7 and status=1 ) [ RunTime:0.000158s ]
SQL: SHOW COLUMNS FROM `baoming` [ RunTime:0.000321s ]
SQL: SELECT COUNT(*) AS tp_count FROM `baoming` WHERE ( hd_id=7 ) LIMIT 1   [ RunTime:0.000052s ]
SQL: SELECT * FROM `baoming` WHERE ( hd_id=7 ) ORDER BY c_time desc LIMIT 0,15   [ RunTime:0.000052s ]
SQL: SHOW COLUMNS FROM `liuyan` [ RunTime:0.000377s ]
SQL: SELECT COUNT(*) AS tp_count FROM `liuyan` WHERE ( hd_id=7 and status=1 ) LIMIT 1   [ RunTime:0.000052s ]
SQL: SELECT liuyan.*,user.account FROM `liuyan` LEFT JOIN user ON liuyan.re_id=user.id WHERE ( hd_id=7 and liuyan.status=1 ) ORDER BY c_time desc LIMIT 0,15   [ RunTime:0.000052s ]
INFO: [ view_parse ] --START--
NOTIC: [8] Undefined variable: error /data/web/wxbosheng/public_html/Index/Runtime/Cache/8a85ec2505939a6b24390e60f6c245f3.php 第 136 行.
INFO: ParseTemplate Behavior ::run [ RunTime:0.009440s ]
INFO: [ view_parse ] --END-- [ RunTime:0.009495s ]
INFO: [ view_filter ] --START--
INFO: ContentReplace Behavior ::run [ RunTime:0.000302s ]
INFO: TokenBuild Behavior ::run [ RunTime:0.000260s ]
INFO: WriteHtmlCache Behavior ::run [ RunTime:0.000194s ]
INFO: ShowRuntime Behavior ::run [ RunTime:0.000326s ]
INFO: [ view_filter ] --END-- [ RunTime:0.001210s ]
INFO: [ view_end ] --START--
INFO: ShowPageTrace Behavior ::run [ RunTime:0.000386s ]
INFO: [ view_end ] --END-- [ RunTime:0.000433s ]

[ 2014-06-23T08:10:58+08:00 ] 180.153.206.18 /index.php/Index/index/id/7
INFO: [ route_check ] --START--
INFO: CheckRoute Behavior ::run [ RunTime:0.000500s ]
INFO: [ route_check ] --END-- [ RunTime:0.000563s ]
INFO: [ app_begin ] --START--
INFO: ReadHtmlCache Behavior ::run [ RunTime:0.000344s ]
INFO: [ app_begin ] --END-- [ RunTime:0.000395s ]
NOTIC: 建议使用I方法替代_get
SQL: SHOW COLUMNS FROM `huodong` [ RunTime:0.000472s ]
SQL: SELECT huodong.*,user.account FROM `huodong` LEFT JOIN user ON huodong.u_id=user.id WHERE ( huodong.id=7 and huodong.status=1 ) LIMIT 1   [ RunTime:0.000238s ]
SQL: UPDATE `huodong` SET `view`=26 WHERE ( id=7 and status=1 ) [ RunTime:0.000135s ]
SQL: SHOW COLUMNS FROM `baoming` [ RunTime:0.000320s ]
SQL: SELECT COUNT(*) AS tp_count FROM `baoming` WHERE ( hd_id=7 ) LIMIT 1   [ RunTime:0.000052s ]
SQL: SELECT * FROM `baoming` WHERE ( hd_id=7 ) ORDER BY c_time desc LIMIT 0,15   [ RunTime:0.000052s ]
SQL: SHOW COLUMNS FROM `liuyan` [ RunTime:0.000405s ]
SQL: SELECT COUNT(*) AS tp_count FROM `liuyan` WHERE ( hd_id=7 and status=1 ) LIMIT 1   [ RunTime:0.000079s ]
SQL: SELECT liuyan.*,user.account FROM `liuyan` LEFT JOIN user ON liuyan.re_id=user.id WHERE ( hd_id=7 and liuyan.status=1 ) ORDER BY c_time desc LIMIT 0,15   [ RunTime:0.000053s ]
INFO: [ view_parse ] --START--
NOTIC: [8] Undefined variable: error /data/web/wxbosheng/public_html/Index/Runtime/Cache/8a85ec2505939a6b24390e60f6c245f3.php 第 136 行.
INFO: ParseTemplate Behavior ::run [ RunTime:0.008958s ]
INFO: [ view_parse ] --END-- [ RunTime:0.009006s ]
INFO: [ view_filter ] --START--
INFO: ContentReplace Behavior ::run [ RunTime:0.000280s ]
INFO: TokenBuild Behavior ::run [ RunTime:0.000292s ]
INFO: WriteHtmlCache Behavior ::run [ RunTime:0.000193s ]
INFO: ShowRuntime Behavior ::run [ RunTime:0.000286s ]
INFO: [ view_filter ] --END-- [ RunTime:0.001179s ]
INFO: [ view_end ] --START--
INFO: ShowPageTrace Behavior ::run [ RunTime:0.000407s ]
INFO: [ view_end ] --END-- [ RunTime:0.000452s ]

[ 2014-06-23T11:13:11+08:00 ] 120.237.14.95 /index.php/Index/index/id/7
INFO: [ route_check ] --START--
INFO: CheckRoute Behavior ::run [ RunTime:0.000506s ]
INFO: [ route_check ] --END-- [ RunTime:0.000598s ]
INFO: [ app_begin ] --START--
INFO: ReadHtmlCache Behavior ::run [ RunTime:0.000344s ]
INFO: [ app_begin ] --END-- [ RunTime:0.000393s ]
NOTIC: 建议使用I方法替代_get
SQL: SHOW COLUMNS FROM `huodong` [ RunTime:0.000493s ]
SQL: SELECT huodong.*,user.account FROM `huodong` LEFT JOIN user ON huodong.u_id=user.id WHERE ( huodong.id=7 and huodong.status=1 ) LIMIT 1   [ RunTime:0.000227s ]
SQL: SHOW COLUMNS FROM `baoming` [ RunTime:0.000313s ]
SQL: SELECT COUNT(*) AS tp_count FROM `baoming` WHERE ( hd_id=7 ) LIMIT 1   [ RunTime:0.000051s ]
SQL: SELECT * FROM `baoming` WHERE ( hd_id=7 ) ORDER BY c_time desc LIMIT 0,15   [ RunTime:0.000051s ]
SQL: SHOW COLUMNS FROM `liuyan` [ RunTime:0.000379s ]
SQL: SELECT COUNT(*) AS tp_count FROM `liuyan` WHERE ( hd_id=7 and status=1 ) LIMIT 1   [ RunTime:0.000064s ]
SQL: SELECT liuyan.*,user.account FROM `liuyan` LEFT JOIN user ON liuyan.re_id=user.id WHERE ( hd_id=7 and liuyan.status=1 ) ORDER BY c_time desc LIMIT 0,15   [ RunTime:0.000053s ]
INFO: [ view_parse ] --START--
NOTIC: [8] Undefined variable: error /data/web/wxbosheng/public_html/Index/Runtime/Cache/8a85ec2505939a6b24390e60f6c245f3.php 第 136 行.
INFO: ParseTemplate Behavior ::run [ RunTime:0.008933s ]
INFO: [ view_parse ] --END-- [ RunTime:0.008981s ]
INFO: [ view_filter ] --START--
INFO: ContentReplace Behavior ::run [ RunTime:0.000284s ]
INFO: TokenBuild Behavior ::run [ RunTime:0.000263s ]
INFO: WriteHtmlCache Behavior ::run [ RunTime:0.000185s ]
INFO: ShowRuntime Behavior ::run [ RunTime:0.000315s ]
INFO: [ view_filter ] --END-- [ RunTime:0.001171s ]
INFO: [ view_end ] --START--
INFO: ShowPageTrace Behavior ::run [ RunTime:0.000382s ]
INFO: [ view_end ] --END-- [ RunTime:0.000427s ]

[ 2014-06-23T11:13:25+08:00 ] 120.237.14.95 /index.php/Index/index/id/7
INFO: [ route_check ] --START--
INFO: CheckRoute Behavior ::run [ RunTime:0.000563s ]
INFO: [ route_check ] --END-- [ RunTime:0.000631s ]
INFO: [ app_begin ] --START--
INFO: ReadHtmlCache Behavior ::run [ RunTime:0.000385s ]
INFO: [ app_begin ] --END-- [ RunTime:0.000437s ]
NOTIC: 建议使用I方法替代_get
SQL: SHOW COLUMNS FROM `huodong` [ RunTime:0.000483s ]
SQL: SELECT huodong.*,user.account FROM `huodong` LEFT JOIN user ON huodong.u_id=user.id WHERE ( huodong.id=7 and huodong.status=1 ) LIMIT 1   [ RunTime:0.000060s ]
SQL: SHOW COLUMNS FROM `baoming` [ RunTime:0.000348s ]
SQL: SELECT COUNT(*) AS tp_count FROM `baoming` WHERE ( hd_id=7 ) LIMIT 1   [ RunTime:0.000094s ]
SQL: SELECT * FROM `baoming` WHERE ( hd_id=7 ) ORDER BY c_time desc LIMIT 0,15   [ RunTime:0.000052s ]
SQL: SHOW COLUMNS FROM `liuyan` [ RunTime:0.000377s ]
SQL: SELECT COUNT(*) AS tp_count FROM `liuyan` WHERE ( hd_id=7 and status=1 ) LIMIT 1   [ RunTime:0.000051s ]
SQL: SELECT liuyan.*,user.account FROM `liuyan` LEFT JOIN user ON liuyan.re_id=user.id WHERE ( hd_id=7 and liuyan.status=1 ) ORDER BY c_time desc LIMIT 0,15   [ RunTime:0.000052s ]
INFO: [ view_parse ] --START--
NOTIC: [8] Undefined variable: error /data/web/wxbosheng/public_html/Index/Runtime/Cache/8a85ec2505939a6b24390e60f6c245f3.php 第 136 行.
INFO: ParseTemplate Behavior ::run [ RunTime:0.009317s ]
INFO: [ view_parse ] --END-- [ RunTime:0.009398s ]
INFO: [ view_filter ] --START--
INFO: ContentReplace Behavior ::run [ RunTime:0.000297s ]
INFO: TokenBuild Behavior ::run [ RunTime:0.000284s ]
INFO: WriteHtmlCache Behavior ::run [ RunTime:0.000186s ]
INFO: ShowRuntime Behavior ::run [ RunTime:0.000287s ]
INFO: [ view_filter ] --END-- [ RunTime:0.001183s ]
INFO: [ view_end ] --START--
INFO: ShowPageTrace Behavior ::run [ RunTime:0.000419s ]
INFO: [ view_end ] --END-- [ RunTime:0.000467s ]

[ 2014-06-23T11:32:22+08:00 ] 119.147.207.158 /index.php/Index/index/id/7
INFO: [ route_check ] --START--
INFO: CheckRoute Behavior ::run [ RunTime:0.000515s ]
INFO: [ route_check ] --END-- [ RunTime:0.000578s ]
INFO: [ app_begin ] --START--
INFO: ReadHtmlCache Behavior ::run [ RunTime:0.000345s ]
INFO: [ app_begin ] --END-- [ RunTime:0.000394s ]
NOTIC: 建议使用I方法替代_get
SQL: SHOW COLUMNS FROM `huodong` [ RunTime:0.000488s ]
SQL: SELECT huodong.*,user.account FROM `huodong` LEFT JOIN user ON huodong.u_id=user.id WHERE ( huodong.id=7 and huodong.status=1 ) LIMIT 1   [ RunTime:0.000058s ]
SQL: UPDATE `huodong` SET `view`=27 WHERE ( id=7 and status=1 ) [ RunTime:0.000200s ]
SQL: SHOW COLUMNS FROM `baoming` [ RunTime:0.000317s ]
SQL: SELECT COUNT(*) AS tp_count FROM `baoming` WHERE ( hd_id=7 ) LIMIT 1   [ RunTime:0.000051s ]
SQL: SELECT * FROM `baoming` WHERE ( hd_id=7 ) ORDER BY c_time desc LIMIT 0,15   [ RunTime:0.000050s ]
SQL: SHOW COLUMNS FROM `liuyan` [ RunTime:0.000363s ]
SQL: SELECT COUNT(*) AS tp_count FROM `liuyan` WHERE ( hd_id=7 and status=1 ) LIMIT 1   [ RunTime:0.000051s ]
SQL: SELECT liuyan.*,user.account FROM `liuyan` LEFT JOIN user ON liuyan.re_id=user.id WHERE ( hd_id=7 and liuyan.status=1 ) ORDER BY c_time desc LIMIT 0,15   [ RunTime:0.000051s ]
INFO: [ view_parse ] --START--
NOTIC: [8] Undefined variable: error /data/web/wxbosheng/public_html/Index/Runtime/Cache/8a85ec2505939a6b24390e60f6c245f3.php 第 136 行.
INFO: ParseTemplate Behavior ::run [ RunTime:0.008939s ]
INFO: [ view_parse ] --END-- [ RunTime:0.008991s ]
INFO: [ view_filter ] --START--
INFO: ContentReplace Behavior ::run [ RunTime:0.000282s ]
INFO: TokenBuild Behavior ::run [ RunTime:0.000271s ]
INFO: WriteHtmlCache Behavior ::run [ RunTime:0.000181s ]
INFO: ShowRuntime Behavior ::run [ RunTime:0.000314s ]
INFO: [ view_filter ] --END-- [ RunTime:0.001174s ]
INFO: [ view_end ] --START--
INFO: ShowPageTrace Behavior ::run [ RunTime:0.000389s ]
INFO: [ view_end ] --END-- [ RunTime:0.000433s ]

